<?xml version="1.0" encoding="UTF-8"?>
<coverage generated="1768977995725" clover="3.2.0">
  <project timestamp="1768977995725" name="All files">
    <metrics statements="723" coveredstatements="541" conditionals="267" coveredconditionals="153" methods="124" coveredmethods="98" elements="1114" coveredelements="792" complexity="0" loc="723" ncloc="723" packages="10" files="26" classes="26"/>
    <package name="src">
      <metrics statements="22" coveredstatements="20" conditionals="2" coveredconditionals="1" methods="1" coveredmethods="0"/>
      <file name="app.ts" path="C:\Users\hadar\OneDrive\הדר - לימודים\פיתוח אפליקציות מתקדם\assignments\server\src\app.ts">
        <metrics statements="22" coveredstatements="20" conditionals="2" coveredconditionals="1" methods="1" coveredmethods="0"/>
        <line num="1" count="4" type="stmt"/>
        <line num="2" count="4" type="stmt"/>
        <line num="3" count="4" type="stmt"/>
        <line num="4" count="4" type="stmt"/>
        <line num="5" count="4" type="stmt"/>
        <line num="6" count="4" type="stmt"/>
        <line num="7" count="4" type="stmt"/>
        <line num="8" count="4" type="stmt"/>
        <line num="10" count="4" type="stmt"/>
        <line num="11" count="4" type="stmt"/>
        <line num="13" count="4" type="cond" truecount="1" falsecount="1"/>
        <line num="14" count="0" type="stmt"/>
        <line num="17" count="4" type="stmt"/>
        <line num="22" count="4" type="stmt"/>
        <line num="23" count="4" type="stmt"/>
        <line num="25" count="4" type="stmt"/>
        <line num="27" count="4" type="stmt"/>
        <line num="28" count="0" type="stmt"/>
        <line num="31" count="4" type="stmt"/>
        <line num="34" count="4" type="stmt"/>
        <line num="36" count="4" type="stmt"/>
        <line num="38" count="4" type="stmt"/>
      </file>
    </package>
    <package name="src.common">
      <metrics statements="2" coveredstatements="2" conditionals="0" coveredconditionals="0" methods="0" coveredmethods="0"/>
      <file name="index.ts" path="C:\Users\hadar\OneDrive\הדר - לימודים\פיתוח אפליקציות מתקדם\assignments\server\src\common\index.ts">
        <metrics statements="2" coveredstatements="2" conditionals="0" coveredconditionals="0" methods="0" coveredmethods="0"/>
        <line num="1" count="4" type="stmt"/>
        <line num="2" count="4" type="stmt"/>
      </file>
    </package>
    <package name="src.common.errors">
      <metrics statements="5" coveredstatements="5" conditionals="0" coveredconditionals="0" methods="1" coveredmethods="1"/>
      <file name="app-error.ts" path="C:\Users\hadar\OneDrive\הדר - לימודים\פיתוח אפליקציות מתקדם\assignments\server\src\common\errors\app-error.ts">
        <metrics statements="5" coveredstatements="5" conditionals="0" coveredconditionals="0" methods="1" coveredmethods="1"/>
        <line num="1" count="4" type="stmt"/>
        <line num="6" count="11" type="stmt"/>
        <line num="7" count="11" type="stmt"/>
        <line num="8" count="11" type="stmt"/>
        <line num="9" count="11" type="stmt"/>
      </file>
    </package>
    <package name="src.common.middlewares">
      <metrics statements="31" coveredstatements="15" conditionals="23" coveredconditionals="10" methods="2" coveredmethods="2"/>
      <file name="error.middleware.ts" path="C:\Users\hadar\OneDrive\הדר - לימודים\פיתוח אפליקציות מתקדם\assignments\server\src\common\middlewares\error.middleware.ts">
        <metrics statements="11" coveredstatements="9" conditionals="11" coveredconditionals="9" methods="1" coveredmethods="1"/>
        <line num="2" count="4" type="stmt"/>
        <line num="3" count="4" type="stmt"/>
        <line num="5" count="4" type="stmt"/>
        <line num="12" count="16" type="cond" truecount="1" falsecount="1"/>
        <line num="13" count="0" type="stmt"/>
        <line num="17" count="16" type="cond" truecount="1" falsecount="1"/>
        <line num="18" count="0" type="stmt"/>
        <line num="25" count="16" type="cond" truecount="2" falsecount="0"/>
        <line num="26" count="8" type="stmt"/>
        <line num="33" count="8" type="stmt"/>
        <line num="34" count="8" type="cond" truecount="3" falsecount="0"/>
      </file>
      <file name="expressAuthentication.ts" path="C:\Users\hadar\OneDrive\הדר - לימודים\פיתוח אפליקציות מתקדם\assignments\server\src\common\middlewares\expressAuthentication.ts">
        <metrics statements="20" coveredstatements="6" conditionals="12" coveredconditionals="1" methods="1" coveredmethods="1"/>
        <line num="2" count="4" type="stmt"/>
        <line num="3" count="4" type="stmt"/>
        <line num="5" count="4" type="stmt"/>
        <line num="7" count="4" type="stmt"/>
        <line num="12" count="2" type="cond" truecount="1" falsecount="1"/>
        <line num="13" count="2" type="stmt"/>
        <line num="16" count="0" type="stmt"/>
        <line num="17" count="0" type="cond" truecount="0" falsecount="2"/>
        <line num="18" count="0" type="stmt"/>
        <line num="21" count="0" type="stmt"/>
        <line num="22" count="0" type="cond" truecount="0" falsecount="2"/>
        <line num="24" count="0" type="cond" truecount="0" falsecount="2"/>
        <line num="25" count="0" type="stmt"/>
        <line num="28" count="0" type="stmt"/>
        <line num="29" count="0" type="stmt"/>
        <line num="30" count="0" type="cond" truecount="0" falsecount="2"/>
        <line num="31" count="0" type="stmt"/>
        <line num="34" count="0" type="stmt"/>
        <line num="36" count="0" type="stmt"/>
        <line num="41" count="0" type="stmt"/>
      </file>
    </package>
    <package name="src.controllers">
      <metrics statements="210" coveredstatements="147" conditionals="76" coveredconditionals="35" methods="28" coveredmethods="23"/>
      <file name="auth.tsoa.ts" path="C:\Users\hadar\OneDrive\הדר - לימודים\פיתוח אפליקציות מתקדם\assignments\server\src\controllers\auth.tsoa.ts">
        <metrics statements="52" coveredstatements="49" conditionals="19" coveredconditionals="10" methods="6" coveredmethods="6"/>
        <line num="1" count="4" type="stmt"/>
        <line num="3" count="4" type="stmt"/>
        <line num="4" count="4" type="stmt"/>
        <line num="10" count="4" type="stmt"/>
        <line num="11" count="6" type="stmt"/>
        <line num="14" count="4" type="stmt"/>
        <line num="15" count="3" type="stmt"/>
        <line num="16" count="3" type="stmt"/>
        <line num="17" count="2" type="stmt"/>
        <line num="18" count="2" type="stmt"/>
        <line num="20" count="1" type="cond" truecount="1" falsecount="2"/>
        <line num="21" count="1" type="stmt"/>
        <line num="22" count="1" type="stmt"/>
        <line num="27" count="4" type="stmt"/>
        <line num="28" count="5" type="stmt"/>
        <line num="29" count="5" type="stmt"/>
        <line num="30" count="1" type="stmt"/>
        <line num="31" count="1" type="stmt"/>
        <line num="33" count="4" type="cond" truecount="3" falsecount="0"/>
        <line num="34" count="4" type="stmt"/>
        <line num="35" count="4" type="stmt"/>
        <line num="41" count="4" type="stmt"/>
        <line num="42" count="1" type="stmt"/>
        <line num="43" count="1" type="stmt"/>
        <line num="44" count="1" type="stmt"/>
        <line num="45" count="1" type="stmt"/>
        <line num="46" count="1" type="stmt"/>
        <line num="48" count="0" type="cond" truecount="0" falsecount="3"/>
        <line num="49" count="0" type="stmt"/>
        <line num="50" count="0" type="stmt"/>
        <line num="56" count="4" type="stmt"/>
        <line num="57" count="2" type="stmt"/>
        <line num="58" count="2" type="stmt"/>
        <line num="59" count="2" type="cond" truecount="2" falsecount="0"/>
        <line num="60" count="1" type="stmt"/>
        <line num="63" count="1" type="stmt"/>
        <line num="64" count="1" type="stmt"/>
        <line num="66" count="1" type="stmt"/>
        <line num="67" count="1" type="stmt"/>
        <line num="69" count="1" type="cond" truecount="1" falsecount="2"/>
        <line num="70" count="1" type="stmt"/>
        <line num="71" count="1" type="stmt"/>
        <line num="76" count="4" type="stmt"/>
        <line num="77" count="3" type="stmt"/>
        <line num="78" count="3" type="cond" truecount="2" falsecount="0"/>
        <line num="79" count="1" type="stmt"/>
        <line num="82" count="2" type="stmt"/>
        <line num="84" count="1" type="stmt"/>
        <line num="85" count="1" type="stmt"/>
        <line num="87" count="2" type="cond" truecount="1" falsecount="2"/>
        <line num="88" count="2" type="stmt"/>
        <line num="89" count="2" type="stmt"/>
      </file>
      <file name="comments.tsoa.ts" path="C:\Users\hadar\OneDrive\הדר - לימודים\פיתוח אפליקציות מתקדם\assignments\server\src\controllers\comments.tsoa.ts">
        <metrics statements="28" coveredstatements="27" conditionals="14" coveredconditionals="10" methods="6" coveredmethods="6"/>
        <line num="1" count="4" type="stmt"/>
        <line num="13" count="4" type="stmt"/>
        <line num="14" count="4" type="stmt"/>
        <line num="19" count="4" type="stmt"/>
        <line num="20" count="6" type="cond" truecount="1" falsecount="0"/>
        <line num="21" count="6" type="stmt"/>
        <line num="26" count="4" type="stmt"/>
        <line num="27" count="1" type="cond" truecount="4" falsecount="1"/>
        <line num="28" count="0" type="stmt"/>
        <line num="31" count="1" type="stmt"/>
        <line num="32" count="1" type="stmt"/>
        <line num="33" count="1" type="stmt"/>
        <line num="37" count="4" type="stmt"/>
        <line num="38" count="2" type="stmt"/>
        <line num="39" count="2" type="cond" truecount="2" falsecount="0"/>
        <line num="40" count="1" type="stmt"/>
        <line num="44" count="4" type="stmt"/>
        <line num="45" count="1" type="cond" truecount="1" falsecount="1"/>
        <line num="46" count="1" type="stmt"/>
        <line num="50" count="4" type="stmt"/>
        <line num="54" count="1" type="stmt"/>
        <line num="55" count="1" type="cond" truecount="1" falsecount="1"/>
        <line num="56" count="1" type="stmt"/>
        <line num="60" count="4" type="stmt"/>
        <line num="61" count="1" type="stmt"/>
        <line num="62" count="1" type="cond" truecount="1" falsecount="1"/>
        <line num="63" count="1" type="stmt"/>
        <line num="64" count="1" type="stmt"/>
      </file>
      <file name="recipe.tsoa.ts" path="C:\Users\hadar\OneDrive\הדר - לימודים\פיתוח אפליקציות מתקדם\assignments\server\src\controllers\recipe.tsoa.ts">
        <metrics statements="60" coveredstatements="52" conditionals="25" coveredconditionals="14" methods="8" coveredmethods="8"/>
        <line num="1" count="4" type="stmt"/>
        <line num="2" count="4" type="stmt"/>
        <line num="3" count="4" type="stmt"/>
        <line num="8" count="4" type="stmt"/>
        <line num="9" count="13" type="stmt"/>
        <line num="12" count="4" type="stmt"/>
        <line num="13" count="2" type="stmt"/>
        <line num="14" count="2" type="stmt"/>
        <line num="15" count="2" type="cond" truecount="1" falsecount="1"/>
        <line num="16" count="0" type="stmt"/>
        <line num="17" count="0" type="stmt"/>
        <line num="19" count="2" type="stmt"/>
        <line num="20" count="2" type="stmt"/>
        <line num="21" count="2" type="stmt"/>
        <line num="23" count="0" type="cond" truecount="0" falsecount="2"/>
        <line num="24" count="0" type="stmt"/>
        <line num="29" count="4" type="stmt"/>
        <line num="30" count="3" type="stmt"/>
        <line num="31" count="3" type="stmt"/>
        <line num="32" count="3" type="cond" truecount="2" falsecount="0"/>
        <line num="33" count="2" type="stmt"/>
        <line num="35" count="1" type="stmt"/>
        <line num="37" count="2" type="cond" truecount="1" falsecount="2"/>
        <line num="38" count="2" type="stmt"/>
        <line num="39" count="2" type="stmt"/>
        <line num="44" count="4" type="stmt"/>
        <line num="52" count="2" type="stmt"/>
        <line num="53" count="2" type="stmt"/>
        <line num="54" count="2" type="stmt"/>
        <line num="56" count="0" type="stmt"/>
        <line num="57" count="0" type="stmt"/>
        <line num="62" count="4" type="stmt"/>
        <line num="63" count="1" type="stmt"/>
        <line num="64" count="1" type="stmt"/>
        <line num="66" count="0" type="cond" truecount="0" falsecount="2"/>
        <line num="67" count="0" type="stmt"/>
        <line num="72" count="4" type="stmt"/>
        <line num="73" count="2" type="stmt"/>
        <line num="74" count="2" type="cond" truecount="1" falsecount="1"/>
        <line num="75" count="2" type="stmt"/>
        <line num="76" count="2" type="cond" truecount="2" falsecount="0"/>
        <line num="77" count="1" type="stmt"/>
        <line num="79" count="1" type="stmt"/>
        <line num="81" count="1" type="cond" truecount="1" falsecount="1"/>
        <line num="82" count="1" type="stmt"/>
        <line num="87" count="4" type="stmt"/>
        <line num="88" count="2" type="stmt"/>
        <line num="89" count="2" type="stmt"/>
        <line num="90" count="2" type="cond" truecount="2" falsecount="0"/>
        <line num="91" count="1" type="stmt"/>
        <line num="93" count="1" type="stmt"/>
        <line num="94" count="1" type="stmt"/>
        <line num="96" count="1" type="cond" truecount="1" falsecount="1"/>
        <line num="97" count="1" type="stmt"/>
        <line num="102" count="4" type="stmt"/>
        <line num="106" count="1" type="cond" truecount="1" falsecount="1"/>
        <line num="108" count="1" type="cond" truecount="2" falsecount="0"/>
        <line num="109" count="1" type="stmt"/>
        <line num="111" count="1" type="stmt"/>
        <line num="112" count="1" type="stmt"/>
      </file>
      <file name="user.tsoa.ts" path="C:\Users\hadar\OneDrive\הדר - לימודים\פיתוח אפליקציות מתקדם\assignments\server\src\controllers\user.tsoa.ts">
        <metrics statements="70" coveredstatements="19" conditionals="18" coveredconditionals="1" methods="8" coveredmethods="3"/>
        <line num="1" count="4" type="stmt"/>
        <line num="3" count="4" type="stmt"/>
        <line num="4" count="4" type="stmt"/>
        <line num="8" count="4" type="stmt"/>
        <line num="9" count="2" type="stmt"/>
        <line num="12" count="4" type="stmt"/>
        <line num="15" count="0" type="stmt"/>
        <line num="16" count="0" type="stmt"/>
        <line num="17" count="0" type="stmt"/>
        <line num="18" count="0" type="stmt"/>
        <line num="20" count="0" type="cond" truecount="0" falsecount="2"/>
        <line num="21" count="0" type="stmt"/>
        <line num="22" count="0" type="stmt"/>
        <line num="27" count="0" type="stmt"/>
        <line num="28" count="0" type="stmt"/>
        <line num="33" count="4" type="stmt"/>
        <line num="34" count="1" type="stmt"/>
        <line num="35" count="1" type="stmt"/>
        <line num="37" count="0" type="cond" truecount="0" falsecount="2"/>
        <line num="38" count="0" type="stmt"/>
        <line num="39" count="0" type="stmt"/>
        <line num="44" count="0" type="stmt"/>
        <line num="45" count="0" type="stmt"/>
        <line num="50" count="4" type="stmt"/>
        <line num="53" count="1" type="stmt"/>
        <line num="54" count="1" type="stmt"/>
        <line num="56" count="1" type="cond" truecount="1" falsecount="1"/>
        <line num="57" count="0" type="stmt"/>
        <line num="58" count="0" type="stmt"/>
        <line num="63" count="1" type="stmt"/>
        <line num="64" count="1" type="stmt"/>
        <line num="69" count="4" type="stmt"/>
        <line num="73" count="0" type="stmt"/>
        <line num="74" count="0" type="stmt"/>
        <line num="76" count="0" type="cond" truecount="0" falsecount="2"/>
        <line num="77" count="0" type="stmt"/>
        <line num="78" count="0" type="stmt"/>
        <line num="83" count="0" type="stmt"/>
        <line num="84" count="0" type="stmt"/>
        <line num="89" count="4" type="stmt"/>
        <line num="93" count="0" type="stmt"/>
        <line num="94" count="0" type="stmt"/>
        <line num="96" count="0" type="cond" truecount="0" falsecount="2"/>
        <line num="97" count="0" type="stmt"/>
        <line num="98" count="0" type="stmt"/>
        <line num="103" count="0" type="stmt"/>
        <line num="104" count="0" type="stmt"/>
        <line num="109" count="4" type="stmt"/>
        <line num="113" count="0" type="stmt"/>
        <line num="114" count="0" type="cond" truecount="0" falsecount="2"/>
        <line num="115" count="0" type="stmt"/>
        <line num="118" count="0" type="cond" truecount="0" falsecount="2"/>
        <line num="119" count="0" type="stmt"/>
        <line num="121" count="0" type="stmt"/>
        <line num="123" count="0" type="stmt"/>
        <line num="125" count="0" type="cond" truecount="0" falsecount="2"/>
        <line num="126" count="0" type="stmt"/>
        <line num="127" count="0" type="stmt"/>
        <line num="132" count="0" type="stmt"/>
        <line num="133" count="0" type="stmt"/>
        <line num="138" count="4" type="stmt"/>
        <line num="141" count="0" type="stmt"/>
        <line num="142" count="0" type="stmt"/>
        <line num="143" count="0" type="stmt"/>
        <line num="144" count="0" type="stmt"/>
        <line num="146" count="0" type="cond" truecount="0" falsecount="2"/>
        <line num="147" count="0" type="stmt"/>
        <line num="148" count="0" type="stmt"/>
        <line num="153" count="0" type="stmt"/>
        <line num="154" count="0" type="stmt"/>
      </file>
    </package>
    <package name="src.modules.auth">
      <metrics statements="80" coveredstatements="61" conditionals="30" coveredconditionals="17" methods="14" coveredmethods="8"/>
      <file name="auth.service.ts" path="C:\Users\hadar\OneDrive\הדר - לימודים\פיתוח אפליקציות מתקדם\assignments\server\src\modules\auth\auth.service.ts">
        <metrics statements="53" coveredstatements="39" conditionals="29" coveredconditionals="16" methods="8" coveredmethods="5"/>
        <line num="1" count="4" type="stmt"/>
        <line num="2" count="4" type="stmt"/>
        <line num="3" count="4" type="stmt"/>
        <line num="4" count="4" type="stmt"/>
        <line num="5" count="4" type="stmt"/>
        <line num="7" count="4" type="stmt"/>
        <line num="9" count="4" type="stmt"/>
        <line num="11" count="4" type="stmt"/>
        <line num="12" count="10" type="stmt"/>
        <line num="13" count="10" type="stmt"/>
        <line num="14" count="10" type="stmt"/>
        <line num="18" count="2" type="stmt"/>
        <line num="19" count="2" type="cond" truecount="1" falsecount="1"/>
        <line num="20" count="2" type="stmt"/>
        <line num="24" count="1" type="stmt"/>
        <line num="25" count="1" type="stmt"/>
        <line num="27" count="1" type="cond" truecount="4" falsecount="1"/>
        <line num="28" count="0" type="stmt"/>
        <line num="31" count="1" type="stmt"/>
        <line num="33" count="1" type="stmt"/>
        <line num="42" count="1" type="stmt"/>
        <line num="43" count="1" type="stmt"/>
        <line num="44" count="1" type="stmt"/>
        <line num="47" count="1" type="stmt"/>
        <line num="49" count="1" type="stmt"/>
        <line num="53" count="3" type="stmt"/>
        <line num="54" count="3" type="cond" truecount="3" falsecount="1"/>
        <line num="55" count="0" type="stmt"/>
        <line num="58" count="3" type="stmt"/>
        <line num="59" count="3" type="cond" truecount="2" falsecount="0"/>
        <line num="61" count="2" type="stmt"/>
        <line num="62" count="2" type="cond" truecount="2" falsecount="0"/>
        <line num="64" count="1" type="stmt"/>
        <line num="65" count="1" type="stmt"/>
        <line num="66" count="1" type="stmt"/>
        <line num="68" count="1" type="stmt"/>
        <line num="70" count="1" type="stmt"/>
        <line num="71" count="1" type="stmt"/>
        <line num="75" count="1" type="cond" truecount="1" falsecount="1"/>
        <line num="77" count="1" type="stmt"/>
        <line num="78" count="1" type="cond" truecount="1" falsecount="1"/>
        <line num="81" count="0" type="stmt"/>
        <line num="83" count="0" type="stmt"/>
        <line num="84" count="0" type="stmt"/>
        <line num="85" count="0" type="stmt"/>
        <line num="87" count="0" type="stmt"/>
        <line num="88" count="0" type="stmt"/>
        <line num="92" count="0" type="cond" truecount="0" falsecount="2"/>
        <line num="93" count="0" type="stmt"/>
        <line num="97" count="0" type="cond" truecount="0" falsecount="2"/>
        <line num="98" count="0" type="stmt"/>
        <line num="102" count="0" type="cond" truecount="0" falsecount="2"/>
        <line num="103" count="0" type="stmt"/>
      </file>
      <file name="blacklistedToken.repo.ts" path="C:\Users\hadar\OneDrive\הדר - לימודים\פיתוח אפליקציות מתקדם\assignments\server\src\modules\auth\blacklistedToken.repo.ts">
        <metrics statements="5" coveredstatements="2" conditionals="0" coveredconditionals="0" methods="2" coveredmethods="0"/>
        <line num="1" count="4" type="stmt"/>
        <line num="3" count="4" type="stmt"/>
        <line num="5" count="0" type="stmt"/>
        <line num="13" count="0" type="stmt"/>
        <line num="14" count="0" type="stmt"/>
      </file>
      <file name="blacklistedTokens.model.ts" path="C:\Users\hadar\OneDrive\הדר - לימודים\פיתוח אפליקציות מתקדם\assignments\server\src\modules\auth\blacklistedTokens.model.ts">
        <metrics statements="5" coveredstatements="5" conditionals="0" coveredconditionals="0" methods="0" coveredmethods="0"/>
        <line num="2" count="4" type="stmt"/>
        <line num="9" count="4" type="stmt"/>
        <line num="29" count="4" type="stmt"/>
        <line num="34" count="4" type="stmt"/>
        <line num="39" count="4" type="stmt"/>
      </file>
      <file name="refreshToken.model.ts" path="C:\Users\hadar\OneDrive\הדר - לימודים\פיתוח אפליקציות מתקדם\assignments\server\src\modules\auth\refreshToken.model.ts">
        <metrics statements="3" coveredstatements="3" conditionals="0" coveredconditionals="0" methods="0" coveredmethods="0"/>
        <line num="1" count="4" type="stmt"/>
        <line num="11" count="4" type="stmt"/>
        <line num="44" count="4" type="stmt"/>
      </file>
      <file name="refreshToken.repo.ts" path="C:\Users\hadar\OneDrive\הדר - לימודים\פיתוח אפליקציות מתקדם\assignments\server\src\modules\auth\refreshToken.repo.ts">
        <metrics statements="14" coveredstatements="12" conditionals="1" coveredconditionals="1" methods="4" coveredmethods="3"/>
        <line num="1" count="4" type="stmt"/>
        <line num="2" count="4" type="stmt"/>
        <line num="4" count="4" type="stmt"/>
        <line num="7" count="3" type="stmt"/>
        <line num="11" count="2" type="stmt"/>
        <line num="12" count="2" type="stmt"/>
        <line num="14" count="2" type="stmt"/>
        <line num="15" count="2" type="stmt"/>
        <line num="17" count="2" type="stmt"/>
        <line num="24" count="2" type="stmt"/>
        <line num="28" count="1" type="stmt"/>
        <line num="30" count="1" type="stmt"/>
        <line num="38" count="0" type="stmt"/>
        <line num="40" count="0" type="stmt"/>
      </file>
    </package>
    <package name="src.modules.comments">
      <metrics statements="35" coveredstatements="34" conditionals="11" coveredconditionals="7" methods="13" coveredmethods="12"/>
      <file name="comments.dal.ts" path="C:\Users\hadar\OneDrive\הדר - לימודים\פיתוח אפליקציות מתקדם\assignments\server\src\modules\comments\comments.dal.ts">
        <metrics statements="9" coveredstatements="9" conditionals="0" coveredconditionals="0" methods="5" coveredmethods="5"/>
        <line num="1" count="4" type="stmt"/>
        <line num="2" count="4" type="stmt"/>
        <line num="4" count="4" type="stmt"/>
        <line num="6" count="1" type="stmt"/>
        <line num="7" count="1" type="stmt"/>
        <line num="11" count="2" type="stmt"/>
        <line num="15" count="1" type="stmt"/>
        <line num="19" count="1" type="stmt"/>
        <line num="23" count="1" type="stmt"/>
      </file>
      <file name="comments.mapper.ts" path="C:\Users\hadar\OneDrive\הדר - לימודים\פיתוח אפליקציות מתקדם\assignments\server\src\modules\comments\comments.mapper.ts">
        <metrics statements="2" coveredstatements="2" conditionals="4" coveredconditionals="2" methods="1" coveredmethods="1"/>
        <line num="4" count="4" type="stmt"/>
        <line num="5" count="5" type="stmt"/>
      </file>
      <file name="comments.model.ts" path="C:\Users\hadar\OneDrive\הדר - לימודים\פיתוח אפליקציות מתקדם\assignments\server\src\modules\comments\comments.model.ts">
        <metrics statements="5" coveredstatements="4" conditionals="0" coveredconditionals="0" methods="1" coveredmethods="0"/>
        <line num="1" count="4" type="stmt"/>
        <line num="11" count="4" type="stmt"/>
        <line num="15" count="0" type="stmt"/>
        <line num="19" count="4" type="stmt"/>
        <line num="20" count="4" type="stmt"/>
      </file>
      <file name="comments.service.ts" path="C:\Users\hadar\OneDrive\הדר - לימודים\פיתוח אפליקציות מתקדם\assignments\server\src\modules\comments\comments.service.ts">
        <metrics statements="19" coveredstatements="19" conditionals="7" coveredconditionals="5" methods="6" coveredmethods="6"/>
        <line num="1" count="4" type="stmt"/>
        <line num="2" count="4" type="stmt"/>
        <line num="4" count="4" type="stmt"/>
        <line num="6" count="4" type="stmt"/>
        <line num="7" count="6" type="cond" truecount="1" falsecount="0"/>
        <line num="10" count="1" type="stmt"/>
        <line num="18" count="1" type="stmt"/>
        <line num="22" count="2" type="stmt"/>
        <line num="23" count="2" type="cond" truecount="2" falsecount="0"/>
        <line num="24" count="1" type="stmt"/>
        <line num="28" count="1" type="stmt"/>
        <line num="29" count="1" type="stmt"/>
        <line num="33" count="1" type="stmt"/>
        <line num="38" count="1" type="stmt"/>
        <line num="39" count="1" type="cond" truecount="1" falsecount="1"/>
        <line num="40" count="1" type="stmt"/>
        <line num="44" count="1" type="stmt"/>
        <line num="45" count="1" type="cond" truecount="1" falsecount="1"/>
        <line num="46" count="1" type="stmt"/>
      </file>
    </package>
    <package name="src.modules.recipes">
      <metrics statements="61" coveredstatements="57" conditionals="100" coveredconditionals="74" methods="16" coveredmethods="16"/>
      <file name="recipe.mapper.ts" path="C:\Users\hadar\OneDrive\הדר - לימודים\פיתוח אפליקציות מתקדם\assignments\server\src\modules\recipes\recipe.mapper.ts">
        <metrics statements="3" coveredstatements="3" conditionals="40" coveredconditionals="27" methods="1" coveredmethods="1"/>
        <line num="3" count="4" type="stmt"/>
        <line num="5" count="6" type="cond" truecount="4" falsecount="0"/>
        <line num="10" count="6" type="stmt"/>
      </file>
      <file name="recipe.service.ts" path="C:\Users\hadar\OneDrive\הדר - לימודים\פיתוח אפליקציות מתקדם\assignments\server\src\modules\recipes\recipe.service.ts">
        <metrics statements="25" coveredstatements="23" conditionals="38" coveredconditionals="30" methods="7" coveredmethods="7"/>
        <line num="1" count="4" type="stmt"/>
        <line num="8" count="4" type="stmt"/>
        <line num="9" count="4" type="stmt"/>
        <line num="11" count="4" type="stmt"/>
        <line num="12" count="13" type="stmt"/>
        <line num="15" count="2" type="stmt"/>
        <line num="17" count="2" type="stmt"/>
        <line num="38" count="2" type="stmt"/>
        <line num="42" count="3" type="stmt"/>
        <line num="43" count="3" type="cond" truecount="2" falsecount="0"/>
        <line num="47" count="1" type="stmt"/>
        <line num="48" count="1" type="stmt"/>
        <line num="52" count="2" type="stmt"/>
        <line num="53" count="2" type="stmt"/>
        <line num="61" count="3" type="stmt"/>
        <line num="63" count="3" type="cond" truecount="2" falsecount="0"/>
        <line num="64" count="1" type="stmt"/>
        <line num="66" count="3" type="cond" truecount="1" falsecount="1"/>
        <line num="67" count="0" type="stmt"/>
        <line num="69" count="3" type="cond" truecount="1" falsecount="1"/>
        <line num="70" count="0" type="stmt"/>
        <line num="73" count="3" type="stmt"/>
        <line num="74" count="3" type="cond" truecount="2" falsecount="0"/>
        <line num="78" count="2" type="stmt"/>
        <line num="79" count="2" type="cond" truecount="2" falsecount="0"/>
      </file>
      <file name="recpies.model.ts" path="C:\Users\hadar\OneDrive\הדר - לימודים\פיתוח אפליקציות מתקדם\assignments\server\src\modules\recipes\recpies.model.ts">
        <metrics statements="10" coveredstatements="10" conditionals="0" coveredconditionals="0" methods="3" coveredmethods="3"/>
        <line num="1" count="4" type="stmt"/>
        <line num="48" count="4" type="stmt"/>
        <line num="55" count="4" type="stmt"/>
        <line num="61" count="4" type="stmt"/>
        <line num="69" count="4" type="stmt"/>
        <line num="87" count="2" type="stmt"/>
        <line num="88" count="2" type="stmt"/>
        <line num="89" count="2" type="stmt"/>
        <line num="92" count="4" type="stmt"/>
        <line num="93" count="4" type="stmt"/>
      </file>
      <file name="resipes.repo.ts" path="C:\Users\hadar\OneDrive\הדר - לימודים\פיתוח אפליקציות מתקדם\assignments\server\src\modules\recipes\resipes.repo.ts">
        <metrics statements="23" coveredstatements="21" conditionals="22" coveredconditionals="17" methods="5" coveredmethods="5"/>
        <line num="2" count="4" type="stmt"/>
        <line num="5" count="4" type="stmt"/>
        <line num="7" count="2" type="stmt"/>
        <line num="8" count="2" type="stmt"/>
        <line num="9" count="2" type="stmt"/>
        <line num="13" count="3" type="stmt"/>
        <line num="19" count="3" type="stmt"/>
        <line num="21" count="3" type="cond" truecount="1" falsecount="1"/>
        <line num="22" count="3" type="cond" truecount="2" falsecount="0"/>
        <line num="23" count="3" type="cond" truecount="2" falsecount="0"/>
        <line num="26" count="3" type="cond" truecount="2" falsecount="2"/>
        <line num="27" count="0" type="stmt"/>
        <line num="30" count="3" type="cond" truecount="2" falsecount="0"/>
        <line num="33" count="3" type="cond" truecount="1" falsecount="1"/>
        <line num="34" count="0" type="stmt"/>
        <line num="36" count="3" type="stmt"/>
        <line num="38" count="3" type="cond" truecount="2" falsecount="0"/>
        <line num="39" count="3" type="cond" truecount="2" falsecount="0"/>
        <line num="40" count="3" type="cond" truecount="2" falsecount="0"/>
        <line num="41" count="3" type="cond" truecount="1" falsecount="1"/>
        <line num="43" count="3" type="stmt"/>
        <line num="52" count="3" type="stmt"/>
        <line num="62" count="2" type="stmt"/>
      </file>
    </package>
    <package name="src.modules.users">
      <metrics statements="48" coveredstatements="31" conditionals="14" coveredconditionals="3" methods="20" coveredmethods="14"/>
      <file name="user.model.ts" path="C:\Users\hadar\OneDrive\הדר - לימודים\פיתוח אפליקציות מתקדם\assignments\server\src\modules\users\user.model.ts">
        <metrics statements="7" coveredstatements="5" conditionals="0" coveredconditionals="0" methods="2" coveredmethods="1"/>
        <line num="1" count="4" type="stmt"/>
        <line num="18" count="4" type="stmt"/>
        <line num="55" count="1" type="stmt"/>
        <line num="66" count="4" type="stmt"/>
        <line num="68" count="0" type="stmt"/>
        <line num="69" count="0" type="stmt"/>
        <line num="73" count="4" type="stmt"/>
      </file>
      <file name="user.service.ts" path="C:\Users\hadar\OneDrive\הדר - לימודים\פיתוח אפליקציות מתקדם\assignments\server\src\modules\users\user.service.ts">
        <metrics statements="31" coveredstatements="18" conditionals="14" coveredconditionals="3" methods="10" coveredmethods="7"/>
        <line num="2" count="4" type="stmt"/>
        <line num="3" count="4" type="stmt"/>
        <line num="4" count="4" type="stmt"/>
        <line num="6" count="4" type="stmt"/>
        <line num="7" count="12" type="stmt"/>
        <line num="10" count="3" type="cond" truecount="1" falsecount="1"/>
        <line num="11" count="3" type="stmt"/>
        <line num="12" count="3" type="stmt"/>
        <line num="16" count="1" type="stmt"/>
        <line num="17" count="1" type="cond" truecount="1" falsecount="1"/>
        <line num="18" count="0" type="stmt"/>
        <line num="21" count="1" type="stmt"/>
        <line num="22" count="1" type="stmt"/>
        <line num="26" count="1" type="stmt"/>
        <line num="27" count="1" type="stmt"/>
        <line num="31" count="2" type="stmt"/>
        <line num="32" count="1" type="cond" truecount="1" falsecount="1"/>
        <line num="33" count="0" type="stmt"/>
        <line num="35" count="1" type="stmt"/>
        <line num="42" count="0" type="stmt"/>
        <line num="46" count="0" type="cond" truecount="0" falsecount="2"/>
        <line num="47" count="0" type="stmt"/>
        <line num="50" count="0" type="cond" truecount="0" falsecount="2"/>
        <line num="51" count="0" type="stmt"/>
        <line num="54" count="0" type="stmt"/>
        <line num="58" count="0" type="stmt"/>
        <line num="59" count="0" type="cond" truecount="0" falsecount="2"/>
        <line num="60" count="0" type="stmt"/>
        <line num="65" count="0" type="stmt"/>
        <line num="66" count="0" type="cond" truecount="0" falsecount="2"/>
        <line num="70" count="3" type="stmt"/>
      </file>
      <file name="users.repo.ts" path="C:\Users\hadar\OneDrive\הדר - לימודים\פיתוח אפליקציות מתקדם\assignments\server\src\modules\users\users.repo.ts">
        <metrics statements="10" coveredstatements="8" conditionals="0" coveredconditionals="0" methods="8" coveredmethods="6"/>
        <line num="1" count="4" type="stmt"/>
        <line num="4" count="4" type="stmt"/>
        <line num="8" count="1" type="stmt"/>
        <line num="12" count="1" type="stmt"/>
        <line num="16" count="1" type="stmt"/>
        <line num="20" count="2" type="stmt"/>
        <line num="24" count="1" type="stmt"/>
        <line num="28" count="3" type="stmt"/>
        <line num="35" count="0" type="stmt"/>
        <line num="43" count="0" type="stmt"/>
      </file>
    </package>
    <package name="src.routes-tsoa">
      <metrics statements="229" coveredstatements="169" conditionals="11" coveredconditionals="6" methods="29" coveredmethods="22"/>
      <file name="routes.ts" path="C:\Users\hadar\OneDrive\הדר - לימודים\פיתוח אפליקציות מתקדם\assignments\server\src\routes-tsoa\routes.ts">
        <metrics statements="229" coveredstatements="169" conditionals="11" coveredconditionals="6" methods="29" coveredmethods="22"/>
        <line num="5" count="4" type="stmt"/>
        <line num="7" count="4" type="stmt"/>
        <line num="9" count="4" type="stmt"/>
        <line num="11" count="4" type="stmt"/>
        <line num="13" count="4" type="stmt"/>
        <line num="14" count="4" type="stmt"/>
        <line num="17" count="4" type="stmt"/>
        <line num="20" count="4" type="stmt"/>
        <line num="25" count="4" type="stmt"/>
        <line num="201" count="4" type="stmt"/>
        <line num="208" count="4" type="stmt"/>
        <line num="215" count="4" type="cond" truecount="2" falsecount="0"/>
        <line num="218" count="4" type="stmt"/>
        <line num="221" count="4" type="stmt"/>
        <line num="229" count="1" type="stmt"/>
        <line num="230" count="1" type="stmt"/>
        <line num="231" count="1" type="stmt"/>
        <line num="233" count="0" type="stmt"/>
        <line num="235" count="0" type="stmt"/>
        <line num="244" count="1" type="stmt"/>
        <line num="248" count="4" type="stmt"/>
        <line num="250" count="4" type="stmt"/>
        <line num="258" count="1" type="stmt"/>
        <line num="259" count="1" type="stmt"/>
        <line num="260" count="1" type="stmt"/>
        <line num="262" count="1" type="stmt"/>
        <line num="264" count="1" type="stmt"/>
        <line num="273" count="0" type="stmt"/>
        <line num="277" count="4" type="stmt"/>
        <line num="280" count="4" type="stmt"/>
        <line num="288" count="1" type="stmt"/>
        <line num="289" count="1" type="stmt"/>
        <line num="290" count="1" type="stmt"/>
        <line num="292" count="1" type="stmt"/>
        <line num="294" count="1" type="stmt"/>
        <line num="303" count="0" type="stmt"/>
        <line num="307" count="4" type="stmt"/>
        <line num="311" count="4" type="stmt"/>
        <line num="319" count="0" type="stmt"/>
        <line num="320" count="0" type="stmt"/>
        <line num="321" count="0" type="stmt"/>
        <line num="323" count="0" type="stmt"/>
        <line num="325" count="0" type="stmt"/>
        <line num="334" count="0" type="stmt"/>
        <line num="338" count="4" type="stmt"/>
        <line num="342" count="4" type="stmt"/>
        <line num="350" count="0" type="stmt"/>
        <line num="351" count="0" type="stmt"/>
        <line num="352" count="0" type="stmt"/>
        <line num="354" count="0" type="stmt"/>
        <line num="356" count="0" type="stmt"/>
        <line num="365" count="0" type="stmt"/>
        <line num="369" count="4" type="stmt"/>
        <line num="373" count="4" type="stmt"/>
        <line num="387" count="0" type="stmt"/>
        <line num="388" count="0" type="stmt"/>
        <line num="389" count="0" type="stmt"/>
        <line num="391" count="0" type="stmt"/>
        <line num="393" count="0" type="stmt"/>
        <line num="402" count="0" type="stmt"/>
        <line num="406" count="4" type="stmt"/>
        <line num="409" count="4" type="stmt"/>
        <line num="417" count="0" type="stmt"/>
        <line num="418" count="0" type="stmt"/>
        <line num="419" count="0" type="stmt"/>
        <line num="421" count="0" type="stmt"/>
        <line num="423" count="0" type="stmt"/>
        <line num="432" count="0" type="stmt"/>
        <line num="436" count="4" type="stmt"/>
        <line num="439" count="4" type="stmt"/>
        <line num="447" count="2" type="stmt"/>
        <line num="448" count="2" type="stmt"/>
        <line num="449" count="2" type="stmt"/>
        <line num="451" count="2" type="stmt"/>
        <line num="453" count="2" type="stmt"/>
        <line num="462" count="0" type="stmt"/>
        <line num="466" count="4" type="stmt"/>
        <line num="469" count="4" type="stmt"/>
        <line num="477" count="3" type="stmt"/>
        <line num="478" count="3" type="stmt"/>
        <line num="479" count="3" type="stmt"/>
        <line num="481" count="3" type="stmt"/>
        <line num="483" count="3" type="stmt"/>
        <line num="492" count="0" type="stmt"/>
        <line num="496" count="4" type="stmt"/>
        <line num="504" count="4" type="stmt"/>
        <line num="512" count="2" type="stmt"/>
        <line num="513" count="2" type="stmt"/>
        <line num="514" count="2" type="stmt"/>
        <line num="516" count="2" type="stmt"/>
        <line num="518" count="2" type="stmt"/>
        <line num="527" count="0" type="stmt"/>
        <line num="531" count="4" type="stmt"/>
        <line num="534" count="4" type="stmt"/>
        <line num="542" count="1" type="stmt"/>
        <line num="543" count="1" type="stmt"/>
        <line num="544" count="1" type="stmt"/>
        <line num="546" count="1" type="stmt"/>
        <line num="548" count="1" type="stmt"/>
        <line num="557" count="0" type="stmt"/>
        <line num="561" count="4" type="stmt"/>
        <line num="565" count="4" type="stmt"/>
        <line num="573" count="2" type="stmt"/>
        <line num="574" count="2" type="stmt"/>
        <line num="575" count="2" type="stmt"/>
        <line num="577" count="2" type="stmt"/>
        <line num="579" count="2" type="stmt"/>
        <line num="588" count="0" type="stmt"/>
        <line num="592" count="4" type="stmt"/>
        <line num="595" count="4" type="stmt"/>
        <line num="603" count="2" type="stmt"/>
        <line num="604" count="2" type="stmt"/>
        <line num="605" count="2" type="stmt"/>
        <line num="607" count="2" type="stmt"/>
        <line num="609" count="2" type="stmt"/>
        <line num="618" count="0" type="stmt"/>
        <line num="622" count="4" type="stmt"/>
        <line num="626" count="4" type="stmt"/>
        <line num="640" count="2" type="stmt"/>
        <line num="641" count="2" type="stmt"/>
        <line num="642" count="2" type="stmt"/>
        <line num="644" count="1" type="stmt"/>
        <line num="646" count="1" type="stmt"/>
        <line num="655" count="1" type="stmt"/>
        <line num="659" count="4" type="stmt"/>
        <line num="662" count="4" type="stmt"/>
        <line num="670" count="1" type="stmt"/>
        <line num="671" count="1" type="stmt"/>
        <line num="672" count="1" type="stmt"/>
        <line num="674" count="1" type="stmt"/>
        <line num="676" count="1" type="stmt"/>
        <line num="685" count="0" type="stmt"/>
        <line num="689" count="4" type="stmt"/>
        <line num="692" count="4" type="stmt"/>
        <line num="700" count="2" type="stmt"/>
        <line num="701" count="2" type="stmt"/>
        <line num="702" count="2" type="stmt"/>
        <line num="704" count="2" type="stmt"/>
        <line num="706" count="2" type="stmt"/>
        <line num="715" count="0" type="stmt"/>
        <line num="719" count="4" type="stmt"/>
        <line num="722" count="4" type="stmt"/>
        <line num="730" count="1" type="stmt"/>
        <line num="731" count="1" type="stmt"/>
        <line num="732" count="1" type="stmt"/>
        <line num="734" count="1" type="stmt"/>
        <line num="736" count="1" type="stmt"/>
        <line num="745" count="0" type="stmt"/>
        <line num="749" count="4" type="stmt"/>
        <line num="753" count="4" type="stmt"/>
        <line num="761" count="1" type="stmt"/>
        <line num="762" count="1" type="stmt"/>
        <line num="763" count="1" type="stmt"/>
        <line num="765" count="1" type="stmt"/>
        <line num="767" count="1" type="stmt"/>
        <line num="776" count="0" type="stmt"/>
        <line num="780" count="4" type="stmt"/>
        <line num="783" count="4" type="stmt"/>
        <line num="791" count="1" type="stmt"/>
        <line num="792" count="1" type="stmt"/>
        <line num="793" count="1" type="stmt"/>
        <line num="795" count="1" type="stmt"/>
        <line num="797" count="1" type="stmt"/>
        <line num="806" count="0" type="stmt"/>
        <line num="810" count="4" type="stmt"/>
        <line num="813" count="4" type="stmt"/>
        <line num="821" count="2" type="stmt"/>
        <line num="822" count="2" type="stmt"/>
        <line num="823" count="2" type="stmt"/>
        <line num="825" count="1" type="stmt"/>
        <line num="827" count="1" type="stmt"/>
        <line num="836" count="1" type="stmt"/>
        <line num="840" count="4" type="stmt"/>
        <line num="843" count="4" type="stmt"/>
        <line num="851" count="4" type="stmt"/>
        <line num="852" count="4" type="stmt"/>
        <line num="853" count="4" type="stmt"/>
        <line num="855" count="3" type="stmt"/>
        <line num="857" count="3" type="stmt"/>
        <line num="866" count="1" type="stmt"/>
        <line num="870" count="4" type="stmt"/>
        <line num="873" count="4" type="stmt"/>
        <line num="882" count="0" type="stmt"/>
        <line num="883" count="0" type="stmt"/>
        <line num="884" count="0" type="stmt"/>
        <line num="886" count="0" type="stmt"/>
        <line num="888" count="0" type="stmt"/>
        <line num="897" count="0" type="stmt"/>
        <line num="901" count="4" type="stmt"/>
        <line num="904" count="4" type="stmt"/>
        <line num="913" count="0" type="stmt"/>
        <line num="914" count="0" type="stmt"/>
        <line num="915" count="0" type="stmt"/>
        <line num="917" count="0" type="stmt"/>
        <line num="919" count="0" type="stmt"/>
        <line num="928" count="0" type="stmt"/>
        <line num="932" count="4" type="stmt"/>
        <line num="935" count="4" type="stmt"/>
        <line num="943" count="2" type="stmt"/>
        <line num="944" count="2" type="stmt"/>
        <line num="945" count="2" type="stmt"/>
        <line num="947" count="1" type="stmt"/>
        <line num="949" count="1" type="stmt"/>
        <line num="958" count="1" type="stmt"/>
        <line num="969" count="8" type="stmt"/>
        <line num="976" count="2" type="stmt"/>
        <line num="977" count="2" type="stmt"/>
        <line num="978" count="2" type="stmt"/>
        <line num="979" count="2" type="stmt"/>
        <line num="982" count="2" type="stmt"/>
        <line num="983" count="2" type="stmt"/>
        <line num="984" count="2" type="cond" truecount="1" falsecount="1"/>
        <line num="985" count="0" type="stmt"/>
        <line num="987" count="0" type="stmt"/>
        <line num="988" count="0" type="stmt"/>
        <line num="996" count="0" type="stmt"/>
        <line num="997" count="0" type="stmt"/>
        <line num="999" count="2" type="stmt"/>
        <line num="1000" count="2" type="stmt"/>
        <line num="1010" count="2" type="stmt"/>
        <line num="1011" count="2" type="stmt"/>
        <line num="1014" count="0" type="cond" truecount="0" falsecount="2"/>
        <line num="1015" count="0" type="stmt"/>
        <line num="1018" count="0" type="stmt"/>
        <line num="1022" count="2" type="stmt"/>
        <line num="1023" count="2" type="cond" truecount="2" falsecount="0"/>
        <line num="1026" count="2" type="cond" truecount="1" falsecount="1"/>
        <line num="1027" count="0" type="stmt"/>
        <line num="1029" count="2" type="stmt"/>
      </file>
    </package>
  </project>
</coverage>
