{"C:\\Users\\hadar\\OneDrive\\הדר - לימודים\\פיתוח אפליקציות מתקדם\\assignments\\server\\src\\app.ts": {"path":"C:\\Users\\hadar\\OneDrive\\הדר - לימודים\\פיתוח אפליקציות מתקדם\\assignments\\server\\src\\app.ts","statementMap":{"0":{"start":{"line":1,"column":0},"end":{"line":1,"column":30}},"1":{"start":{"line":2,"column":0},"end":{"line":2,"column":43}},"2":{"start":{"line":3,"column":0},"end":{"line":3,"column":54}},"3":{"start":{"line":4,"column":0},"end":{"line":4,"column":48}},"4":{"start":{"line":5,"column":0},"end":{"line":5,"column":43}},"5":{"start":{"line":6,"column":0},"end":{"line":6,"column":24}},"6":{"start":{"line":7,"column":0},"end":{"line":7,"column":24}},"7":{"start":{"line":8,"column":0},"end":{"line":8,"column":20}},"8":{"start":{"line":10,"column":12},"end":{"line":10,"column":21}},"9":{"start":{"line":11,"column":18},"end":{"line":11,"column":56}},"10":{"start":{"line":13,"column":0},"end":{"line":15,"column":1}},"11":{"start":{"line":14,"column":4},"end":{"line":14,"column":49}},"12":{"start":{"line":17,"column":0},"end":{"line":20,"column":4}},"13":{"start":{"line":22,"column":0},"end":{"line":22,"column":24}},"14":{"start":{"line":23,"column":0},"end":{"line":23,"column":48}},"15":{"start":{"line":25,"column":0},"end":{"line":25,"column":47}},"16":{"start":{"line":27,"column":0},"end":{"line":29,"column":3}},"17":{"start":{"line":28,"column":2},"end":{"line":28,"column":57}},"18":{"start":{"line":31,"column":0},"end":{"line":31,"column":63}},"19":{"start":{"line":34,"column":0},"end":{"line":34,"column":20}},"20":{"start":{"line":36,"column":0},"end":{"line":36,"column":25}},"21":{"start":{"line":38,"column":0},"end":{"line":38,"column":19}}},"fnMap":{"0":{"name":"(anonymous_1)","decl":{"start":{"line":27,"column":13},"end":{"line":27,"column":14}},"loc":{"start":{"line":27,"column":26},"end":{"line":29,"column":1}}}},"branchMap":{"0":{"loc":{"start":{"line":13,"column":0},"end":{"line":15,"column":1}},"type":"if","locations":[{"start":{"line":13,"column":0},"end":{"line":15,"column":1}},{"start":{},"end":{}}]}},"s":{"0":4,"1":4,"2":4,"3":4,"4":4,"5":4,"6":4,"7":4,"8":4,"9":4,"10":4,"11":0,"12":4,"13":4,"14":4,"15":4,"16":4,"17":0,"18":4,"19":4,"20":4,"21":4},"f":{"0":0},"b":{"0":[0,4]}}
,"C:\\Users\\hadar\\OneDrive\\הדר - לימודים\\פיתוח אפליקציות מתקדם\\assignments\\server\\src\\common\\index.ts": {"path":"C:\\Users\\hadar\\OneDrive\\הדר - לימודים\\פיתוח אפליקציות מתקדם\\assignments\\server\\src\\common\\index.ts","statementMap":{"0":{"start":{"line":1,"column":0},"end":{"line":1,"column":35}},"1":{"start":{"line":2,"column":0},"end":{"line":2,"column":47}}},"fnMap":{},"branchMap":{},"s":{"0":4,"1":4},"f":{},"b":{}}
,"C:\\Users\\hadar\\OneDrive\\הדר - לימודים\\פיתוח אפליקציות מתקדם\\assignments\\server\\src\\common\\errors\\app-error.ts": {"path":"C:\\Users\\hadar\\OneDrive\\הדר - לימודים\\פיתוח אפליקציות מתקדם\\assignments\\server\\src\\common\\errors\\app-error.ts","statementMap":{"0":{"start":{"line":6,"column":4},"end":{"line":6,"column":19}},"1":{"start":{"line":7,"column":4},"end":{"line":7,"column":33}},"2":{"start":{"line":8,"column":4},"end":{"line":8,"column":21}},"3":{"start":{"line":9,"column":4},"end":{"line":9,"column":52}},"4":{"start":{"line":1,"column":0},"end":{"line":1,"column":13}}},"fnMap":{"0":{"name":"(anonymous_0)","decl":{"start":{"line":5,"column":2},"end":{"line":5,"column":14}},"loc":{"start":{"line":5,"column":64},"end":{"line":10,"column":3}}}},"branchMap":{},"s":{"0":11,"1":11,"2":11,"3":11,"4":4},"f":{"0":11},"b":{}}
,"C:\\Users\\hadar\\OneDrive\\הדר - לימודים\\פיתוח אפליקציות מתקדם\\assignments\\server\\src\\common\\middlewares\\error.middleware.ts": {"path":"C:\\Users\\hadar\\OneDrive\\הדר - לימודים\\פיתוח אפליקציות מתקדם\\assignments\\server\\src\\common\\middlewares\\error.middleware.ts","statementMap":{"0":{"start":{"line":2,"column":0},"end":{"line":2,"column":37}},"1":{"start":{"line":3,"column":0},"end":{"line":3,"column":47}},"2":{"start":{"line":5,"column":31},"end":{"line":38,"column":1}},"3":{"start":{"line":12,"column":2},"end":{"line":14,"column":3}},"4":{"start":{"line":13,"column":4},"end":{"line":13,"column":61}},"5":{"start":{"line":17,"column":2},"end":{"line":22,"column":3}},"6":{"start":{"line":18,"column":4},"end":{"line":21,"column":7}},"7":{"start":{"line":25,"column":2},"end":{"line":30,"column":3}},"8":{"start":{"line":26,"column":4},"end":{"line":29,"column":7}},"9":{"start":{"line":33,"column":19},"end":{"line":33,"column":29}},"10":{"start":{"line":34,"column":2},"end":{"line":37,"column":5}},"11":{"start":{"line":5,"column":13},"end":{"line":5,"column":31}}},"fnMap":{"0":{"name":"(anonymous_0)","decl":{"start":{"line":5,"column":31},"end":{"line":5,"column":null}},"loc":{"start":{"line":10,"column":4},"end":{"line":38,"column":1}}}},"branchMap":{"0":{"loc":{"start":{"line":12,"column":2},"end":{"line":14,"column":3}},"type":"if","locations":[{"start":{"line":12,"column":2},"end":{"line":14,"column":3}},{"start":{},"end":{}}]},"1":{"loc":{"start":{"line":17,"column":2},"end":{"line":22,"column":3}},"type":"if","locations":[{"start":{"line":17,"column":2},"end":{"line":22,"column":3}},{"start":{},"end":{}}]},"2":{"loc":{"start":{"line":25,"column":2},"end":{"line":30,"column":3}},"type":"if","locations":[{"start":{"line":25,"column":2},"end":{"line":30,"column":3}},{"start":{},"end":{}}]},"3":{"loc":{"start":{"line":34,"column":20},"end":{"line":34,"column":65}},"type":"binary-expr","locations":[{"start":{"line":34,"column":20},"end":{"line":34,"column":39}},{"start":{"line":34,"column":43},"end":{"line":34,"column":58}},{"start":{"line":34,"column":62},"end":{"line":34,"column":65}}]},"4":{"loc":{"start":{"line":35,"column":13},"end":{"line":35,"column":56}},"type":"binary-expr","locations":[{"start":{"line":35,"column":13},"end":{"line":35,"column":29}},{"start":{"line":35,"column":33},"end":{"line":35,"column":56}}]}},"s":{"0":4,"1":4,"2":4,"3":16,"4":0,"5":16,"6":0,"7":16,"8":8,"9":8,"10":8,"11":4},"f":{"0":16},"b":{"0":[0,16],"1":[0,16],"2":[8,8],"3":[8,8,1],"4":[8,5]}}
,"C:\\Users\\hadar\\OneDrive\\הדר - לימודים\\פיתוח אפליקציות מתקדם\\assignments\\server\\src\\common\\middlewares\\expressAuthentication.ts": {"path":"C:\\Users\\hadar\\OneDrive\\הדר - לימודים\\פיתוח אפליקציות מתקדם\\assignments\\server\\src\\common\\middlewares\\expressAuthentication.ts","statementMap":{"0":{"start":{"line":7,"column":0},"end":{"line":7,"column":7}},"1":{"start":{"line":2,"column":0},"end":{"line":2,"column":31}},"2":{"start":{"line":3,"column":0},"end":{"line":3,"column":62}},"3":{"start":{"line":5,"column":20},"end":{"line":5,"column":37}},"4":{"start":{"line":12,"column":2},"end":{"line":14,"column":3}},"5":{"start":{"line":13,"column":4},"end":{"line":13,"column":64}},"6":{"start":{"line":16,"column":17},"end":{"line":16,"column":46}},"7":{"start":{"line":17,"column":2},"end":{"line":19,"column":3}},"8":{"start":{"line":18,"column":4},"end":{"line":18,"column":90}},"9":{"start":{"line":21,"column":16},"end":{"line":21,"column":53}},"10":{"start":{"line":22,"column":17},"end":{"line":22,"column":60}},"11":{"start":{"line":24,"column":2},"end":{"line":26,"column":3}},"12":{"start":{"line":25,"column":4},"end":{"line":25,"column":102}},"13":{"start":{"line":28,"column":2},"end":{"line":42,"column":3}},"14":{"start":{"line":29,"column":24},"end":{"line":29,"column":67}},"15":{"start":{"line":30,"column":4},"end":{"line":32,"column":5}},"16":{"start":{"line":31,"column":6},"end":{"line":31,"column":94}},"17":{"start":{"line":34,"column":20},"end":{"line":34,"column":52}},"18":{"start":{"line":36,"column":4},"end":{"line":39,"column":6}},"19":{"start":{"line":41,"column":4},"end":{"line":41,"column":92}}},"fnMap":{"0":{"name":"expressAuthentication","decl":{"start":{"line":7,"column":22},"end":{"line":7,"column":43}},"loc":{"start":{"line":10,"column":20},"end":{"line":43,"column":1}}}},"branchMap":{"0":{"loc":{"start":{"line":12,"column":2},"end":{"line":14,"column":3}},"type":"if","locations":[{"start":{"line":12,"column":2},"end":{"line":14,"column":3}},{"start":{},"end":{}}]},"1":{"loc":{"start":{"line":17,"column":2},"end":{"line":19,"column":3}},"type":"if","locations":[{"start":{"line":17,"column":2},"end":{"line":19,"column":3}},{"start":{},"end":{}}]},"2":{"loc":{"start":{"line":22,"column":17},"end":{"line":22,"column":60}},"type":"binary-expr","locations":[{"start":{"line":22,"column":17},"end":{"line":22,"column":39}},{"start":{"line":22,"column":43},"end":{"line":22,"column":60}}]},"3":{"loc":{"start":{"line":24,"column":2},"end":{"line":26,"column":3}},"type":"if","locations":[{"start":{"line":24,"column":2},"end":{"line":26,"column":3}},{"start":{},"end":{}}]},"4":{"loc":{"start":{"line":30,"column":4},"end":{"line":32,"column":5}},"type":"if","locations":[{"start":{"line":30,"column":4},"end":{"line":32,"column":5}},{"start":{},"end":{}}]},"5":{"loc":{"start":{"line":37,"column":10},"end":{"line":37,"column":35}},"type":"binary-expr","locations":[{"start":{"line":37,"column":10},"end":{"line":37,"column":21}},{"start":{"line":37,"column":25},"end":{"line":37,"column":35}}]}},"s":{"0":4,"1":4,"2":4,"3":4,"4":2,"5":2,"6":0,"7":0,"8":0,"9":0,"10":0,"11":0,"12":0,"13":0,"14":0,"15":0,"16":0,"17":0,"18":0,"19":0},"f":{"0":2},"b":{"0":[2,0],"1":[0,0],"2":[0,0],"3":[0,0],"4":[0,0],"5":[0,0]}}
,"C:\\Users\\hadar\\OneDrive\\הדר - לימודים\\פיתוח אפליקציות מתקדם\\assignments\\server\\src\\controllers\\auth.tsoa.ts": {"path":"C:\\Users\\hadar\\OneDrive\\הדר - לימודים\\פיתוח אפליקציות מתקדם\\assignments\\server\\src\\controllers\\auth.tsoa.ts","statementMap":{"0":{"start":{"line":1,"column":0},"end":{"line":1,"column":83}},"1":{"start":{"line":3,"column":0},"end":{"line":3,"column":37}},"2":{"start":{"line":4,"column":0},"end":{"line":4,"column":59}},"3":{"start":{"line":10,"column":7},"end":{"line":92,"column":null}},"4":{"start":{"line":11,"column":21},"end":{"line":11,"column":62}},"5":{"start":{"line":15,"column":8},"end":{"line":23,"column":9}},"6":{"start":{"line":16,"column":27},"end":{"line":16,"column":60}},"7":{"start":{"line":17,"column":12},"end":{"line":17,"column":32}},"8":{"start":{"line":18,"column":12},"end":{"line":18,"column":26}},"9":{"start":{"line":20,"column":27},"end":{"line":20,"column":62}},"10":{"start":{"line":21,"column":12},"end":{"line":21,"column":35}},"11":{"start":{"line":22,"column":12},"end":{"line":22,"column":22}},"12":{"start":{"line":28,"column":8},"end":{"line":36,"column":9}},"13":{"start":{"line":29,"column":27},"end":{"line":29,"column":57}},"14":{"start":{"line":30,"column":12},"end":{"line":30,"column":32}},"15":{"start":{"line":31,"column":12},"end":{"line":31,"column":26}},"16":{"start":{"line":33,"column":27},"end":{"line":33,"column":62}},"17":{"start":{"line":34,"column":12},"end":{"line":34,"column":35}},"18":{"start":{"line":35,"column":12},"end":{"line":35,"column":22}},"19":{"start":{"line":42,"column":8},"end":{"line":51,"column":9}},"20":{"start":{"line":43,"column":27},"end":{"line":43,"column":43}},"21":{"start":{"line":44,"column":25},"end":{"line":44,"column":54}},"22":{"start":{"line":45,"column":12},"end":{"line":45,"column":32}},"23":{"start":{"line":46,"column":12},"end":{"line":46,"column":24}},"24":{"start":{"line":48,"column":27},"end":{"line":48,"column":62}},"25":{"start":{"line":49,"column":12},"end":{"line":49,"column":35}},"26":{"start":{"line":50,"column":12},"end":{"line":50,"column":22}},"27":{"start":{"line":57,"column":8},"end":{"line":72,"column":9}},"28":{"start":{"line":58,"column":27},"end":{"line":58,"column":53}},"29":{"start":{"line":59,"column":12},"end":{"line":61,"column":13}},"30":{"start":{"line":60,"column":16},"end":{"line":60,"column":72}},"31":{"start":{"line":63,"column":26},"end":{"line":63,"column":63}},"32":{"start":{"line":64,"column":12},"end":{"line":64,"column":45}},"33":{"start":{"line":66,"column":12},"end":{"line":66,"column":32}},"34":{"start":{"line":67,"column":12},"end":{"line":67,"column":58}},"35":{"start":{"line":69,"column":27},"end":{"line":69,"column":62}},"36":{"start":{"line":70,"column":12},"end":{"line":70,"column":35}},"37":{"start":{"line":71,"column":12},"end":{"line":71,"column":22}},"38":{"start":{"line":77,"column":8},"end":{"line":90,"column":9}},"39":{"start":{"line":78,"column":12},"end":{"line":80,"column":13}},"40":{"start":{"line":79,"column":16},"end":{"line":79,"column":69}},"41":{"start":{"line":82,"column":27},"end":{"line":82,"column":72}},"42":{"start":{"line":84,"column":12},"end":{"line":84,"column":32}},"43":{"start":{"line":85,"column":12},"end":{"line":85,"column":26}},"44":{"start":{"line":87,"column":27},"end":{"line":87,"column":62}},"45":{"start":{"line":88,"column":12},"end":{"line":88,"column":35}},"46":{"start":{"line":89,"column":12},"end":{"line":89,"column":22}},"47":{"start":{"line":10,"column":13},"end":{"line":10,"column":27}},"48":{"start":{"line":14,"column":17},"end":{"line":24,"column":null}},"49":{"start":{"line":27,"column":17},"end":{"line":37,"column":null}},"50":{"start":{"line":41,"column":17},"end":{"line":52,"column":null}},"51":{"start":{"line":56,"column":17},"end":{"line":73,"column":null}},"52":{"start":{"line":76,"column":17},"end":{"line":91,"column":null}},"53":{"start":{"line":10,"column":13},"end":{"line":92,"column":null}}},"fnMap":{"0":{"name":"(anonymous_4)","decl":{"start":{"line":10,"column":7},"end":{"line":10,"column":13}},"loc":{"start":{"line":10,"column":7},"end":{"line":92,"column":1}}},"1":{"name":"(anonymous_5)","decl":{"start":{"line":14,"column":17},"end":{"line":14,"column":25}},"loc":{"start":{"line":14,"column":51},"end":{"line":24,"column":5}}},"2":{"name":"(anonymous_6)","decl":{"start":{"line":27,"column":17},"end":{"line":27,"column":22}},"loc":{"start":{"line":27,"column":45},"end":{"line":37,"column":5}}},"3":{"name":"(anonymous_7)","decl":{"start":{"line":41,"column":17},"end":{"line":41,"column":19}},"loc":{"start":{"line":41,"column":39},"end":{"line":52,"column":5}}},"4":{"name":"(anonymous_8)","decl":{"start":{"line":56,"column":17},"end":{"line":56,"column":23}},"loc":{"start":{"line":56,"column":43},"end":{"line":73,"column":5}}},"5":{"name":"(anonymous_9)","decl":{"start":{"line":76,"column":17},"end":{"line":76,"column":24}},"loc":{"start":{"line":76,"column":63},"end":{"line":91,"column":5}}}},"branchMap":{"0":{"loc":{"start":{"line":20,"column":27},"end":{"line":20,"column":62}},"type":"binary-expr","locations":[{"start":{"line":20,"column":27},"end":{"line":20,"column":41}},{"start":{"line":20,"column":45},"end":{"line":20,"column":55}},{"start":{"line":20,"column":59},"end":{"line":20,"column":62}}]},"1":{"loc":{"start":{"line":33,"column":27},"end":{"line":33,"column":62}},"type":"binary-expr","locations":[{"start":{"line":33,"column":27},"end":{"line":33,"column":41}},{"start":{"line":33,"column":45},"end":{"line":33,"column":55}},{"start":{"line":33,"column":59},"end":{"line":33,"column":62}}]},"2":{"loc":{"start":{"line":48,"column":27},"end":{"line":48,"column":62}},"type":"binary-expr","locations":[{"start":{"line":48,"column":27},"end":{"line":48,"column":41}},{"start":{"line":48,"column":45},"end":{"line":48,"column":55}},{"start":{"line":48,"column":59},"end":{"line":48,"column":62}}]},"3":{"loc":{"start":{"line":59,"column":12},"end":{"line":61,"column":13}},"type":"if","locations":[{"start":{"line":59,"column":12},"end":{"line":61,"column":13}},{"start":{},"end":{}}]},"4":{"loc":{"start":{"line":69,"column":27},"end":{"line":69,"column":62}},"type":"binary-expr","locations":[{"start":{"line":69,"column":27},"end":{"line":69,"column":41}},{"start":{"line":69,"column":45},"end":{"line":69,"column":55}},{"start":{"line":69,"column":59},"end":{"line":69,"column":62}}]},"5":{"loc":{"start":{"line":78,"column":12},"end":{"line":80,"column":13}},"type":"if","locations":[{"start":{"line":78,"column":12},"end":{"line":80,"column":13}},{"start":{},"end":{}}]},"6":{"loc":{"start":{"line":87,"column":27},"end":{"line":87,"column":62}},"type":"binary-expr","locations":[{"start":{"line":87,"column":27},"end":{"line":87,"column":41}},{"start":{"line":87,"column":45},"end":{"line":87,"column":55}},{"start":{"line":87,"column":59},"end":{"line":87,"column":62}}]}},"s":{"0":4,"1":4,"2":4,"3":4,"4":6,"5":3,"6":3,"7":2,"8":2,"9":1,"10":1,"11":1,"12":5,"13":5,"14":1,"15":1,"16":4,"17":4,"18":4,"19":1,"20":1,"21":1,"22":1,"23":1,"24":0,"25":0,"26":0,"27":2,"28":2,"29":2,"30":1,"31":1,"32":1,"33":1,"34":1,"35":1,"36":1,"37":1,"38":3,"39":3,"40":1,"41":2,"42":1,"43":1,"44":2,"45":2,"46":2,"47":4,"48":4,"49":4,"50":4,"51":4,"52":4,"53":4},"f":{"0":6,"1":3,"2":5,"3":1,"4":2,"5":3},"b":{"0":[1,0,0],"1":[4,2,1],"2":[0,0,0],"3":[1,1],"4":[1,0,0],"5":[1,2],"6":[2,0,0]}}
,"C:\\Users\\hadar\\OneDrive\\הדר - לימודים\\פיתוח אפליקציות מתקדם\\assignments\\server\\src\\controllers\\comments.tsoa.ts": {"path":"C:\\Users\\hadar\\OneDrive\\הדר - לימודים\\פיתוח אפליקציות מתקדם\\assignments\\server\\src\\controllers\\comments.tsoa.ts","statementMap":{"0":{"start":{"line":1,"column":0},"end":{"line":1,"column":null}},"1":{"start":{"line":13,"column":0},"end":{"line":13,"column":71}},"2":{"start":{"line":14,"column":0},"end":{"line":14,"column":37}},"3":{"start":{"line":19,"column":7},"end":{"line":66,"column":null}},"4":{"start":{"line":21,"column":4},"end":{"line":21,"column":12}},"5":{"start":{"line":20,"column":31},"end":{"line":20,"column":40}},"6":{"start":{"line":27,"column":4},"end":{"line":29,"column":5}},"7":{"start":{"line":28,"column":6},"end":{"line":28,"column":79}},"8":{"start":{"line":31,"column":20},"end":{"line":31,"column":59}},"9":{"start":{"line":32,"column":4},"end":{"line":32,"column":24}},"10":{"start":{"line":33,"column":4},"end":{"line":33,"column":19}},"11":{"start":{"line":38,"column":20},"end":{"line":38,"column":64}},"12":{"start":{"line":39,"column":4},"end":{"line":39,"column":63}},"13":{"start":{"line":39,"column":18},"end":{"line":39,"column":63}},"14":{"start":{"line":40,"column":4},"end":{"line":40,"column":19}},"15":{"start":{"line":45,"column":4},"end":{"line":45,"column":67}},"16":{"start":{"line":45,"column":19},"end":{"line":45,"column":67}},"17":{"start":{"line":46,"column":4},"end":{"line":46,"column":54}},"18":{"start":{"line":54,"column":20},"end":{"line":54,"column":70}},"19":{"start":{"line":55,"column":4},"end":{"line":55,"column":63}},"20":{"start":{"line":55,"column":18},"end":{"line":55,"column":63}},"21":{"start":{"line":56,"column":4},"end":{"line":56,"column":19}},"22":{"start":{"line":61,"column":20},"end":{"line":61,"column":63}},"23":{"start":{"line":62,"column":4},"end":{"line":62,"column":63}},"24":{"start":{"line":62,"column":18},"end":{"line":62,"column":63}},"25":{"start":{"line":63,"column":4},"end":{"line":63,"column":24}},"26":{"start":{"line":64,"column":4},"end":{"line":64,"column":11}},"27":{"start":{"line":19,"column":13},"end":{"line":19,"column":31}},"28":{"start":{"line":26,"column":15},"end":{"line":34,"column":null}},"29":{"start":{"line":37,"column":15},"end":{"line":41,"column":null}},"30":{"start":{"line":44,"column":15},"end":{"line":47,"column":null}},"31":{"start":{"line":50,"column":15},"end":{"line":57,"column":null}},"32":{"start":{"line":60,"column":15},"end":{"line":65,"column":null}},"33":{"start":{"line":19,"column":13},"end":{"line":66,"column":null}}},"fnMap":{"0":{"name":"(anonymous_4)","decl":{"start":{"line":20,"column":2},"end":{"line":20,"column":31}},"loc":{"start":{"line":20,"column":79},"end":{"line":22,"column":3}}},"1":{"name":"(anonymous_5)","decl":{"start":{"line":26,"column":15},"end":{"line":26,"column":28}},"loc":{"start":{"line":26,"column":64},"end":{"line":34,"column":3}}},"2":{"name":"(anonymous_6)","decl":{"start":{"line":37,"column":15},"end":{"line":37,"column":29}},"loc":{"start":{"line":37,"column":55},"end":{"line":41,"column":3}}},"3":{"name":"(anonymous_7)","decl":{"start":{"line":44,"column":15},"end":{"line":44,"column":34}},"loc":{"start":{"line":44,"column":59},"end":{"line":47,"column":3}}},"4":{"name":"(anonymous_8)","decl":{"start":{"line":50,"column":15},"end":{"line":50,"column":28}},"loc":{"start":{"line":52,"column":35},"end":{"line":57,"column":3}}},"5":{"name":"(anonymous_9)","decl":{"start":{"line":60,"column":15},"end":{"line":60,"column":28}},"loc":{"start":{"line":60,"column":54},"end":{"line":65,"column":3}}}},"branchMap":{"0":{"loc":{"start":{"line":20,"column":31},"end":{"line":20,"column":79}},"type":"default-arg","locations":[{"start":{"line":20,"column":58},"end":{"line":20,"column":79}}]},"1":{"loc":{"start":{"line":27,"column":4},"end":{"line":29,"column":5}},"type":"if","locations":[{"start":{"line":27,"column":4},"end":{"line":29,"column":5}},{"start":{},"end":{}}]},"2":{"loc":{"start":{"line":27,"column":8},"end":{"line":27,"column":61}},"type":"binary-expr","locations":[{"start":{"line":27,"column":8},"end":{"line":27,"column":23}},{"start":{"line":27,"column":27},"end":{"line":27,"column":43}},{"start":{"line":27,"column":47},"end":{"line":27,"column":61}}]},"3":{"loc":{"start":{"line":39,"column":4},"end":{"line":39,"column":63}},"type":"if","locations":[{"start":{"line":39,"column":4},"end":{"line":39,"column":63}},{"start":{},"end":{}}]},"4":{"loc":{"start":{"line":45,"column":4},"end":{"line":45,"column":67}},"type":"if","locations":[{"start":{"line":45,"column":4},"end":{"line":45,"column":67}},{"start":{},"end":{}}]},"5":{"loc":{"start":{"line":55,"column":4},"end":{"line":55,"column":63}},"type":"if","locations":[{"start":{"line":55,"column":4},"end":{"line":55,"column":63}},{"start":{},"end":{}}]},"6":{"loc":{"start":{"line":62,"column":4},"end":{"line":62,"column":63}},"type":"if","locations":[{"start":{"line":62,"column":4},"end":{"line":62,"column":63}},{"start":{},"end":{}}]}},"s":{"0":4,"1":4,"2":4,"3":4,"4":6,"5":6,"6":1,"7":0,"8":1,"9":1,"10":1,"11":2,"12":2,"13":1,"14":1,"15":1,"16":0,"17":1,"18":1,"19":1,"20":0,"21":1,"22":1,"23":1,"24":0,"25":1,"26":1,"27":4,"28":4,"29":4,"30":4,"31":4,"32":4,"33":4},"f":{"0":6,"1":1,"2":2,"3":1,"4":1,"5":1},"b":{"0":[6],"1":[0,1],"2":[1,1,1],"3":[1,1],"4":[0,1],"5":[0,1],"6":[0,1]}}
,"C:\\Users\\hadar\\OneDrive\\הדר - לימודים\\פיתוח אפליקציות מתקדם\\assignments\\server\\src\\controllers\\recipe.tsoa.ts": {"path":"C:\\Users\\hadar\\OneDrive\\הדר - לימודים\\פיתוח אפליקציות מתקדם\\assignments\\server\\src\\controllers\\recipe.tsoa.ts","statementMap":{"0":{"start":{"line":1,"column":0},"end":{"line":1,"column":104}},"1":{"start":{"line":2,"column":0},"end":{"line":2,"column":66}},"2":{"start":{"line":3,"column":0},"end":{"line":3,"column":37}},"3":{"start":{"line":8,"column":7},"end":{"line":114,"column":null}},"4":{"start":{"line":9,"column":21},"end":{"line":9,"column":66}},"5":{"start":{"line":13,"column":8},"end":{"line":25,"column":9}},"6":{"start":{"line":14,"column":27},"end":{"line":14,"column":41}},"7":{"start":{"line":15,"column":12},"end":{"line":18,"column":13}},"8":{"start":{"line":16,"column":16},"end":{"line":16,"column":36}},"9":{"start":{"line":17,"column":16},"end":{"line":17,"column":65}},"10":{"start":{"line":19,"column":27},"end":{"line":19,"column":72}},"11":{"start":{"line":20,"column":12},"end":{"line":20,"column":32}},"12":{"start":{"line":21,"column":12},"end":{"line":21,"column":26}},"13":{"start":{"line":23,"column":12},"end":{"line":23,"column":50}},"14":{"start":{"line":24,"column":12},"end":{"line":24,"column":22}},"15":{"start":{"line":30,"column":8},"end":{"line":40,"column":9}},"16":{"start":{"line":31,"column":27},"end":{"line":31,"column":63}},"17":{"start":{"line":32,"column":12},"end":{"line":34,"column":13}},"18":{"start":{"line":33,"column":16},"end":{"line":33,"column":60}},"19":{"start":{"line":35,"column":12},"end":{"line":35,"column":26}},"20":{"start":{"line":37,"column":27},"end":{"line":37,"column":62}},"21":{"start":{"line":38,"column":12},"end":{"line":38,"column":35}},"22":{"start":{"line":39,"column":12},"end":{"line":39,"column":22}},"23":{"start":{"line":52,"column":8},"end":{"line":58,"column":9}},"24":{"start":{"line":53,"column":44},"end":{"line":53,"column":101}},"25":{"start":{"line":54,"column":12},"end":{"line":54,"column":58}},"26":{"start":{"line":56,"column":12},"end":{"line":56,"column":32}},"27":{"start":{"line":57,"column":12},"end":{"line":57,"column":22}},"28":{"start":{"line":63,"column":8},"end":{"line":68,"column":9}},"29":{"start":{"line":64,"column":12},"end":{"line":64,"column":65}},"30":{"start":{"line":66,"column":12},"end":{"line":66,"column":50}},"31":{"start":{"line":67,"column":12},"end":{"line":67,"column":22}},"32":{"start":{"line":73,"column":8},"end":{"line":83,"column":9}},"33":{"start":{"line":74,"column":27},"end":{"line":74,"column":47}},"34":{"start":{"line":75,"column":27},"end":{"line":75,"column":76}},"35":{"start":{"line":76,"column":12},"end":{"line":78,"column":13}},"36":{"start":{"line":77,"column":16},"end":{"line":77,"column":60}},"37":{"start":{"line":79,"column":12},"end":{"line":79,"column":26}},"38":{"start":{"line":81,"column":12},"end":{"line":81,"column":50}},"39":{"start":{"line":82,"column":12},"end":{"line":82,"column":22}},"40":{"start":{"line":88,"column":8},"end":{"line":98,"column":9}},"41":{"start":{"line":89,"column":27},"end":{"line":89,"column":62}},"42":{"start":{"line":90,"column":12},"end":{"line":92,"column":13}},"43":{"start":{"line":91,"column":16},"end":{"line":91,"column":60}},"44":{"start":{"line":93,"column":12},"end":{"line":93,"column":32}},"45":{"start":{"line":94,"column":12},"end":{"line":94,"column":19}},"46":{"start":{"line":96,"column":12},"end":{"line":96,"column":50}},"47":{"start":{"line":97,"column":12},"end":{"line":97,"column":22}},"48":{"start":{"line":106,"column":8},"end":{"line":106,"column":63}},"49":{"start":{"line":106,"column":19},"end":{"line":106,"column":63}},"50":{"start":{"line":108,"column":25},"end":{"line":108,"column":59}},"51":{"start":{"line":109,"column":25},"end":{"line":109,"column":47}},"52":{"start":{"line":111,"column":8},"end":{"line":111,"column":77}},"53":{"start":{"line":112,"column":8},"end":{"line":112,"column":33}},"54":{"start":{"line":8,"column":13},"end":{"line":8,"column":29}},"55":{"start":{"line":12,"column":17},"end":{"line":26,"column":null}},"56":{"start":{"line":29,"column":17},"end":{"line":41,"column":null}},"57":{"start":{"line":44,"column":17},"end":{"line":59,"column":null}},"58":{"start":{"line":62,"column":17},"end":{"line":69,"column":null}},"59":{"start":{"line":72,"column":17},"end":{"line":84,"column":null}},"60":{"start":{"line":87,"column":17},"end":{"line":99,"column":null}},"61":{"start":{"line":102,"column":17},"end":{"line":113,"column":null}},"62":{"start":{"line":8,"column":13},"end":{"line":114,"column":null}}},"fnMap":{"0":{"name":"(anonymous_4)","decl":{"start":{"line":8,"column":7},"end":{"line":8,"column":13}},"loc":{"start":{"line":8,"column":7},"end":{"line":114,"column":1}}},"1":{"name":"(anonymous_5)","decl":{"start":{"line":12,"column":17},"end":{"line":12,"column":29}},"loc":{"start":{"line":12,"column":53},"end":{"line":26,"column":5}}},"2":{"name":"(anonymous_6)","decl":{"start":{"line":29,"column":17},"end":{"line":29,"column":30}},"loc":{"start":{"line":29,"column":49},"end":{"line":41,"column":5}}},"3":{"name":"(anonymous_7)","decl":{"start":{"line":44,"column":17},"end":{"line":44,"column":27}},"loc":{"start":{"line":50,"column":31},"end":{"line":59,"column":5}}},"4":{"name":"(anonymous_8)","decl":{"start":{"line":62,"column":17},"end":{"line":62,"column":33}},"loc":{"start":{"line":62,"column":56},"end":{"line":69,"column":5}}},"5":{"name":"(anonymous_9)","decl":{"start":{"line":72,"column":17},"end":{"line":72,"column":29}},"loc":{"start":{"line":72,"column":82},"end":{"line":84,"column":5}}},"6":{"name":"(anonymous_10)","decl":{"start":{"line":87,"column":17},"end":{"line":87,"column":29}},"loc":{"start":{"line":87,"column":48},"end":{"line":99,"column":5}}},"7":{"name":"(anonymous_11)","decl":{"start":{"line":102,"column":17},"end":{"line":102,"column":28}},"loc":{"start":{"line":104,"column":49},"end":{"line":113,"column":5}}}},"branchMap":{"0":{"loc":{"start":{"line":15,"column":12},"end":{"line":18,"column":13}},"type":"if","locations":[{"start":{"line":15,"column":12},"end":{"line":18,"column":13}},{"start":{},"end":{}}]},"1":{"loc":{"start":{"line":23,"column":27},"end":{"line":23,"column":48}},"type":"binary-expr","locations":[{"start":{"line":23,"column":27},"end":{"line":23,"column":41}},{"start":{"line":23,"column":45},"end":{"line":23,"column":48}}]},"2":{"loc":{"start":{"line":32,"column":12},"end":{"line":34,"column":13}},"type":"if","locations":[{"start":{"line":32,"column":12},"end":{"line":34,"column":13}},{"start":{},"end":{}}]},"3":{"loc":{"start":{"line":37,"column":27},"end":{"line":37,"column":62}},"type":"binary-expr","locations":[{"start":{"line":37,"column":27},"end":{"line":37,"column":41}},{"start":{"line":37,"column":45},"end":{"line":37,"column":55}},{"start":{"line":37,"column":59},"end":{"line":37,"column":62}}]},"4":{"loc":{"start":{"line":66,"column":27},"end":{"line":66,"column":48}},"type":"binary-expr","locations":[{"start":{"line":66,"column":27},"end":{"line":66,"column":41}},{"start":{"line":66,"column":45},"end":{"line":66,"column":48}}]},"5":{"loc":{"start":{"line":74,"column":27},"end":{"line":74,"column":47}},"type":"binary-expr","locations":[{"start":{"line":74,"column":27},"end":{"line":74,"column":41}},{"start":{"line":74,"column":45},"end":{"line":74,"column":47}}]},"6":{"loc":{"start":{"line":76,"column":12},"end":{"line":78,"column":13}},"type":"if","locations":[{"start":{"line":76,"column":12},"end":{"line":78,"column":13}},{"start":{},"end":{}}]},"7":{"loc":{"start":{"line":81,"column":27},"end":{"line":81,"column":48}},"type":"binary-expr","locations":[{"start":{"line":81,"column":27},"end":{"line":81,"column":41}},{"start":{"line":81,"column":45},"end":{"line":81,"column":48}}]},"8":{"loc":{"start":{"line":90,"column":12},"end":{"line":92,"column":13}},"type":"if","locations":[{"start":{"line":90,"column":12},"end":{"line":92,"column":13}},{"start":{},"end":{}}]},"9":{"loc":{"start":{"line":96,"column":27},"end":{"line":96,"column":48}},"type":"binary-expr","locations":[{"start":{"line":96,"column":27},"end":{"line":96,"column":41}},{"start":{"line":96,"column":45},"end":{"line":96,"column":48}}]},"10":{"loc":{"start":{"line":106,"column":8},"end":{"line":106,"column":63}},"type":"if","locations":[{"start":{"line":106,"column":8},"end":{"line":106,"column":63}},{"start":{},"end":{}}]},"11":{"loc":{"start":{"line":108,"column":25},"end":{"line":108,"column":59}},"type":"binary-expr","locations":[{"start":{"line":108,"column":25},"end":{"line":108,"column":38}},{"start":{"line":108,"column":42},"end":{"line":108,"column":59}}]}},"s":{"0":4,"1":4,"2":4,"3":4,"4":13,"5":2,"6":2,"7":2,"8":0,"9":0,"10":2,"11":2,"12":2,"13":0,"14":0,"15":3,"16":3,"17":3,"18":2,"19":1,"20":2,"21":2,"22":2,"23":2,"24":2,"25":2,"26":0,"27":0,"28":1,"29":1,"30":0,"31":0,"32":2,"33":2,"34":2,"35":2,"36":1,"37":1,"38":1,"39":1,"40":2,"41":2,"42":2,"43":1,"44":1,"45":1,"46":1,"47":1,"48":1,"49":0,"50":1,"51":1,"52":1,"53":1,"54":4,"55":4,"56":4,"57":4,"58":4,"59":4,"60":4,"61":4,"62":4},"f":{"0":13,"1":2,"2":3,"3":2,"4":1,"5":2,"6":2,"7":1},"b":{"0":[0,2],"1":[0,0],"2":[2,1],"3":[2,0,0],"4":[0,0],"5":[2,0],"6":[1,1],"7":[1,0],"8":[1,1],"9":[1,0],"10":[0,1],"11":[1,1]}}
,"C:\\Users\\hadar\\OneDrive\\הדר - לימודים\\פיתוח אפליקציות מתקדם\\assignments\\server\\src\\controllers\\user.tsoa.ts": {"path":"C:\\Users\\hadar\\OneDrive\\הדר - לימודים\\פיתוח אפליקציות מתקדם\\assignments\\server\\src\\controllers\\user.tsoa.ts","statementMap":{"0":{"start":{"line":1,"column":0},"end":{"line":1,"column":104}},"1":{"start":{"line":3,"column":0},"end":{"line":3,"column":54}},"2":{"start":{"line":4,"column":0},"end":{"line":4,"column":60}},"3":{"start":{"line":8,"column":7},"end":{"line":157,"column":null}},"4":{"start":{"line":9,"column":19},"end":{"line":9,"column":60}},"5":{"start":{"line":15,"column":4},"end":{"line":29,"column":5}},"6":{"start":{"line":16,"column":19},"end":{"line":16,"column":61}},"7":{"start":{"line":17,"column":6},"end":{"line":17,"column":26}},"8":{"start":{"line":18,"column":6},"end":{"line":18,"column":18}},"9":{"start":{"line":20,"column":6},"end":{"line":26,"column":7}},"10":{"start":{"line":21,"column":8},"end":{"line":21,"column":39}},"11":{"start":{"line":22,"column":8},"end":{"line":25,"column":10}},"12":{"start":{"line":27,"column":6},"end":{"line":27,"column":26}},"13":{"start":{"line":28,"column":6},"end":{"line":28,"column":16}},"14":{"start":{"line":34,"column":4},"end":{"line":46,"column":5}},"15":{"start":{"line":35,"column":6},"end":{"line":35,"column":53}},"16":{"start":{"line":37,"column":6},"end":{"line":43,"column":7}},"17":{"start":{"line":38,"column":8},"end":{"line":38,"column":39}},"18":{"start":{"line":39,"column":8},"end":{"line":42,"column":10}},"19":{"start":{"line":44,"column":6},"end":{"line":44,"column":26}},"20":{"start":{"line":45,"column":6},"end":{"line":45,"column":16}},"21":{"start":{"line":53,"column":4},"end":{"line":65,"column":5}},"22":{"start":{"line":54,"column":6},"end":{"line":54,"column":55}},"23":{"start":{"line":56,"column":6},"end":{"line":62,"column":7}},"24":{"start":{"line":57,"column":8},"end":{"line":57,"column":39}},"25":{"start":{"line":58,"column":8},"end":{"line":61,"column":10}},"26":{"start":{"line":63,"column":6},"end":{"line":63,"column":26}},"27":{"start":{"line":64,"column":6},"end":{"line":64,"column":16}},"28":{"start":{"line":73,"column":4},"end":{"line":85,"column":5}},"29":{"start":{"line":74,"column":6},"end":{"line":74,"column":60}},"30":{"start":{"line":76,"column":6},"end":{"line":82,"column":7}},"31":{"start":{"line":77,"column":8},"end":{"line":77,"column":39}},"32":{"start":{"line":78,"column":8},"end":{"line":81,"column":10}},"33":{"start":{"line":83,"column":6},"end":{"line":83,"column":26}},"34":{"start":{"line":84,"column":6},"end":{"line":84,"column":16}},"35":{"start":{"line":93,"column":4},"end":{"line":105,"column":5}},"36":{"start":{"line":94,"column":6},"end":{"line":94,"column":60}},"37":{"start":{"line":96,"column":6},"end":{"line":102,"column":7}},"38":{"start":{"line":97,"column":8},"end":{"line":97,"column":39}},"39":{"start":{"line":98,"column":8},"end":{"line":101,"column":10}},"40":{"start":{"line":103,"column":6},"end":{"line":103,"column":26}},"41":{"start":{"line":104,"column":6},"end":{"line":104,"column":16}},"42":{"start":{"line":113,"column":4},"end":{"line":134,"column":5}},"43":{"start":{"line":114,"column":6},"end":{"line":116,"column":7}},"44":{"start":{"line":115,"column":8},"end":{"line":115,"column":52}},"45":{"start":{"line":118,"column":23},"end":{"line":118,"column":57}},"46":{"start":{"line":119,"column":23},"end":{"line":119,"column":45}},"47":{"start":{"line":121,"column":6},"end":{"line":121,"column":72}},"48":{"start":{"line":123,"column":6},"end":{"line":123,"column":31}},"49":{"start":{"line":125,"column":6},"end":{"line":131,"column":7}},"50":{"start":{"line":126,"column":8},"end":{"line":126,"column":39}},"51":{"start":{"line":127,"column":8},"end":{"line":130,"column":10}},"52":{"start":{"line":132,"column":6},"end":{"line":132,"column":26}},"53":{"start":{"line":133,"column":6},"end":{"line":133,"column":16}},"54":{"start":{"line":141,"column":4},"end":{"line":155,"column":5}},"55":{"start":{"line":142,"column":6},"end":{"line":142,"column":47}},"56":{"start":{"line":143,"column":6},"end":{"line":143,"column":26}},"57":{"start":{"line":144,"column":6},"end":{"line":144,"column":13}},"58":{"start":{"line":146,"column":6},"end":{"line":152,"column":7}},"59":{"start":{"line":147,"column":8},"end":{"line":147,"column":39}},"60":{"start":{"line":148,"column":8},"end":{"line":151,"column":10}},"61":{"start":{"line":153,"column":6},"end":{"line":153,"column":26}},"62":{"start":{"line":154,"column":6},"end":{"line":154,"column":16}},"63":{"start":{"line":8,"column":13},"end":{"line":8,"column":28}},"64":{"start":{"line":12,"column":15},"end":{"line":30,"column":null}},"65":{"start":{"line":33,"column":15},"end":{"line":47,"column":null}},"66":{"start":{"line":50,"column":15},"end":{"line":66,"column":null}},"67":{"start":{"line":69,"column":15},"end":{"line":86,"column":null}},"68":{"start":{"line":89,"column":15},"end":{"line":106,"column":null}},"69":{"start":{"line":109,"column":15},"end":{"line":135,"column":null}},"70":{"start":{"line":138,"column":15},"end":{"line":156,"column":null}},"71":{"start":{"line":8,"column":13},"end":{"line":157,"column":null}}},"fnMap":{"0":{"name":"(anonymous_4)","decl":{"start":{"line":8,"column":7},"end":{"line":8,"column":13}},"loc":{"start":{"line":8,"column":7},"end":{"line":157,"column":1}}},"1":{"name":"(anonymous_5)","decl":{"start":{"line":12,"column":15},"end":{"line":12,"column":25}},"loc":{"start":{"line":13,"column":25},"end":{"line":30,"column":3}}},"2":{"name":"(anonymous_6)","decl":{"start":{"line":33,"column":15},"end":{"line":33,"column":23}},"loc":{"start":{"line":33,"column":23},"end":{"line":47,"column":3}}},"3":{"name":"(anonymous_7)","decl":{"start":{"line":50,"column":15},"end":{"line":50,"column":26}},"loc":{"start":{"line":51,"column":22},"end":{"line":66,"column":3}}},"4":{"name":"(anonymous_8)","decl":{"start":{"line":69,"column":15},"end":{"line":69,"column":25}},"loc":{"start":{"line":71,"column":31},"end":{"line":86,"column":3}}},"5":{"name":"(anonymous_9)","decl":{"start":{"line":89,"column":15},"end":{"line":89,"column":28}},"loc":{"start":{"line":91,"column":55},"end":{"line":106,"column":3}}},"6":{"name":"(anonymous_10)","decl":{"start":{"line":109,"column":15},"end":{"line":109,"column":27}},"loc":{"start":{"line":111,"column":45},"end":{"line":135,"column":3}}},"7":{"name":"(anonymous_11)","decl":{"start":{"line":138,"column":15},"end":{"line":138,"column":25}},"loc":{"start":{"line":139,"column":22},"end":{"line":156,"column":3}}}},"branchMap":{"0":{"loc":{"start":{"line":20,"column":6},"end":{"line":26,"column":7}},"type":"if","locations":[{"start":{"line":20,"column":6},"end":{"line":26,"column":7}},{"start":{},"end":{}}]},"1":{"loc":{"start":{"line":37,"column":6},"end":{"line":43,"column":7}},"type":"if","locations":[{"start":{"line":37,"column":6},"end":{"line":43,"column":7}},{"start":{},"end":{}}]},"2":{"loc":{"start":{"line":56,"column":6},"end":{"line":62,"column":7}},"type":"if","locations":[{"start":{"line":56,"column":6},"end":{"line":62,"column":7}},{"start":{},"end":{}}]},"3":{"loc":{"start":{"line":76,"column":6},"end":{"line":82,"column":7}},"type":"if","locations":[{"start":{"line":76,"column":6},"end":{"line":82,"column":7}},{"start":{},"end":{}}]},"4":{"loc":{"start":{"line":96,"column":6},"end":{"line":102,"column":7}},"type":"if","locations":[{"start":{"line":96,"column":6},"end":{"line":102,"column":7}},{"start":{},"end":{}}]},"5":{"loc":{"start":{"line":114,"column":6},"end":{"line":116,"column":7}},"type":"if","locations":[{"start":{"line":114,"column":6},"end":{"line":116,"column":7}},{"start":{},"end":{}}]},"6":{"loc":{"start":{"line":118,"column":23},"end":{"line":118,"column":57}},"type":"binary-expr","locations":[{"start":{"line":118,"column":23},"end":{"line":118,"column":36}},{"start":{"line":118,"column":40},"end":{"line":118,"column":57}}]},"7":{"loc":{"start":{"line":125,"column":6},"end":{"line":131,"column":7}},"type":"if","locations":[{"start":{"line":125,"column":6},"end":{"line":131,"column":7}},{"start":{},"end":{}}]},"8":{"loc":{"start":{"line":146,"column":6},"end":{"line":152,"column":7}},"type":"if","locations":[{"start":{"line":146,"column":6},"end":{"line":152,"column":7}},{"start":{},"end":{}}]}},"s":{"0":4,"1":4,"2":4,"3":4,"4":2,"5":0,"6":0,"7":0,"8":0,"9":0,"10":0,"11":0,"12":0,"13":0,"14":1,"15":1,"16":0,"17":0,"18":0,"19":0,"20":0,"21":1,"22":1,"23":1,"24":0,"25":0,"26":1,"27":1,"28":0,"29":0,"30":0,"31":0,"32":0,"33":0,"34":0,"35":0,"36":0,"37":0,"38":0,"39":0,"40":0,"41":0,"42":0,"43":0,"44":0,"45":0,"46":0,"47":0,"48":0,"49":0,"50":0,"51":0,"52":0,"53":0,"54":0,"55":0,"56":0,"57":0,"58":0,"59":0,"60":0,"61":0,"62":0,"63":4,"64":4,"65":4,"66":4,"67":4,"68":4,"69":4,"70":4,"71":4},"f":{"0":2,"1":0,"2":1,"3":1,"4":0,"5":0,"6":0,"7":0},"b":{"0":[0,0],"1":[0,0],"2":[0,1],"3":[0,0],"4":[0,0],"5":[0,0],"6":[0,0],"7":[0,0],"8":[0,0]}}
,"C:\\Users\\hadar\\OneDrive\\הדר - לימודים\\פיתוח אפליקציות מתקדם\\assignments\\server\\src\\modules\\auth\\auth.service.ts": {"path":"C:\\Users\\hadar\\OneDrive\\הדר - לימודים\\פיתוח אפליקציות מתקדם\\assignments\\server\\src\\modules\\auth\\auth.service.ts","statementMap":{"0":{"start":{"line":1,"column":0},"end":{"line":1,"column":30}},"1":{"start":{"line":2,"column":0},"end":{"line":2,"column":31}},"2":{"start":{"line":3,"column":0},"end":{"line":3,"column":40}},"3":{"start":{"line":4,"column":0},"end":{"line":4,"column":52}},"4":{"start":{"line":5,"column":0},"end":{"line":5,"column":48}},"5":{"start":{"line":7,"column":0},"end":{"line":7,"column":63}},"6":{"start":{"line":9,"column":0},"end":{"line":9,"column":55}},"7":{"start":{"line":12,"column":19},"end":{"line":12,"column":58}},"8":{"start":{"line":13,"column":19},"end":{"line":13,"column":84}},"9":{"start":{"line":14,"column":19},"end":{"line":14,"column":61}},"10":{"start":{"line":18,"column":19},"end":{"line":18,"column":41}},"11":{"start":{"line":19,"column":4},"end":{"line":19,"column":63}},"12":{"start":{"line":19,"column":17},"end":{"line":19,"column":63}},"13":{"start":{"line":20,"column":4},"end":{"line":20,"column":67}},"14":{"start":{"line":24,"column":18},"end":{"line":24,"column":50}},"15":{"start":{"line":25,"column":17},"end":{"line":25,"column":34}},"16":{"start":{"line":27,"column":4},"end":{"line":29,"column":5}},"17":{"start":{"line":28,"column":6},"end":{"line":28,"column":68}},"18":{"start":{"line":31,"column":25},"end":{"line":31,"column":61}},"19":{"start":{"line":33,"column":17},"end":{"line":40,"column":13}},"20":{"start":{"line":42,"column":19},"end":{"line":42,"column":35}},"21":{"start":{"line":43,"column":24},"end":{"line":43,"column":56}},"22":{"start":{"line":44,"column":25},"end":{"line":44,"column":79}},"23":{"start":{"line":47,"column":4},"end":{"line":47,"column":90}},"24":{"start":{"line":49,"column":4},"end":{"line":49,"column":54}},"25":{"start":{"line":53,"column":18},"end":{"line":53,"column":50}},"26":{"start":{"line":54,"column":4},"end":{"line":56,"column":5}},"27":{"start":{"line":55,"column":6},"end":{"line":55,"column":65}},"28":{"start":{"line":58,"column":29},"end":{"line":58,"column":86}},"29":{"start":{"line":59,"column":4},"end":{"line":59,"column":74}},"30":{"start":{"line":59,"column":27},"end":{"line":59,"column":74}},"31":{"start":{"line":61,"column":25},"end":{"line":61,"column":91}},"32":{"start":{"line":62,"column":4},"end":{"line":62,"column":70}},"33":{"start":{"line":62,"column":23},"end":{"line":62,"column":70}},"34":{"start":{"line":64,"column":19},"end":{"line":64,"column":47}},"35":{"start":{"line":65,"column":24},"end":{"line":65,"column":56}},"36":{"start":{"line":66,"column":25},"end":{"line":66,"column":79}},"37":{"start":{"line":68,"column":4},"end":{"line":68,"column":90}},"38":{"start":{"line":70,"column":21},"end":{"line":70,"column":64}},"39":{"start":{"line":71,"column":4},"end":{"line":71,"column":64}},"40":{"start":{"line":75,"column":4},"end":{"line":75,"column":76}},"41":{"start":{"line":75,"column":26},"end":{"line":75,"column":76}},"42":{"start":{"line":77,"column":22},"end":{"line":77,"column":76}},"43":{"start":{"line":78,"column":4},"end":{"line":78,"column":69}},"44":{"start":{"line":78,"column":20},"end":{"line":78,"column":69}},"45":{"start":{"line":81,"column":4},"end":{"line":81,"column":56}},"46":{"start":{"line":83,"column":19},"end":{"line":83,"column":46}},"47":{"start":{"line":84,"column":27},"end":{"line":84,"column":59}},"48":{"start":{"line":85,"column":28},"end":{"line":85,"column":82}},"49":{"start":{"line":87,"column":21},"end":{"line":87,"column":64}},"50":{"start":{"line":88,"column":4},"end":{"line":88,"column":84}},"51":{"start":{"line":92,"column":4},"end":{"line":92,"column":30}},"52":{"start":{"line":92,"column":23},"end":{"line":92,"column":30}},"53":{"start":{"line":93,"column":4},"end":{"line":93,"column":53}},"54":{"start":{"line":97,"column":4},"end":{"line":97,"column":73}},"55":{"start":{"line":97,"column":17},"end":{"line":97,"column":73}},"56":{"start":{"line":98,"column":4},"end":{"line":98,"column":49}},"57":{"start":{"line":102,"column":4},"end":{"line":102,"column":29}},"58":{"start":{"line":102,"column":16},"end":{"line":102,"column":29}},"59":{"start":{"line":103,"column":4},"end":{"line":103,"column":54}},"60":{"start":{"line":11,"column":0},"end":{"line":11,"column":13}}},"fnMap":{"0":{"name":"(anonymous_1)","decl":{"start":{"line":11,"column":0},"end":{"line":11,"column":13}},"loc":{"start":{"line":11,"column":0},"end":{"line":105,"column":1}}},"1":{"name":"(anonymous_2)","decl":{"start":{"line":17,"column":10},"end":{"line":17,"column":29}},"loc":{"start":{"line":17,"column":44},"end":{"line":21,"column":3}}},"2":{"name":"(anonymous_3)","decl":{"start":{"line":23,"column":9},"end":{"line":23,"column":14}},"loc":{"start":{"line":23,"column":41},"end":{"line":50,"column":3}}},"3":{"name":"(anonymous_4)","decl":{"start":{"line":52,"column":9},"end":{"line":52,"column":14}},"loc":{"start":{"line":52,"column":35},"end":{"line":72,"column":3}}},"4":{"name":"(anonymous_5)","decl":{"start":{"line":74,"column":9},"end":{"line":74,"column":14}},"loc":{"start":{"line":74,"column":46},"end":{"line":89,"column":3}}},"5":{"name":"(anonymous_6)","decl":{"start":{"line":91,"column":9},"end":{"line":91,"column":14}},"loc":{"start":{"line":91,"column":42},"end":{"line":94,"column":3}}},"6":{"name":"(anonymous_7)","decl":{"start":{"line":96,"column":9},"end":{"line":96,"column":14}},"loc":{"start":{"line":96,"column":32},"end":{"line":99,"column":3}}},"7":{"name":"(anonymous_8)","decl":{"start":{"line":101,"column":9},"end":{"line":101,"column":14}},"loc":{"start":{"line":101,"column":47},"end":{"line":104,"column":3}}}},"branchMap":{"0":{"loc":{"start":{"line":19,"column":4},"end":{"line":19,"column":63}},"type":"if","locations":[{"start":{"line":19,"column":4},"end":{"line":19,"column":63}},{"start":{},"end":{}}]},"1":{"loc":{"start":{"line":27,"column":4},"end":{"line":29,"column":5}},"type":"if","locations":[{"start":{"line":27,"column":4},"end":{"line":29,"column":5}},{"start":{},"end":{}}]},"2":{"loc":{"start":{"line":27,"column":8},"end":{"line":27,"column":41}},"type":"binary-expr","locations":[{"start":{"line":27,"column":8},"end":{"line":27,"column":14}},{"start":{"line":27,"column":18},"end":{"line":27,"column":32}},{"start":{"line":27,"column":36},"end":{"line":27,"column":41}}]},"3":{"loc":{"start":{"line":37,"column":17},"end":{"line":37,"column":39}},"type":"binary-expr","locations":[{"start":{"line":37,"column":17},"end":{"line":37,"column":31}},{"start":{"line":37,"column":35},"end":{"line":37,"column":39}}]},"4":{"loc":{"start":{"line":39,"column":16},"end":{"line":39,"column":71}},"type":"cond-expr","locations":[{"start":{"line":39,"column":32},"end":{"line":39,"column":59}},{"start":{"line":39,"column":62},"end":{"line":39,"column":71}}]},"5":{"loc":{"start":{"line":54,"column":4},"end":{"line":56,"column":5}},"type":"if","locations":[{"start":{"line":54,"column":4},"end":{"line":56,"column":5}},{"start":{},"end":{}}]},"6":{"loc":{"start":{"line":54,"column":8},"end":{"line":54,"column":32}},"type":"binary-expr","locations":[{"start":{"line":54,"column":8},"end":{"line":54,"column":14}},{"start":{"line":54,"column":18},"end":{"line":54,"column":32}}]},"7":{"loc":{"start":{"line":59,"column":4},"end":{"line":59,"column":74}},"type":"if","locations":[{"start":{"line":59,"column":4},"end":{"line":59,"column":74}},{"start":{},"end":{}}]},"8":{"loc":{"start":{"line":62,"column":4},"end":{"line":62,"column":70}},"type":"if","locations":[{"start":{"line":62,"column":4},"end":{"line":62,"column":70}},{"start":{},"end":{}}]},"9":{"loc":{"start":{"line":75,"column":4},"end":{"line":75,"column":76}},"type":"if","locations":[{"start":{"line":75,"column":4},"end":{"line":75,"column":76}},{"start":{},"end":{}}]},"10":{"loc":{"start":{"line":78,"column":4},"end":{"line":78,"column":69}},"type":"if","locations":[{"start":{"line":78,"column":4},"end":{"line":78,"column":69}},{"start":{},"end":{}}]},"11":{"loc":{"start":{"line":92,"column":4},"end":{"line":92,"column":30}},"type":"if","locations":[{"start":{"line":92,"column":4},"end":{"line":92,"column":30}},{"start":{},"end":{}}]},"12":{"loc":{"start":{"line":97,"column":4},"end":{"line":97,"column":73}},"type":"if","locations":[{"start":{"line":97,"column":4},"end":{"line":97,"column":73}},{"start":{},"end":{}}]},"13":{"loc":{"start":{"line":102,"column":4},"end":{"line":102,"column":29}},"type":"if","locations":[{"start":{"line":102,"column":4},"end":{"line":102,"column":29}},{"start":{},"end":{}}]}},"s":{"0":4,"1":4,"2":4,"3":4,"4":4,"5":4,"6":4,"7":10,"8":10,"9":10,"10":2,"11":2,"12":0,"13":2,"14":1,"15":1,"16":1,"17":0,"18":1,"19":1,"20":1,"21":1,"22":1,"23":1,"24":1,"25":3,"26":3,"27":0,"28":3,"29":3,"30":1,"31":2,"32":2,"33":1,"34":1,"35":1,"36":1,"37":1,"38":1,"39":1,"40":1,"41":0,"42":1,"43":1,"44":1,"45":0,"46":0,"47":0,"48":0,"49":0,"50":0,"51":0,"52":0,"53":0,"54":0,"55":0,"56":0,"57":0,"58":0,"59":0,"60":4},"f":{"0":10,"1":2,"2":1,"3":3,"4":1,"5":0,"6":0,"7":0},"b":{"0":[0,2],"1":[0,1],"2":[1,1,1],"3":[1,0],"4":[1,0],"5":[0,3],"6":[3,3],"7":[1,2],"8":[1,1],"9":[0,1],"10":[1,0],"11":[0,0],"12":[0,0],"13":[0,0]}}
,"C:\\Users\\hadar\\OneDrive\\הדר - לימודים\\פיתוח אפליקציות מתקדם\\assignments\\server\\src\\modules\\auth\\blacklistedToken.repo.ts": {"path":"C:\\Users\\hadar\\OneDrive\\הדר - לימודים\\פיתוח אפליקציות מתקדם\\assignments\\server\\src\\modules\\auth\\blacklistedToken.repo.ts","statementMap":{"0":{"start":{"line":1,"column":0},"end":{"line":1,"column":62}},"1":{"start":{"line":5,"column":4},"end":{"line":9,"column":13}},"2":{"start":{"line":13,"column":19},"end":{"line":13,"column":64}},"3":{"start":{"line":14,"column":4},"end":{"line":14,"column":20}},"4":{"start":{"line":3,"column":0},"end":{"line":3,"column":13}}},"fnMap":{"0":{"name":"(anonymous_1)","decl":{"start":{"line":4,"column":2},"end":{"line":4,"column":7}},"loc":{"start":{"line":4,"column":56},"end":{"line":10,"column":3}}},"1":{"name":"(anonymous_2)","decl":{"start":{"line":12,"column":2},"end":{"line":12,"column":7}},"loc":{"start":{"line":12,"column":38},"end":{"line":15,"column":3}}}},"branchMap":{},"s":{"0":4,"1":0,"2":0,"3":0,"4":4},"f":{"0":0,"1":0},"b":{}}
,"C:\\Users\\hadar\\OneDrive\\הדר - לימודים\\פיתוח אפליקציות מתקדם\\assignments\\server\\src\\modules\\auth\\blacklistedTokens.model.ts": {"path":"C:\\Users\\hadar\\OneDrive\\הדר - לימודים\\פיתוח אפליקציות מתקדם\\assignments\\server\\src\\modules\\auth\\blacklistedTokens.model.ts","statementMap":{"0":{"start":{"line":2,"column":0},"end":{"line":2,"column":51}},"1":{"start":{"line":9,"column":31},"end":{"line":26,"column":null}},"2":{"start":{"line":29,"column":0},"end":{"line":32,"column":2}},"3":{"start":{"line":34,"column":13},"end":{"line":37,"column":2}},"4":{"start":{"line":39,"column":0},"end":{"line":39,"column":37}}},"fnMap":{},"branchMap":{},"s":{"0":4,"1":4,"2":4,"3":4,"4":4},"f":{},"b":{}}
,"C:\\Users\\hadar\\OneDrive\\הדר - לימודים\\פיתוח אפליקציות מתקדם\\assignments\\server\\src\\modules\\auth\\refreshToken.model.ts": {"path":"C:\\Users\\hadar\\OneDrive\\הדר - לימודים\\פיתוח אפליקציות מתקדם\\assignments\\server\\src\\modules\\auth\\refreshToken.model.ts","statementMap":{"0":{"start":{"line":1,"column":0},"end":{"line":1,"column":58}},"1":{"start":{"line":11,"column":27},"end":{"line":41,"column":null}},"2":{"start":{"line":44,"column":13},"end":{"line":47,"column":2}}},"fnMap":{},"branchMap":{},"s":{"0":4,"1":4,"2":4},"f":{},"b":{}}
,"C:\\Users\\hadar\\OneDrive\\הדר - לימודים\\פיתוח אפליקציות מתקדם\\assignments\\server\\src\\modules\\auth\\refreshToken.repo.ts": {"path":"C:\\Users\\hadar\\OneDrive\\הדר - לימודים\\פיתוח אפליקציות מתקדם\\assignments\\server\\src\\modules\\auth\\refreshToken.repo.ts","statementMap":{"0":{"start":{"line":1,"column":0},"end":{"line":1,"column":57}},"1":{"start":{"line":2,"column":0},"end":{"line":2,"column":28}},"2":{"start":{"line":7,"column":4},"end":{"line":7,"column":67}},"3":{"start":{"line":11,"column":25},"end":{"line":11,"column":63}},"4":{"start":{"line":12,"column":22},"end":{"line":12,"column":50}},"5":{"start":{"line":14,"column":22},"end":{"line":14,"column":32}},"6":{"start":{"line":15,"column":4},"end":{"line":15,"column":59}},"7":{"start":{"line":17,"column":4},"end":{"line":22,"column":7}},"8":{"start":{"line":24,"column":4},"end":{"line":24,"column":24}},"9":{"start":{"line":28,"column":22},"end":{"line":28,"column":50}},"10":{"start":{"line":30,"column":4},"end":{"line":34,"column":7}},"11":{"start":{"line":38,"column":22},"end":{"line":38,"column":50}},"12":{"start":{"line":40,"column":4},"end":{"line":43,"column":6}},"13":{"start":{"line":4,"column":0},"end":{"line":4,"column":13}}},"fnMap":{"0":{"name":"(anonymous_1)","decl":{"start":{"line":6,"column":10},"end":{"line":6,"column":19}},"loc":{"start":{"line":6,"column":33},"end":{"line":8,"column":3}}},"1":{"name":"(anonymous_2)","decl":{"start":{"line":10,"column":2},"end":{"line":10,"column":7}},"loc":{"start":{"line":10,"column":60},"end":{"line":25,"column":3}}},"2":{"name":"(anonymous_3)","decl":{"start":{"line":27,"column":2},"end":{"line":27,"column":7}},"loc":{"start":{"line":27,"column":38},"end":{"line":35,"column":3}}},"3":{"name":"(anonymous_4)","decl":{"start":{"line":37,"column":2},"end":{"line":37,"column":7}},"loc":{"start":{"line":37,"column":35},"end":{"line":44,"column":3}}}},"branchMap":{"0":{"loc":{"start":{"line":10,"column":43},"end":{"line":10,"column":60}},"type":"default-arg","locations":[{"start":{"line":10,"column":59},"end":{"line":10,"column":60}}]}},"s":{"0":4,"1":4,"2":3,"3":2,"4":2,"5":2,"6":2,"7":2,"8":2,"9":1,"10":1,"11":0,"12":0,"13":4},"f":{"0":3,"1":2,"2":1,"3":0},"b":{"0":[2]}}
,"C:\\Users\\hadar\\OneDrive\\הדר - לימודים\\פיתוח אפליקציות מתקדם\\assignments\\server\\src\\modules\\comments\\comments.dal.ts": {"path":"C:\\Users\\hadar\\OneDrive\\הדר - לימודים\\פיתוח אפליקציות מתקדם\\assignments\\server\\src\\modules\\comments\\comments.dal.ts","statementMap":{"0":{"start":{"line":1,"column":0},"end":{"line":1,"column":57}},"1":{"start":{"line":2,"column":0},"end":{"line":2,"column":46}},"2":{"start":{"line":6,"column":20},"end":{"line":6,"column":42}},"3":{"start":{"line":7,"column":4},"end":{"line":7,"column":26}},"4":{"start":{"line":11,"column":4},"end":{"line":11,"column":44}},"5":{"start":{"line":15,"column":4},"end":{"line":15,"column":80}},"6":{"start":{"line":19,"column":6},"end":{"line":19,"column":76}},"7":{"start":{"line":23,"column":4},"end":{"line":23,"column":53}},"8":{"start":{"line":4,"column":0},"end":{"line":4,"column":13}}},"fnMap":{"0":{"name":"(anonymous_1)","decl":{"start":{"line":5,"column":2},"end":{"line":5,"column":7}},"loc":{"start":{"line":5,"column":37},"end":{"line":8,"column":3}}},"1":{"name":"(anonymous_2)","decl":{"start":{"line":10,"column":2},"end":{"line":10,"column":7}},"loc":{"start":{"line":10,"column":27},"end":{"line":12,"column":3}}},"2":{"name":"(anonymous_3)","decl":{"start":{"line":14,"column":2},"end":{"line":14,"column":7}},"loc":{"start":{"line":14,"column":39},"end":{"line":16,"column":3}}},"3":{"name":"(anonymous_4)","decl":{"start":{"line":18,"column":4},"end":{"line":18,"column":9}},"loc":{"start":{"line":18,"column":59},"end":{"line":20,"column":5}}},"4":{"name":"(anonymous_5)","decl":{"start":{"line":22,"column":2},"end":{"line":22,"column":7}},"loc":{"start":{"line":22,"column":29},"end":{"line":24,"column":3}}}},"branchMap":{},"s":{"0":4,"1":4,"2":1,"3":1,"4":2,"5":1,"6":1,"7":1,"8":4},"f":{"0":1,"1":2,"2":1,"3":1,"4":1},"b":{}}
,"C:\\Users\\hadar\\OneDrive\\הדר - לימודים\\פיתוח אפליקציות מתקדם\\assignments\\server\\src\\modules\\comments\\comments.mapper.ts": {"path":"C:\\Users\\hadar\\OneDrive\\הדר - לימודים\\פיתוח אפליקציות מתקדם\\assignments\\server\\src\\modules\\comments\\comments.mapper.ts","statementMap":{"0":{"start":{"line":4,"column":0},"end":{"line":4,"column":16}},"1":{"start":{"line":5,"column":2},"end":{"line":11,"column":4}}},"fnMap":{"0":{"name":"toCommentDTO","decl":{"start":{"line":4,"column":16},"end":{"line":4,"column":28}},"loc":{"start":{"line":4,"column":45},"end":{"line":12,"column":1}}}},"branchMap":{"0":{"loc":{"start":{"line":7,"column":14},"end":{"line":7,"column":64}},"type":"binary-expr","locations":[{"start":{"line":7,"column":14},"end":{"line":7,"column":44}},{"start":{"line":7,"column":48},"end":{"line":7,"column":64}}]},"1":{"loc":{"start":{"line":9,"column":15},"end":{"line":9,"column":61}},"type":"binary-expr","locations":[{"start":{"line":9,"column":15},"end":{"line":9,"column":43}},{"start":{"line":9,"column":47},"end":{"line":9,"column":61}}]}},"s":{"0":4,"1":5},"f":{"0":5},"b":{"0":[5,0],"1":[5,0]}}
,"C:\\Users\\hadar\\OneDrive\\הדר - לימודים\\פיתוח אפליקציות מתקדם\\assignments\\server\\src\\modules\\comments\\comments.model.ts": {"path":"C:\\Users\\hadar\\OneDrive\\הדר - לימודים\\פיתוח אפליקציות מתקדם\\assignments\\server\\src\\modules\\comments\\comments.model.ts","statementMap":{"0":{"start":{"line":1,"column":0},"end":{"line":1,"column":58}},"1":{"start":{"line":11,"column":22},"end":{"line":17,"column":2}},"2":{"start":{"line":15,"column":58},"end":{"line":15,"column":68}},"3":{"start":{"line":19,"column":21},"end":{"line":19,"column":61}},"4":{"start":{"line":20,"column":0},"end":{"line":20,"column":28}}},"fnMap":{"0":{"name":"(anonymous_0)","decl":{"start":{"line":15,"column":52},"end":{"line":15,"column":55}},"loc":{"start":{"line":15,"column":58},"end":{"line":15,"column":68}}}},"branchMap":{},"s":{"0":4,"1":4,"2":0,"3":4,"4":4},"f":{"0":0},"b":{}}
,"C:\\Users\\hadar\\OneDrive\\הדר - לימודים\\פיתוח אפליקציות מתקדם\\assignments\\server\\src\\modules\\comments\\comments.service.ts": {"path":"C:\\Users\\hadar\\OneDrive\\הדר - לימודים\\פיתוח אפליקציות מתקדם\\assignments\\server\\src\\modules\\comments\\comments.service.ts","statementMap":{"0":{"start":{"line":1,"column":0},"end":{"line":1,"column":33}},"1":{"start":{"line":2,"column":0},"end":{"line":2,"column":45}},"2":{"start":{"line":4,"column":0},"end":{"line":4,"column":49}},"3":{"start":{"line":7,"column":31},"end":{"line":7,"column":50}},"4":{"start":{"line":10,"column":20},"end":{"line":16,"column":13}},"5":{"start":{"line":18,"column":4},"end":{"line":18,"column":33}},"6":{"start":{"line":22,"column":20},"end":{"line":22,"column":47}},"7":{"start":{"line":23,"column":4},"end":{"line":23,"column":30}},"8":{"start":{"line":23,"column":18},"end":{"line":23,"column":30}},"9":{"start":{"line":24,"column":4},"end":{"line":24,"column":33}},"10":{"start":{"line":28,"column":21},"end":{"line":28,"column":60}},"11":{"start":{"line":29,"column":4},"end":{"line":29,"column":38}},"12":{"start":{"line":33,"column":24},"end":{"line":36,"column":6}},"13":{"start":{"line":38,"column":27},"end":{"line":38,"column":64}},"14":{"start":{"line":39,"column":4},"end":{"line":39,"column":37}},"15":{"start":{"line":39,"column":25},"end":{"line":39,"column":37}},"16":{"start":{"line":40,"column":4},"end":{"line":40,"column":40}},"17":{"start":{"line":44,"column":27},"end":{"line":44,"column":56}},"18":{"start":{"line":45,"column":4},"end":{"line":45,"column":37}},"19":{"start":{"line":45,"column":25},"end":{"line":45,"column":37}},"20":{"start":{"line":46,"column":4},"end":{"line":46,"column":40}},"21":{"start":{"line":6,"column":0},"end":{"line":6,"column":13}}},"fnMap":{"0":{"name":"(anonymous_0)","decl":{"start":{"line":7,"column":2},"end":{"line":7,"column":31}},"loc":{"start":{"line":7,"column":67},"end":{"line":7,"column":71}}},"1":{"name":"(anonymous_1)","decl":{"start":{"line":9,"column":2},"end":{"line":9,"column":7}},"loc":{"start":{"line":9,"column":49},"end":{"line":19,"column":3}}},"2":{"name":"(anonymous_2)","decl":{"start":{"line":21,"column":2},"end":{"line":21,"column":7}},"loc":{"start":{"line":21,"column":33},"end":{"line":25,"column":3}}},"3":{"name":"(anonymous_3)","decl":{"start":{"line":27,"column":2},"end":{"line":27,"column":7}},"loc":{"start":{"line":27,"column":44},"end":{"line":30,"column":3}}},"4":{"name":"(anonymous_4)","decl":{"start":{"line":32,"column":2},"end":{"line":32,"column":7}},"loc":{"start":{"line":32,"column":57},"end":{"line":41,"column":3}}},"5":{"name":"(anonymous_5)","decl":{"start":{"line":43,"column":2},"end":{"line":43,"column":7}},"loc":{"start":{"line":43,"column":32},"end":{"line":47,"column":3}}}},"branchMap":{"0":{"loc":{"start":{"line":7,"column":31},"end":{"line":7,"column":67}},"type":"default-arg","locations":[{"start":{"line":7,"column":50},"end":{"line":7,"column":67}}]},"1":{"loc":{"start":{"line":23,"column":4},"end":{"line":23,"column":30}},"type":"if","locations":[{"start":{"line":23,"column":4},"end":{"line":23,"column":30}},{"start":{},"end":{}}]},"2":{"loc":{"start":{"line":39,"column":4},"end":{"line":39,"column":37}},"type":"if","locations":[{"start":{"line":39,"column":4},"end":{"line":39,"column":37}},{"start":{},"end":{}}]},"3":{"loc":{"start":{"line":45,"column":4},"end":{"line":45,"column":37}},"type":"if","locations":[{"start":{"line":45,"column":4},"end":{"line":45,"column":37}},{"start":{},"end":{}}]}},"s":{"0":4,"1":4,"2":4,"3":6,"4":1,"5":1,"6":2,"7":2,"8":1,"9":1,"10":1,"11":1,"12":1,"13":1,"14":1,"15":0,"16":1,"17":1,"18":1,"19":0,"20":1,"21":4},"f":{"0":6,"1":1,"2":2,"3":1,"4":1,"5":1},"b":{"0":[6],"1":[1,1],"2":[0,1],"3":[0,1]}}
,"C:\\Users\\hadar\\OneDrive\\הדר - לימודים\\פיתוח אפליקציות מתקדם\\assignments\\server\\src\\modules\\recipes\\recipe.mapper.ts": {"path":"C:\\Users\\hadar\\OneDrive\\הדר - לימודים\\פיתוח אפליקציות מתקדם\\assignments\\server\\src\\modules\\recipes\\recipe.mapper.ts","statementMap":{"0":{"start":{"line":3,"column":0},"end":{"line":3,"column":16}},"1":{"start":{"line":5,"column":4},"end":{"line":8,"column":8}},"2":{"start":{"line":10,"column":2},"end":{"line":29,"column":4}}},"fnMap":{"0":{"name":"toRecipeDTO","decl":{"start":{"line":3,"column":16},"end":{"line":3,"column":27}},"loc":{"start":{"line":3,"column":39},"end":{"line":30,"column":1}}}},"branchMap":{"0":{"loc":{"start":{"line":5,"column":4},"end":{"line":8,"column":8}},"type":"binary-expr","locations":[{"start":{"line":5,"column":4},"end":{"line":5,"column":22}},{"start":{"line":6,"column":5},"end":{"line":6,"column":115}},{"start":{"line":7,"column":4},"end":{"line":7,"column":26}},{"start":{"line":8,"column":4},"end":{"line":8,"column":8}}]},"1":{"loc":{"start":{"line":6,"column":5},"end":{"line":6,"column":115}},"type":"cond-expr","locations":[{"start":{"line":6,"column":35},"end":{"line":6,"column":108}},{"start":{"line":6,"column":111},"end":{"line":6,"column":115}}]},"2":{"loc":{"start":{"line":6,"column":68},"end":{"line":6,"column":99}},"type":"binary-expr","locations":[{"start":{"line":6,"column":68},"end":{"line":6,"column":93}},{"start":{"line":6,"column":97},"end":{"line":6,"column":99}}]},"3":{"loc":{"start":{"line":11,"column":8},"end":{"line":11,"column":67}},"type":"binary-expr","locations":[{"start":{"line":11,"column":8},"end":{"line":11,"column":32}},{"start":{"line":11,"column":36},"end":{"line":11,"column":45}},{"start":{"line":11,"column":49},"end":{"line":11,"column":67}}]},"4":{"loc":{"start":{"line":12,"column":18},"end":{"line":12,"column":74}},"type":"binary-expr","locations":[{"start":{"line":12,"column":18},"end":{"line":12,"column":51}},{"start":{"line":12,"column":55},"end":{"line":12,"column":74}}]},"5":{"loc":{"start":{"line":13,"column":15},"end":{"line":13,"column":104}},"type":"binary-expr","locations":[{"start":{"line":13,"column":15},"end":{"line":13,"column":50}},{"start":{"line":13,"column":54},"end":{"line":13,"column":84}},{"start":{"line":13,"column":88},"end":{"line":13,"column":104}}]},"6":{"loc":{"start":{"line":16,"column":17},"end":{"line":16,"column":43}},"type":"binary-expr","locations":[{"start":{"line":16,"column":17},"end":{"line":16,"column":35}},{"start":{"line":16,"column":39},"end":{"line":16,"column":43}}]},"7":{"loc":{"start":{"line":17,"column":16},"end":{"line":17,"column":39}},"type":"binary-expr","locations":[{"start":{"line":17,"column":16},"end":{"line":17,"column":33}},{"start":{"line":17,"column":37},"end":{"line":17,"column":39}}]},"8":{"loc":{"start":{"line":18,"column":21},"end":{"line":18,"column":51}},"type":"binary-expr","locations":[{"start":{"line":18,"column":21},"end":{"line":18,"column":43}},{"start":{"line":18,"column":47},"end":{"line":18,"column":51}}]},"9":{"loc":{"start":{"line":19,"column":21},"end":{"line":19,"column":51}},"type":"binary-expr","locations":[{"start":{"line":19,"column":21},"end":{"line":19,"column":43}},{"start":{"line":19,"column":47},"end":{"line":19,"column":51}}]},"10":{"loc":{"start":{"line":20,"column":22},"end":{"line":20,"column":53}},"type":"binary-expr","locations":[{"start":{"line":20,"column":22},"end":{"line":20,"column":45}},{"start":{"line":20,"column":49},"end":{"line":20,"column":53}}]},"11":{"loc":{"start":{"line":22,"column":17},"end":{"line":22,"column":41}},"type":"binary-expr","locations":[{"start":{"line":22,"column":17},"end":{"line":22,"column":35}},{"start":{"line":22,"column":39},"end":{"line":22,"column":41}}]},"12":{"loc":{"start":{"line":23,"column":11},"end":{"line":23,"column":29}},"type":"binary-expr","locations":[{"start":{"line":23,"column":11},"end":{"line":23,"column":23}},{"start":{"line":23,"column":27},"end":{"line":23,"column":29}}]},"13":{"loc":{"start":{"line":24,"column":11},"end":{"line":24,"column":31}},"type":"binary-expr","locations":[{"start":{"line":24,"column":11},"end":{"line":24,"column":23}},{"start":{"line":24,"column":27},"end":{"line":24,"column":31}}]},"14":{"loc":{"start":{"line":25,"column":19},"end":{"line":25,"column":47}},"type":"binary-expr","locations":[{"start":{"line":25,"column":19},"end":{"line":25,"column":39}},{"start":{"line":25,"column":43},"end":{"line":25,"column":47}}]},"15":{"loc":{"start":{"line":27,"column":15},"end":{"line":27,"column":107}},"type":"cond-expr","locations":[{"start":{"line":27,"column":50},"end":{"line":27,"column":80}},{"start":{"line":27,"column":83},"end":{"line":27,"column":107}}]},"16":{"loc":{"start":{"line":28,"column":15},"end":{"line":28,"column":109}},"type":"cond-expr","locations":[{"start":{"line":28,"column":50},"end":{"line":28,"column":80}},{"start":{"line":28,"column":84},"end":{"line":28,"column":108}}]},"17":{"loc":{"start":{"line":28,"column":84},"end":{"line":28,"column":108}},"type":"binary-expr","locations":[{"start":{"line":28,"column":84},"end":{"line":28,"column":100}},{"start":{"line":28,"column":104},"end":{"line":28,"column":108}}]}},"s":{"0":4,"1":6,"2":6},"f":{"0":6},"b":{"0":[6,6,6,6],"1":[0,6],"2":[0,0],"3":[6,0,0],"4":[6,0],"5":[6,5,5],"6":[6,4],"7":[6,0],"8":[6,4],"9":[6,4],"10":[6,4],"11":[6,0],"12":[6,0],"13":[6,6],"14":[6,6],"15":[6,0],"16":[6,0],"17":[0,0]}}
,"C:\\Users\\hadar\\OneDrive\\הדר - לימודים\\פיתוח אפליקציות מתקדם\\assignments\\server\\src\\modules\\recipes\\recipe.service.ts": {"path":"C:\\Users\\hadar\\OneDrive\\הדר - לימודים\\פיתוח אפליקציות מתקדם\\assignments\\server\\src\\modules\\recipes\\recipe.service.ts","statementMap":{"0":{"start":{"line":1,"column":0},"end":{"line":1,"column":33}},"1":{"start":{"line":8,"column":0},"end":{"line":8,"column":46}},"2":{"start":{"line":9,"column":0},"end":{"line":9,"column":44}},"3":{"start":{"line":12,"column":21},"end":{"line":12,"column":63}},"4":{"start":{"line":15,"column":26},"end":{"line":15,"column":52}},"5":{"start":{"line":17,"column":23},"end":{"line":37,"column":29}},"6":{"start":{"line":38,"column":8},"end":{"line":38,"column":35}},"7":{"start":{"line":42,"column":23},"end":{"line":42,"column":57}},"8":{"start":{"line":43,"column":8},"end":{"line":43,"column":51}},"9":{"start":{"line":47,"column":24},"end":{"line":47,"column":77}},"10":{"start":{"line":48,"column":8},"end":{"line":48,"column":40}},"11":{"start":{"line":52,"column":24},"end":{"line":52,"column":62}},"12":{"start":{"line":53,"column":8},"end":{"line":53,"column":40}},"13":{"start":{"line":61,"column":28},"end":{"line":61,"column":40}},"14":{"start":{"line":63,"column":8},"end":{"line":65,"column":9}},"15":{"start":{"line":64,"column":12},"end":{"line":64,"column":73}},"16":{"start":{"line":66,"column":8},"end":{"line":68,"column":9}},"17":{"start":{"line":67,"column":12},"end":{"line":67,"column":81}},"18":{"start":{"line":69,"column":8},"end":{"line":71,"column":9}},"19":{"start":{"line":70,"column":12},"end":{"line":70,"column":65}},"20":{"start":{"line":73,"column":23},"end":{"line":73,"column":67}},"21":{"start":{"line":74,"column":8},"end":{"line":74,"column":51}},"22":{"start":{"line":78,"column":23},"end":{"line":78,"column":59}},"23":{"start":{"line":79,"column":8},"end":{"line":79,"column":51}},"24":{"start":{"line":11,"column":0},"end":{"line":11,"column":13}}},"fnMap":{"0":{"name":"(anonymous_0)","decl":{"start":{"line":11,"column":0},"end":{"line":11,"column":13}},"loc":{"start":{"line":11,"column":0},"end":{"line":81,"column":1}}},"1":{"name":"(anonymous_1)","decl":{"start":{"line":14,"column":4},"end":{"line":14,"column":9}},"loc":{"start":{"line":14,"column":55},"end":{"line":39,"column":5}}},"2":{"name":"(anonymous_2)","decl":{"start":{"line":41,"column":4},"end":{"line":41,"column":9}},"loc":{"start":{"line":41,"column":34},"end":{"line":44,"column":5}}},"3":{"name":"(anonymous_3)","decl":{"start":{"line":46,"column":4},"end":{"line":46,"column":9}},"loc":{"start":{"line":46,"column":43},"end":{"line":49,"column":5}}},"4":{"name":"(anonymous_4)","decl":{"start":{"line":51,"column":4},"end":{"line":51,"column":9}},"loc":{"start":{"line":51,"column":45},"end":{"line":54,"column":5}}},"5":{"name":"(anonymous_5)","decl":{"start":{"line":56,"column":4},"end":{"line":56,"column":9}},"loc":{"start":{"line":59,"column":30},"end":{"line":75,"column":5}}},"6":{"name":"(anonymous_6)","decl":{"start":{"line":77,"column":4},"end":{"line":77,"column":9}},"loc":{"start":{"line":77,"column":33},"end":{"line":80,"column":5}}}},"branchMap":{"0":{"loc":{"start":{"line":18,"column":26},"end":{"line":18,"column":92}},"type":"cond-expr","locations":[{"start":{"line":18,"column":47},"end":{"line":18,"column":85}},{"start":{"line":18,"column":88},"end":{"line":18,"column":92}}]},"1":{"loc":{"start":{"line":20,"column":30},"end":{"line":22,"column":22}},"type":"cond-expr","locations":[{"start":{"line":21,"column":18},"end":{"line":21,"column":60}},{"start":{"line":22,"column":18},"end":{"line":22,"column":22}}]},"2":{"loc":{"start":{"line":24,"column":25},"end":{"line":24,"column":50}},"type":"binary-expr","locations":[{"start":{"line":24,"column":25},"end":{"line":24,"column":42}},{"start":{"line":24,"column":46},"end":{"line":24,"column":50}}]},"3":{"loc":{"start":{"line":25,"column":24},"end":{"line":25,"column":46}},"type":"binary-expr","locations":[{"start":{"line":25,"column":24},"end":{"line":25,"column":40}},{"start":{"line":25,"column":44},"end":{"line":25,"column":46}}]},"4":{"loc":{"start":{"line":26,"column":29},"end":{"line":26,"column":58}},"type":"binary-expr","locations":[{"start":{"line":26,"column":29},"end":{"line":26,"column":50}},{"start":{"line":26,"column":54},"end":{"line":26,"column":58}}]},"5":{"loc":{"start":{"line":27,"column":29},"end":{"line":27,"column":58}},"type":"binary-expr","locations":[{"start":{"line":27,"column":29},"end":{"line":27,"column":50}},{"start":{"line":27,"column":54},"end":{"line":27,"column":58}}]},"6":{"loc":{"start":{"line":28,"column":30},"end":{"line":28,"column":60}},"type":"binary-expr","locations":[{"start":{"line":28,"column":30},"end":{"line":28,"column":52}},{"start":{"line":28,"column":56},"end":{"line":28,"column":60}}]},"7":{"loc":{"start":{"line":29,"column":24},"end":{"line":29,"column":50}},"type":"binary-expr","locations":[{"start":{"line":29,"column":24},"end":{"line":29,"column":40}},{"start":{"line":29,"column":44},"end":{"line":29,"column":50}}]},"8":{"loc":{"start":{"line":32,"column":19},"end":{"line":32,"column":38}},"type":"binary-expr","locations":[{"start":{"line":32,"column":19},"end":{"line":32,"column":30}},{"start":{"line":32,"column":34},"end":{"line":32,"column":38}}]},"9":{"loc":{"start":{"line":33,"column":27},"end":{"line":33,"column":54}},"type":"binary-expr","locations":[{"start":{"line":33,"column":27},"end":{"line":33,"column":46}},{"start":{"line":33,"column":50},"end":{"line":33,"column":54}}]},"10":{"loc":{"start":{"line":34,"column":24},"end":{"line":34,"column":52}},"type":"binary-expr","locations":[{"start":{"line":34,"column":24},"end":{"line":34,"column":40}},{"start":{"line":34,"column":44},"end":{"line":34,"column":52}}]},"11":{"loc":{"start":{"line":35,"column":22},"end":{"line":35,"column":80}},"type":"cond-expr","locations":[{"start":{"line":35,"column":39},"end":{"line":35,"column":73}},{"start":{"line":35,"column":76},"end":{"line":35,"column":80}}]},"12":{"loc":{"start":{"line":36,"column":20},"end":{"line":36,"column":43}},"type":"binary-expr","locations":[{"start":{"line":36,"column":20},"end":{"line":36,"column":32}},{"start":{"line":36,"column":36},"end":{"line":36,"column":43}}]},"13":{"loc":{"start":{"line":43,"column":15},"end":{"line":43,"column":50}},"type":"cond-expr","locations":[{"start":{"line":43,"column":24},"end":{"line":43,"column":43}},{"start":{"line":43,"column":46},"end":{"line":43,"column":50}}]},"14":{"loc":{"start":{"line":63,"column":8},"end":{"line":65,"column":9}},"type":"if","locations":[{"start":{"line":63,"column":8},"end":{"line":65,"column":9}},{"start":{},"end":{}}]},"15":{"loc":{"start":{"line":66,"column":8},"end":{"line":68,"column":9}},"type":"if","locations":[{"start":{"line":66,"column":8},"end":{"line":68,"column":9}},{"start":{},"end":{}}]},"16":{"loc":{"start":{"line":69,"column":8},"end":{"line":71,"column":9}},"type":"if","locations":[{"start":{"line":69,"column":8},"end":{"line":71,"column":9}},{"start":{},"end":{}}]},"17":{"loc":{"start":{"line":74,"column":15},"end":{"line":74,"column":50}},"type":"cond-expr","locations":[{"start":{"line":74,"column":24},"end":{"line":74,"column":43}},{"start":{"line":74,"column":46},"end":{"line":74,"column":50}}]},"18":{"loc":{"start":{"line":79,"column":15},"end":{"line":79,"column":50}},"type":"cond-expr","locations":[{"start":{"line":79,"column":24},"end":{"line":79,"column":43}},{"start":{"line":79,"column":46},"end":{"line":79,"column":50}}]}},"s":{"0":4,"1":4,"2":4,"3":13,"4":2,"5":2,"6":2,"7":3,"8":3,"9":1,"10":1,"11":2,"12":2,"13":3,"14":3,"15":1,"16":3,"17":0,"18":3,"19":0,"20":3,"21":3,"22":2,"23":2,"24":4},"f":{"0":13,"1":2,"2":3,"3":1,"4":2,"5":3,"6":2},"b":{"0":[2,0],"1":[0,2],"2":[2,1],"3":[2,1],"4":[2,1],"5":[2,1],"6":[2,1],"7":[2,0],"8":[2,2],"9":[2,2],"10":[2,0],"11":[0,2],"12":[2,0],"13":[1,2],"14":[1,2],"15":[0,3],"16":[0,3],"17":[1,2],"18":[1,1]}}
,"C:\\Users\\hadar\\OneDrive\\הדר - לימודים\\פיתוח אפליקציות מתקדם\\assignments\\server\\src\\modules\\recipes\\recpies.model.ts": {"path":"C:\\Users\\hadar\\OneDrive\\הדר - לימודים\\פיתוח אפליקציות מתקדם\\assignments\\server\\src\\modules\\recipes\\recpies.model.ts","statementMap":{"0":{"start":{"line":1,"column":0},"end":{"line":1,"column":58}},"1":{"start":{"line":48,"column":25},"end":{"line":53,"column":18}},"2":{"start":{"line":55,"column":19},"end":{"line":59,"column":18}},"3":{"start":{"line":61,"column":20},"end":{"line":67,"column":18}},"4":{"start":{"line":69,"column":21},"end":{"line":90,"column":2}},"5":{"start":{"line":87,"column":46},"end":{"line":87,"column":48}},"6":{"start":{"line":88,"column":58},"end":{"line":88,"column":68}},"7":{"start":{"line":89,"column":58},"end":{"line":89,"column":68}},"8":{"start":{"line":92,"column":13},"end":{"line":92,"column":65}},"9":{"start":{"line":93,"column":0},"end":{"line":93,"column":27}}},"fnMap":{"0":{"name":"(anonymous_0)","decl":{"start":{"line":87,"column":39},"end":{"line":87,"column":42}},"loc":{"start":{"line":87,"column":46},"end":{"line":87,"column":48}}},"1":{"name":"(anonymous_1)","decl":{"start":{"line":88,"column":52},"end":{"line":88,"column":55}},"loc":{"start":{"line":88,"column":58},"end":{"line":88,"column":68}}},"2":{"name":"(anonymous_2)","decl":{"start":{"line":89,"column":52},"end":{"line":89,"column":55}},"loc":{"start":{"line":89,"column":58},"end":{"line":89,"column":68}}}},"branchMap":{},"s":{"0":4,"1":4,"2":4,"3":4,"4":4,"5":2,"6":2,"7":2,"8":4,"9":4},"f":{"0":2,"1":2,"2":2},"b":{}}
,"C:\\Users\\hadar\\OneDrive\\הדר - לימודים\\פיתוח אפליקציות מתקדם\\assignments\\server\\src\\modules\\recipes\\resipes.repo.ts": {"path":"C:\\Users\\hadar\\OneDrive\\הדר - לימודים\\פיתוח אפליקציות מתקדם\\assignments\\server\\src\\modules\\recipes\\resipes.repo.ts","statementMap":{"0":{"start":{"line":2,"column":0},"end":{"line":2,"column":54}},"1":{"start":{"line":7,"column":19},"end":{"line":7,"column":40}},"2":{"start":{"line":8,"column":24},"end":{"line":8,"column":43}},"3":{"start":{"line":9,"column":4},"end":{"line":9,"column":78}},"4":{"start":{"line":13,"column":4},"end":{"line":15,"column":14}},"5":{"start":{"line":19,"column":39},"end":{"line":19,"column":41}},"6":{"start":{"line":21,"column":4},"end":{"line":21,"column":70}},"7":{"start":{"line":21,"column":29},"end":{"line":21,"column":70}},"8":{"start":{"line":22,"column":4},"end":{"line":22,"column":61}},"9":{"start":{"line":22,"column":26},"end":{"line":22,"column":61}},"10":{"start":{"line":23,"column":4},"end":{"line":23,"column":52}},"11":{"start":{"line":23,"column":23},"end":{"line":23,"column":52}},"12":{"start":{"line":26,"column":4},"end":{"line":28,"column":5}},"13":{"start":{"line":27,"column":6},"end":{"line":27,"column":52}},"14":{"start":{"line":30,"column":4},"end":{"line":30,"column":64}},"15":{"start":{"line":30,"column":27},"end":{"line":30,"column":64}},"16":{"start":{"line":33,"column":4},"end":{"line":35,"column":5}},"17":{"start":{"line":34,"column":6},"end":{"line":34,"column":61}},"18":{"start":{"line":36,"column":4},"end":{"line":36,"column":35}},"19":{"start":{"line":38,"column":17},"end":{"line":38,"column":33}},"20":{"start":{"line":39,"column":18},"end":{"line":39,"column":36}},"21":{"start":{"line":40,"column":22},"end":{"line":40,"column":50}},"22":{"start":{"line":41,"column":22},"end":{"line":41,"column":57}},"23":{"start":{"line":43,"column":4},"end":{"line":48,"column":14}},"24":{"start":{"line":52,"column":4},"end":{"line":58,"column":12}},"25":{"start":{"line":62,"column":4},"end":{"line":62,"column":58}},"26":{"start":{"line":5,"column":0},"end":{"line":5,"column":13}}},"fnMap":{"0":{"name":"(anonymous_0)","decl":{"start":{"line":6,"column":2},"end":{"line":6,"column":7}},"loc":{"start":{"line":6,"column":36},"end":{"line":10,"column":3}}},"1":{"name":"(anonymous_1)","decl":{"start":{"line":12,"column":2},"end":{"line":12,"column":7}},"loc":{"start":{"line":12,"column":27},"end":{"line":16,"column":3}}},"2":{"name":"(anonymous_2)","decl":{"start":{"line":18,"column":2},"end":{"line":18,"column":7}},"loc":{"start":{"line":18,"column":40},"end":{"line":49,"column":3}}},"3":{"name":"(anonymous_3)","decl":{"start":{"line":51,"column":2},"end":{"line":51,"column":7}},"loc":{"start":{"line":51,"column":56},"end":{"line":59,"column":3}}},"4":{"name":"(anonymous_4)","decl":{"start":{"line":61,"column":2},"end":{"line":61,"column":7}},"loc":{"start":{"line":61,"column":29},"end":{"line":63,"column":3}}}},"branchMap":{"0":{"loc":{"start":{"line":21,"column":4},"end":{"line":21,"column":70}},"type":"if","locations":[{"start":{"l
[...]
9}},"73":{"start":{"line":451,"column":35},"end":{"line":451,"column":57}},"74":{"start":{"line":453,"column":14},"end":{"line":460,"column":17}},"75":{"start":{"line":462,"column":16},"end":{"line":462,"column":33}},"76":{"start":{"line":466,"column":94},"end":{"line":468,"column":10}},"77":{"start":{"line":469,"column":8},"end":{"line":494,"column":11}},"78":{"start":{"line":477,"column":39},"end":{"line":477,"column":41}},"79":{"start":{"line":478,"column":12},"end":{"line":493,"column":13}},"80":{"start":{"line":479,"column":16},"end":{"line":479,"column":130}},"81":{"start":{"line":481,"column":35},"end":{"line":481,"column":57}},"82":{"start":{"line":483,"column":14},"end":{"line":490,"column":17}},"83":{"start":{"line":492,"column":16},"end":{"line":492,"column":33}},"84":{"start":{"line":496,"column":91},"end":{"line":503,"column":10}},"85":{"start":{"line":504,"column":8},"end":{"line":529,"column":11}},"86":{"start":{"line":512,"column":39},"end":{"line":512,"column":41}},"87":{"start":{"line":513,"column":12},"end":{"line":528,"column":13}},"88":{"start":{"line":514,"column":16},"end":{"line":514,"column":127}},"89":{"start":{"line":516,"column":35},"end":{"line":516,"column":57}},"90":{"start":{"line":518,"column":14},"end":{"line":525,"column":17}},"91":{"start":{"line":527,"column":16},"end":{"line":527,"column":33}},"92":{"start":{"line":531,"column":97},"end":{"line":533,"column":10}},"93":{"start":{"line":534,"column":8},"end":{"line":559,"column":11}},"94":{"start":{"line":542,"column":39},"end":{"line":542,"column":41}},"95":{"start":{"line":543,"column":12},"end":{"line":558,"column":13}},"96":{"start":{"line":544,"column":16},"end":{"line":544,"column":133}},"97":{"start":{"line":546,"column":35},"end":{"line":546,"column":57}},"98":{"start":{"line":548,"column":14},"end":{"line":555,"column":17}},"99":{"start":{"line":557,"column":16},"end":{"line":557,"column":33}},"100":{"start":{"line":561,"column":93},"end":{"line":564,"column":10}},"101":{"start":{"line":565,"column":8},"end":{"line":590,"column":11}},"102":{"start":{"line":573,"column":39},"end":{"line":573,"column":41}},"103":{"start":{"line":574,"column":12},"end":{"line":589,"column":13}},"104":{"start":{"line":575,"column":16},"end":{"line":575,"column":129}},"105":{"start":{"line":577,"column":35},"end":{"line":577,"column":57}},"106":{"start":{"line":579,"column":14},"end":{"line":586,"column":17}},"107":{"start":{"line":588,"column":16},"end":{"line":588,"column":33}},"108":{"start":{"line":592,"column":93},"end":{"line":594,"column":10}},"109":{"start":{"line":595,"column":8},"end":{"line":620,"column":11}},"110":{"start":{"line":603,"column":39},"end":{"line":603,"column":41}},"111":{"start":{"line":604,"column":12},"end":{"line":619,"column":13}},"112":{"start":{"line":605,"column":16},"end":{"line":605,"column":129}},"113":{"start":{"line":607,"column":35},"end":{"line":607,"column":57}},"114":{"start":{"line":609,"column":14},"end":{"line":616,"column":17}},"115":{"start":{"line":618,"column":16},"end":{"line":618,"column":33}},"116":{"start":{"line":622,"column":92},"end":{"line":625,"column":10}},"117":{"start":{"line":626,"column":8},"end":{"line":657,"column":11}},"118":{"start":{"line":640,"column":39},"end":{"line":640,"column":41}},"119":{"start":{"line":641,"column":12},"end":{"line":656,"column":13}},"120":{"start":{"line":642,"column":16},"end":{"line":642,"column":128}},"121":{"start":{"line":644,"column":35},"end":{"line":644,"column":57}},"122":{"start":{"line":646,"column":14},"end":{"line":653,"column":17}},"123":{"start":{"line":655,"column":16},"end":{"line":655,"column":33}},"124":{"start":{"line":659,"column":96},"end":{"line":661,"column":10}},"125":{"start":{"line":662,"column":8},"end":{"line":687,"column":11}},"126":{"start":{"line":670,"column":39},"end":{"line":670,"column":41}},"127":{"start":{"line":671,"column":12},"end":{"line":686,"column":13}},"128":{"start":{"line":672,"column":16},"end":{"line":672,"column":132}},"129":{"start":{"line":674,"column":35},"end":{"line":674,"column":59}},"130":{"start":{"line":676,"column":14},"end":{"line":683,"column":17}},"131":{"start":{"line":685,"column":16},"end":{"line":685,"column":33}},"132":{"start":{"line":689,"column":97},"end":{"line":691,"column":10}},"133":{"start":{"line":692,"column":8},"end":{"line":717,"column":11}},"134":{"start":{"line":700,"column":39},"end":{"line":700,"column":41}},"135":{"start":{"line":701,"column":12},"end":{"line":716,"column":13}},"136":{"start":{"line":702,"column":16},"end":{"line":702,"column":133}},"137":{"start":{"line":704,"column":35},"end":{"line":704,"column":59}},"138":{"start":{"line":706,"column":14},"end":{"line":713,"column":17}},"139":{"start":{"line":715,"column":16},"end":{"line":715,"column":33}},"140":{"start":{"line":719,"column":102},"end":{"line":721,"column":10}},"141":{"start":{"line":722,"column":8},"end":{"line":747,"column":11}},"142":{"start":{"line":730,"column":39},"end":{"line":730,"column":41}},"143":{"start":{"line":731,"column":12},"end":{"line":746,"column":13}},"144":{"start":{"line":732,"column":16},"end":{"line":732,"column":138}},"145":{"start":{"line":734,"column":35},"end":{"line":734,"column":59}},"146":{"start":{"line":736,"column":14},"end":{"line":743,"column":17}},"147":{"start":{"line":745,"column":16},"end":{"line":745,"column":33}},"148":{"start":{"line":749,"column":96},"end":{"line":752,"column":10}},"149":{"start":{"line":753,"column":8},"end":{"line":778,"column":11}},"150":{"start":{"line":761,"column":39},"end":{"line":761,"column":41}},"151":{"start":{"line":762,"column":12},"end":{"line":777,"column":13}},"152":{"start":{"line":763,"column":16},"end":{"line":763,"column":132}},"153":{"start":{"line":765,"column":35},"end":{"line":765,"column":59}},"154":{"start":{"line":767,"column":14},"end":{"line":774,"column":17}},"155":{"start":{"line":776,"column":16},"end":{"line":776,"column":33}},"156":{"start":{"line":780,"column":96},"end":{"line":782,"column":10}},"157":{"start":{"line":783,"column":8},"end":{"line":808,"column":11}},"158":{"start":{"line":791,"column":39},"end":{"line":791,"column":41}},"159":{"start":{"line":792,"column":12},"end":{"line":807,"column":13}},"160":{"start":{"line":793,"column":16},"end":{"line":793,"column":132}},"161":{"start":{"line":795,"column":35},"end":{"line":795,"column":59}},"162":{"start":{"line":797,"column":14},"end":{"line":804,"column":17}},"163":{"start":{"line":806,"column":16},"end":{"line":806,"column":33}},"164":{"start":{"line":810,"column":87},"end":{"line":812,"column":10}},"165":{"start":{"line":813,"column":8},"end":{"line":838,"column":11}},"166":{"start":{"line":821,"column":39},"end":{"line":821,"column":41}},"167":{"start":{"line":822,"column":12},"end":{"line":837,"column":13}},"168":{"start":{"line":823,"column":16},"end":{"line":823,"column":123}},"169":{"start":{"line":825,"column":35},"end":{"line":825,"column":55}},"170":{"start":{"line":827,"column":14},"end":{"line":834,"column":17}},"171":{"start":{"line":836,"column":16},"end":{"line":836,"column":33}},"172":{"start":{"line":840,"column":84},"end":{"line":842,"column":10}},"173":{"start":{"line":843,"column":8},"end":{"line":868,"column":11}},"174":{"start":{"line":851,"column":39},"end":{"line":851,"column":41}},"175":{"start":{"line":852,"column":12},"end":{"line":867,"column":13}},"176":{"start":{"line":853,"column":16},"end":{"line":853,"column":120}},"177":{"start":{"line":855,"column":35},"end":{"line":855,"column":55}},"178":{"start":{"line":857,"column":14},"end":{"line":864,"column":17}},"179":{"start":{"line":866,"column":16},"end":{"line":866,"column":33}},"180":{"start":{"line":870,"column":81},"end":{"line":872,"column":10}},"181":{"start":{"line":873,"column":8},"end":{"line":899,"column":11}},"182":{"start":{"line":882,"column":39},"end":{"line":882,"column":41}},"183":{"start":{"line":883,"column":12},"end":{"line":898,"column":13}},"184":{"start":{"line":884,"column":16},"end":{"line":884,"column":117}},"185":{"start":{"line":886,"column":35},"end":{"line":886,"column":55}},"186":{"start":{"line":888,"column":14},"end":{"line":895,"column":17}},"187":{"start":{"line":897,"column":16},"end":{"line":897,"column":33}},"188":{"start":{"line":901,"column":85},"end":{"line":903,"column":10}},"189":{"start":{"line":904,"column":8},"end":{"line":930,"column":11}},"190":{"start":{"line":913,"column":39},"end":{"line":913,"column":41}},"191":{"start":{"line":914,"column":12},"end":{"line":929,"column":13}},"192":{"start":{"line":915,"column":16},"end":{"line":915,"column":121}},"193":{"start":{"line":917,"column":35},"end":{"line":917,"column":55}},"194":{"start":{"line":919,"column":14},"end":{"line":926,"column":17}},"195":{"start":{"line":928,"column":16},"end":{"line":928,"column":33}},"196":{"start":{"line":932,"column":86},"end":{"line":934,"column":10}},"197":{"start":{"line":935,"column":8},"end":{"line":960,"column":11}},"198":{"start":{"line":943,"column":39},"end":{"line":943,"column":41}},"199":{"start":{"line":944,"column":12},"end":{"line":959,"column":13}},"200":{"start":{"line":945,"column":16},"end":{"line":945,"column":122}},"201":{"start":{"line":947,"column":35},"end":{"line":947,"column":55}},"202":{"start":{"line":949,"column":14},"end":{"line":956,"column":17}},"203":{"start":{"line":958,"column":16},"end":{"line":958,"column":33}},"204":{"start":{"line":969,"column":8},"end":{"line":1033,"column":null}},"205":{"start":{"line":976,"column":42},"end":{"line":976,"column":44}},"206":{"start":{"line":977,"column":35},"end":{"line":980,"column":13}},"207":{"start":{"line":978,"column":16},"end":{"line":978,"column":43}},"208":{"start":{"line":979,"column":16},"end":{"line":979,"column":28}},"209":{"start":{"line":982,"column":56},"end":{"line":982,"column":58}},"210":{"start":{"line":983,"column":12},"end":{"line":1006,"column":13}},"211":{"start":{"line":984,"column":16},"end":{"line":1005,"column":17}},"212":{"start":{"line":985,"column":65},"end":{"line":985,"column":67}},"213":{"start":{"line":987,"column":20},"end":{"line":992,"column":21}},"214":{"start":{"line":988,"column":24},"end":{"line":991,"column":26}},"215":{"start":{"line":996,"column":20},"end":{"line":997,"column":62}},"216":{"start":{"line":997,"column":41},"end":{"line":997,"column":57}},"217":{"start":{"line":999,"column":20},"end":{"line":1004,"column":21}},"218":{"start":{"line":1000,"column":24},"end":{"line":1003,"column":26}},"219":{"start":{"line":1010,"column":12},"end":{"line":1030,"column":13}},"220":{"start":{"line":1011,"column":16},"end":{"line":1011,"column":73}},"221":{"start":{"line":1014,"column":16},"end":{"line":1016,"column":17}},"222":{"start":{"line":1015,"column":20},"end":{"line":1015,"column":27}},"223":{"start":{"line":1018,"column":16},"end":{"line":1018,"column":23}},"224":{"start":{"line":1022,"column":30},"end":{"line":1022,"column":50}},"225":{"start":{"line":1023,"column":16},"end":{"line":1023,"column":51}},"226":{"start":{"line":1026,"column":16},"end":{"line":1028,"column":17}},"227":{"start":{"line":1027,"column":20},"end":{"line":1027,"column":27}},"228":{"start":{"line":1029,"column":16},"end":{"line":1029,"column":28}}},"fnMap":{"0":{"name":"RegisterRoutes","decl":{"start":{"line":208,"column":16},"end":{"line":208,"column":30}},"loc":{"start":{"line":208,"column":84},"end":{"line":1037,"column":1}}},"1":{"name":"UsersController_createUser","decl":{"start":{"line":225,"column":27},"end":{"line":225,"column":53}},"loc":{"start":{"line":225,"column":105},"end":{"line":246,"column":9}}},"2":{"name":"UsersController_getUsers","decl":{"start":{"line":254,"column":27},"end":{"line":254,"column":51}},"loc":{"start":{"line":254,"column":103},"end":{"line":275,"column":9}}},"3":{"name":"UsersController_getUserById","decl":{"start":{"line":284,"column":27},"end":{"line":284,"column":54}},"loc":{"start":{"line":284,"column":106},"end":{"line":305,"column":9}}},"4":{"name":"UsersController_updateUser","decl":{"start":{"line":315,"column":27},"end":{"line":315,"column":53}},"loc":{"start":{"line":315,"column":105},"end":{"line":336,"column":9}}},"5":{"name":"UsersController_updateProfile","decl":{"start":{"line":346,"column":27},"end":{"line":346,"column":56}},"loc":{"start":{"line":346,"column":108},"end":{"line":367,"column":9}}},"6":{"name":"UsersController_uploadAvatar","decl":{"start":{"line":383,"column":27},"end":{"line":383,"column":55}},"loc":{"start":{"line":383,"column":107},"end":{"line":404,"column":9}}},"7":{"name":"UsersController_deleteUser","decl":{"start":{"line":413,"column":27},"end":{"line":413,"column":53}},"loc":{"start":{"line":413,"column":105},"end":{"line":434,"column":9}}},"8":{"name":"RecipeController_createRecipe","decl":{"start":{"line":443,"column":27},"end":{"line":443,"column":56}},"loc":{"start":{"line":443,"column":108},"end":{"line":464,"column":9}}},"9":{"name":"RecipeController_getRecipeById","decl":{"start":{"line":473,"column":27},"end":{"line":473,"column":57}},"loc":{"start":{"line":473,"column":109},"end":{"line":494,"column":9}}},"10":{"name":"RecipeController_getRecipes","decl":{"start":{"line":508,"column":27},"end":{"line":508,"column":54}},"loc":{"start":{"line":508,"column":106},"end":{"line":529,"column":9}}},"11":{"name":"RecipeController_getRecipesByUser","decl":{"start":{"line":538,"column":27},"end":{"line":538,"column":60}},"loc":{"start":{"line":538,"column":112},"end":{"line":559,"column":9}}},"12":{"name":"RecipeController_updateRecipe","decl":{"start":{"line":569,"column":27},"end":{"line":569,"column":56}},"loc":{"start":{"line":569,"column":108},"end":{"line":590,"column":9}}},"13":{"name":"RecipeController_deleteRecipe","decl":{"start":{"line":599,"column":27},"end":{"line":599,"column":56}},"loc":{"start":{"line":599,"column":108},"end":{"line":620,"column":9}}},"14":{"name":"RecipeController_uploadImage","decl":{"start":{"line":636,"column":27},"end":{"line":636,"column":55}},"loc":{"start":{"line":636,"column":107},"end":{"line":657,"column":9}}},"15":{"name":"CommentsController_createComment","decl":{"start":{"line":666,"column":27},"end":{"line":666,"column":59}},"loc":{"start":{"line":666,"column":111},"end":{"line":687,"column":9}}},"16":{"name":"CommentsController_getCommentById","decl":{"start":{"line":696,"column":27},"end":{"line":696,"column":60}},"loc":{"start":{"line":696,"column":112},"end":{"line":717,"column":9}}},"17":{"name":"CommentsController_getCommentsByRecipe","decl":{"start":{"line":726,"column":27},"end":{"line":726,"column":65}},"loc":{"start":{"line":726,"column":117},"end":{"line":747,"column":9}}},"18":{"name":"CommentsController_updateComment","decl":{"start":{"line":757,"column":27},"end":{"line":757,"column":59}},"loc":{"start":{"line":757,"column":111},"end":{"line":778,"column":9}}},"19":{"name":"CommentsController_deleteComment","decl":{"start":{"line":787,"column":27},"end":{"line":787,"column":59}},"loc":{"start":{"line":787,"column":111},"end":{"line":808,"column":9}}},"20":{"name":"AuthController_register","decl":{"start":{"line":817,"column":27},"end":{"line":817,"column":50}},"loc":{"start":{"line":817,"column":102},"end":{"line":838,"column":9}}},"21":{"name":"AuthController_login","decl":{"start":{"line":847,"column":27},"end":{"line":847,"column":47}},"loc":{"start":{"line":847,"column":99},"end":{"line":868,"column":9}}},"22":{"name":"AuthController_me","decl":{"start":{"line":878,"column":27},"end":{"line":878,"column":44}},"loc":{"start":{"line":878,"column":96},"end":{"line":899,"column":9}}},"23":{"name":"AuthController_logout","decl":{"start":{"line":909,"column":27},"end":{"line":909,"column":48}},"loc":{"start":{"line":909,"column":100},"end":{"line":930,"column":9}}},"24":{"name":"AuthController_refresh","decl":{"start":{"line":939,"column":27},"end":{"line":939,"column":49}},"loc":{"start":{"line":939,"column":101},"end":{"line":960,"column":9}}},"25":{"name":"authenticateMiddleware","decl":{"start":{"line":968,"column":13},"end":{"line":968,"column":35}},"loc":{"start":{"line":968,"column":71},"end":{"line":1034,"column":5}}},"26":{"name":"runAuthenticationMiddleware","decl":{"start":{"line":969,"column":30},"end":{"line":969,"column":57}},"loc":{"start":{"line":969,"column":96},"end":{"line":1033,"column":9}}},"27":{"name":"(anonymous_28)","decl":{"start":{"line":977,"column":35},"end":{"line":977,"column":36}},"loc":{"start":{"line":977,"column":50},"end":{"line":980,"column":13}}},"28":{"name":"(anonymous_29)","decl":{"start":{"line":997,"column":30},"end":{"line":997,"column":35}},"loc":{"start":{"line":997,"column":38},"end":{"line":997,"column":59}}}},"branchMap":{"0":{"loc":{"start":{"line":215,"column":19},"end":{"line":215,"column":75}},"type":"binary-expr","locations":[{"start":{"line":215,"column":19},"end":{"line":215,"column":31}},{"start":{"line":215,"column":36},"end":{"line":215,"column":75}}]},"1":{"loc":{"start":{"line":968,"column":36},"end":{"line":968,"column":71}},"type":"default-arg","locations":[{"start":{"line":968,"column":69},"end":{"line":968,"column":71}}]},"2":{"loc":{"start":{"line":984,"column":16},"end":{"line":1005,"column":17}},"type":"if","locations":[{"start":{"line":984,"column":16},"end":{"line":1005,"column":17}},{"start":{"line":998,"column":23},"end":{"line":1005,"column":17}}]},"3":{"loc":{"start":{"line":1014,"column":16},"end":{"line":1016,"column":17}},"type":"if","locations":[{"start":{"line":1014,"column":16},"end":{"line":1016,"column":17}},{"start":{},"end":{}}]},"4":{"loc":{"start":{"line":1023,"column":31},"end":{"line":1023,"column":50}},"type":"binary-expr","locations":[{"start":{"line":1023,"column":31},"end":{"line":1023,"column":43}},{"start":{"line":1023,"column":47},"end":{"line":1023,"column":50}}]},"5":{"loc":{"start":{"line":1026,"column":16},"end":{"line":1028,"column":17}},"type":"if","locations":[{"start":{"line":1026,"column":16},"end":{"line":1028,"column":17}},{"start":{},"end":{}}]}},"s":{"0":4,"1":4,"2":4,"3":4,"4":4,"5":4,"6":4,"7":4,"8":4,"9":4,"10":4,"11":4,"12":4,"13":4,"14":1,"15":1,"16":1,"17":0,"18":0,"19":1,"20":4,"21":4,"22":1,"23":1,"24":1,"25":1,"26":1,"27":0,"28":4,"29":4,"30":1,"31":1,"32":1,"33":1,"34":1,"35":0,"36":4,"37":4,"38":0,"39":0,"40":0,"41":0,"42":0,"43":0,"44":4,"45":4,"46":0,"47":0,"48":0,"49":0,"50":0,"51":0,"52":4,"53":4,"54":0,"55":0,"56":0,"57":0,"58":0,"59":0,"60":4,"61":4,"62":0,"63":0,"64":0,"65":0,"66":0,"67":0,"68":4,"69":4,"70":2,"71":2,"72":2,"73":2,"74":2,"75":0,"76":4,"77":4,"78":3,"79":3,"80":3,"81":3,"82":3,"83":0,"84":4,"85":4,"86":2,"87":2,"88":2,"89":2,"90":2,"91":0,"92":4,"93":4,"94":1,"95":1,"96":1,"97":1,"98":1,"99":0,"100":4,"101":4,"102":2,"103":2,"104":2,"105":2,"106":2,"107":0,"108":4,"109":4,"110":2,"111":2,"112":2,"113":2,"114":2,"115":0,"116":4,"117":4,"118":2,"119":2,"120":2,"121":1,"122":1,"123":1,"124":4,"125":4,"126":1,"127":1,"128":1,"129":1,"130":1,"131":0,"132":4,"133":4,"134":2,"135":2,"136":2,"137":2,"138":2,"139":0,"140":4,"141":4,"142":1,"143":1,"144":1,"145":1,"146":1,"147":0,"148":4,"149":4,"150":1,"151":1,"152":1,"153":1,"154":1,"155":0,"156":4,"157":4,"158":1,"159":1,"160":1,"161":1,"162":1,"163":0,"164":4,"165":4,"166":2,"167":2,"168":2,"169":1,"170":1,"171":1,"172":4,"173":4,"174":4,"175":4,"176":4,"177":3,"178":3,"179":1,"180":4,"181":4,"182":0,"183":0,"184":0,"185":0,"186":0,"187":0,"188":4,"189":4,"190":0,"191":0,"192":0,"193":0,"194":0,"195":0,"196":4,"197":4,"198":2,"199":2,"200":2,"201":1,"202":1,"203":1,"204":8,"205":2,"206":2,"207":2,"208":2,"209":2,"210":2,"211":2,"212":0,"213":0,"214":0,"215":0,"216":0,"217":2,"218":2,"219":2,"220":2,"221":0,"222":0,"223":0,"224":2,"225":2,"226":2,"227":0,"228":2},"f":{"0":4,"1":1,"2":1,"3":1,"4":0,"5":0,"6":0,"7":0,"8":2,"9":3,"10":2,"11":1,"12":2,"13":2,"14":2,"15":1,"16":2,"17":1,"18":1,"19":1,"20":2,"21":4,"22":0,"23":0,"24":2,"25":8,"26":2,"27":2,"28":0},"b":{"0":[4,4],"1":[0],"2":[0,2],"3":[0,0],"4":[2,2],"5":[0,2]}}
}
