{"C:\\המכללה למנהל\\מטלה פיתוח אפליקציות אינטרנטיות\\assignments\\server\\src\\app.ts": {"path":"C:\\המכללה למנהל\\מטלה פיתוח אפליקציות אינטרנטיות\\assignments\\server\\src\\app.ts","statementMap":{"0":{"start":{"line":1,"column":0},"end":{"line":1,"column":30}},"1":{"start":{"line":2,"column":0},"end":{"line":2,"column":43}},"2":{"start":{"line":3,"column":0},"end":{"line":3,"column":54}},"3":{"start":{"line":4,"column":0},"end":{"line":4,"column":48}},"4":{"start":{"line":5,"column":0},"end":{"line":5,"column":43}},"5":{"start":{"line":6,"column":0},"end":{"line":6,"column":41}},"6":{"start":{"line":7,"column":0},"end":{"line":7,"column":24}},"7":{"start":{"line":8,"column":0},"end":{"line":8,"column":24}},"8":{"start":{"line":10,"column":12},"end":{"line":10,"column":21}},"9":{"start":{"line":12,"column":0},"end":{"line":15,"column":4}},"10":{"start":{"line":17,"column":0},"end":{"line":17,"column":24}},"11":{"start":{"line":18,"column":0},"end":{"line":18,"column":48}},"12":{"start":{"line":20,"column":0},"end":{"line":20,"column":73}},"13":{"start":{"line":22,"column":0},"end":{"line":24,"column":3}},"14":{"start":{"line":23,"column":2},"end":{"line":23,"column":57}},"15":{"start":{"line":26,"column":0},"end":{"line":26,"column":63}},"16":{"start":{"line":28,"column":0},"end":{"line":28,"column":65}},"17":{"start":{"line":29,"column":0},"end":{"line":29,"column":71}},"18":{"start":{"line":31,"column":0},"end":{"line":31,"column":20}},"19":{"start":{"line":33,"column":0},"end":{"line":33,"column":25}},"20":{"start":{"line":35,"column":0},"end":{"line":35,"column":19}}},"fnMap":{"0":{"name":"(anonymous_1)","decl":{"start":{"line":22,"column":13},"end":{"line":22,"column":14}},"loc":{"start":{"line":22,"column":26},"end":{"line":24,"column":1}}}},"branchMap":{},"s":{"0":4,"1":4,"2":4,"3":4,"4":4,"5":4,"6":4,"7":4,"8":4,"9":4,"10":4,"11":4,"12":4,"13":4,"14":0,"15":4,"16":4,"17":4,"18":4,"19":4,"20":4},"f":{"0":0},"b":{}}
,"C:\\המכללה למנהל\\מטלה פיתוח אפליקציות אינטרנטיות\\assignments\\server\\src\\common\\index.ts": {"path":"C:\\המכללה למנהל\\מטלה פיתוח אפליקציות אינטרנטיות\\assignments\\server\\src\\common\\index.ts","statementMap":{"0":{"start":{"line":1,"column":0},"end":{"line":1,"column":35}},"1":{"start":{"line":2,"column":0},"end":{"line":2,"column":47}}},"fnMap":{},"branchMap":{},"s":{"0":4,"1":4},"f":{},"b":{}}
,"C:\\המכללה למנהל\\מטלה פיתוח אפליקציות אינטרנטיות\\assignments\\server\\src\\common\\multer.ts": {"path":"C:\\המכללה למנהל\\מטלה פיתוח אפליקציות אינטרנטיות\\assignments\\server\\src\\common\\multer.ts","statementMap":{"0":{"start":{"line":1,"column":0},"end":{"line":1,"column":28}},"1":{"start":{"line":2,"column":0},"end":{"line":2,"column":24}},"2":{"start":{"line":3,"column":0},"end":{"line":3,"column":20}},"3":{"start":{"line":5,"column":18},"end":{"line":5,"column":56}},"4":{"start":{"line":6,"column":19},"end":{"line":6,"column":57}},"5":{"start":{"line":7,"column":18},"end":{"line":7,"column":55}},"6":{"start":{"line":9,"column":0},"end":{"line":13,"column":3}},"7":{"start":{"line":10,"column":4},"end":{"line":12,"column":5}},"8":{"start":{"line":11,"column":8},"end":{"line":11,"column":47}},"9":{"start":{"line":15,"column":16},"end":{"line":29,"column":2}},"10":{"start":{"line":17,"column":8},"end":{"line":23,"column":9}},"11":{"start":{"line":18,"column":12},"end":{"line":18,"column":33}},"12":{"start":{"line":19,"column":15},"end":{"line":23,"column":9}},"13":{"start":{"line":20,"column":12},"end":{"line":20,"column":32}},"14":{"start":{"line":22,"column":12},"end":{"line":22,"column":32}},"15":{"start":{"line":26,"column":29},"end":{"line":26,"column":79}},"16":{"start":{"line":27,"column":8},"end":{"line":27,"column":65}},"17":{"start":{"line":31,"column":13},"end":{"line":31,"column":42}}},"fnMap":{"0":{"name":"(anonymous_1)","decl":{"start":{"line":9,"column":43},"end":{"line":9,"column":46}},"loc":{"start":{"line":9,"column":49},"end":{"line":13,"column":1}}},"1":{"name":"(anonymous_2)","decl":{"start":{"line":16,"column":17},"end":{"line":16,"column":18}},"loc":{"start":{"line":16,"column":35},"end":{"line":24,"column":5}}},"2":{"name":"(anonymous_3)","decl":{"start":{"line":25,"column":14},"end":{"line":25,"column":15}},"loc":{"start":{"line":25,"column":32},"end":{"line":28,"column":5}}}},"branchMap":{"0":{"loc":{"start":{"line":10,"column":4},"end":{"line":12,"column":5}},"type":"if","locations":[{"start":{"line":10,"column":4},"end":{"line":12,"column":5}},{"start":{},"end":{}}]},"1":{"loc":{"start":{"line":17,"column":8},"end":{"line":23,"column":9}},"type":"if","locations":[{"start":{"line":17,"column":8},"end":{"line":23,"column":9}},{"start":{"line":19,"column":15},"end":{"line":23,"column":9}}]},"2":{"loc":{"start":{"line":19,"column":15},"end":{"line":23,"column":9}},"type":"if","locations":[{"start":{"line":19,"column":15},"end":{"line":23,"column":9}},{"start":{"line":21,"column":15},"end":{"line":23,"column":9}}]}},"s":{"0":4,"1":4,"2":4,"3":4,"4":4,"5":4,"6":4,"7":12,"8":0,"9":4,"10":0,"11":0,"12":0,"13":0,"14":0,"15":0,"16":0,"17":4},"f":{"0":12,"1":0,"2":0},"b":{"0":[0,12],"1":[0,0],"2":[0,0]}}
,"C:\\המכללה למנהל\\מטלה פיתוח אפליקציות אינטרנטיות\\assignments\\server\\src\\common\\errors\\app-error.ts": {"path":"C:\\המכללה למנהל\\מטלה פיתוח אפליקציות אינטרנטיות\\assignments\\server\\src\\common\\errors\\app-error.ts","statementMap":{"0":{"start":{"line":6,"column":4},"end":{"line":6,"column":19}},"1":{"start":{"line":7,"column":4},"end":{"line":7,"column":33}},"2":{"start":{"line":8,"column":4},"end":{"line":8,"column":21}},"3":{"start":{"line":9,"column":4},"end":{"line":9,"column":52}},"4":{"start":{"line":1,"column":0},"end":{"line":1,"column":13}}},"fnMap":{"0":{"name":"(anonymous_0)","decl":{"start":{"line":5,"column":2},"end":{"line":5,"column":14}},"loc":{"start":{"line":5,"column":64},"end":{"line":10,"column":3}}}},"branchMap":{},"s":{"0":13,"1":13,"2":13,"3":13,"4":4},"f":{"0":13},"b":{}}
,"C:\\המכללה למנהל\\מטלה פיתוח אפליקציות אינטרנטיות\\assignments\\server\\src\\common\\middlewares\\error.middleware.ts": {"path":"C:\\המכללה למנהל\\מטלה פיתוח אפליקציות אינטרנטיות\\assignments\\server\\src\\common\\middlewares\\error.middleware.ts","statementMap":{"0":{"start":{"line":2,"column":0},"end":{"line":2,"column":37}},"1":{"start":{"line":3,"column":0},"end":{"line":3,"column":47}},"2":{"start":{"line":5,"column":31},"end":{"line":38,"column":1}},"3":{"start":{"line":12,"column":2},"end":{"line":14,"column":3}},"4":{"start":{"line":13,"column":4},"end":{"line":13,"column":61}},"5":{"start":{"line":17,"column":2},"end":{"line":22,"column":3}},"6":{"start":{"line":18,"column":4},"end":{"line":21,"column":7}},"7":{"start":{"line":25,"column":2},"end":{"line":30,"column":3}},"8":{"start":{"line":26,"column":4},"end":{"line":29,"column":7}},"9":{"start":{"line":33,"column":19},"end":{"line":33,"column":29}},"10":{"start":{"line":34,"column":2},"end":{"line":37,"column":5}},"11":{"start":{"line":5,"column":13},"end":{"line":5,"column":31}}},"fnMap":{"0":{"name":"(anonymous_0)","decl":{"start":{"line":5,"column":31},"end":{"line":5,"column":null}},"loc":{"start":{"line":10,"column":4},"end":{"line":38,"column":1}}}},"branchMap":{"0":{"loc":{"start":{"line":12,"column":2},"end":{"line":14,"column":3}},"type":"if","locations":[{"start":{"line":12,"column":2},"end":{"line":14,"column":3}},{"start":{},"end":{}}]},"1":{"loc":{"start":{"line":17,"column":2},"end":{"line":22,"column":3}},"type":"if","locations":[{"start":{"line":17,"column":2},"end":{"line":22,"column":3}},{"start":{},"end":{}}]},"2":{"loc":{"start":{"line":25,"column":2},"end":{"line":30,"column":3}},"type":"if","locations":[{"start":{"line":25,"column":2},"end":{"line":30,"column":3}},{"start":{},"end":{}}]},"3":{"loc":{"start":{"line":34,"column":20},"end":{"line":34,"column":65}},"type":"binary-expr","locations":[{"start":{"line":34,"column":20},"end":{"line":34,"column":39}},{"start":{"line":34,"column":43},"end":{"line":34,"column":58}},{"start":{"line":34,"column":62},"end":{"line":34,"column":65}}]},"4":{"loc":{"start":{"line":35,"column":13},"end":{"line":35,"column":56}},"type":"binary-expr","locations":[{"start":{"line":35,"column":13},"end":{"line":35,"column":29}},{"start":{"line":35,"column":33},"end":{"line":35,"column":56}}]}},"s":{"0":4,"1":4,"2":4,"3":19,"4":0,"5":19,"6":0,"7":19,"8":10,"9":9,"10":9,"11":4},"f":{"0":19},"b":{"0":[0,19],"1":[0,19],"2":[10,9],"3":[9,9,3],"4":[9,5]}}
,"C:\\המכללה למנהל\\מטלה פיתוח אפליקציות אינטרנטיות\\assignments\\server\\src\\common\\middlewares\\expressAuthentication.ts": {"path":"C:\\המכללה למנהל\\מטלה פיתוח אפליקציות אינטרנטיות\\assignments\\server\\src\\common\\middlewares\\expressAuthentication.ts","statementMap":{"0":{"start":{"line":7,"column":0},"end":{"line":7,"column":7}},"1":{"start":{"line":2,"column":0},"end":{"line":2,"column":31}},"2":{"start":{"line":3,"column":0},"end":{"line":3,"column":62}},"3":{"start":{"line":5,"column":20},"end":{"line":5,"column":37}},"4":{"start":{"line":12,"column":2},"end":{"line":14,"column":3}},"5":{"start":{"line":13,"column":4},"end":{"line":13,"column":64}},"6":{"start":{"line":16,"column":17},"end":{"line":16,"column":46}},"7":{"start":{"line":17,"column":2},"end":{"line":19,"column":3}},"8":{"start":{"line":18,"column":4},"end":{"line":18,"column":90}},"9":{"start":{"line":21,"column":16},"end":{"line":21,"column":53}},"10":{"start":{"line":22,"column":17},"end":{"line":22,"column":60}},"11":{"start":{"line":24,"column":2},"end":{"line":26,"column":3}},"12":{"start":{"line":25,"column":4},"end":{"line":25,"column":102}},"13":{"start":{"line":28,"column":2},"end":{"line":42,"column":3}},"14":{"start":{"line":29,"column":24},"end":{"line":29,"column":67}},"15":{"start":{"line":30,"column":4},"end":{"line":32,"column":5}},"16":{"start":{"line":31,"column":6},"end":{"line":31,"column":94}},"17":{"start":{"line":34,"column":20},"end":{"line":34,"column":52}},"18":{"start":{"line":36,"column":4},"end":{"line":39,"column":6}},"19":{"start":{"line":41,"column":4},"end":{"line":41,"column":92}}},"fnMap":{"0":{"name":"expressAuthentication","decl":{"start":{"line":7,"column":22},"end":{"line":7,"column":43}},"loc":{"start":{"line":10,"column":20},"end":{"line":43,"column":1}}}},"branchMap":{"0":{"loc":{"start":{"line":12,"column":2},"end":{"line":14,"column":3}},"type":"if","locations":[{"start":{"line":12,"column":2},"end":{"line":14,"column":3}},{"start":{},"end":{}}]},"1":{"loc":{"start":{"line":17,"column":2},"end":{"line":19,"column":3}},"type":"if","locations":[{"start":{"line":17,"column":2},"end":{"line":19,"column":3}},{"start":{},"end":{}}]},"2":{"loc":{"start":{"line":22,"column":17},"end":{"line":22,"column":60}},"type":"binary-expr","locations":[{"start":{"line":22,"column":17},"end":{"line":22,"column":39}},{"start":{"line":22,"column":43},"end":{"line":22,"column":60}}]},"3":{"loc":{"start":{"line":24,"column":2},"end":{"line":26,"column":3}},"type":"if","locations":[{"start":{"line":24,"column":2},"end":{"line":26,"column":3}},{"start":{},"end":{}}]},"4":{"loc":{"start":{"line":30,"column":4},"end":{"line":32,"column":5}},"type":"if","locations":[{"start":{"line":30,"column":4},"end":{"line":32,"column":5}},{"start":{},"end":{}}]},"5":{"loc":{"start":{"line":37,"column":10},"end":{"line":37,"column":35}},"type":"binary-expr","locations":[{"start":{"line":37,"column":10},"end":{"line":37,"column":21}},{"start":{"line":37,"column":25},"end":{"line":37,"column":35}}]}},"s":{"0":4,"1":4,"2":4,"3":4,"4":2,"5":0,"6":2,"7":2,"8":1,"9":1,"10":1,"11":1,"12":0,"13":1,"14":1,"15":1,"16":0,"17":1,"18":1,"19":0},"f":{"0":2},"b":{"0":[0,2],"1":[1,1],"2":[1,0],"3":[0,1],"4":[0,1],"5":[1,0]}}
,"C:\\המכללה למנהל\\מטלה פיתוח אפליקציות אינטרנטיות\\assignments\\server\\src\\controllers\\auth.tsoa.ts": {"path":"C:\\המכללה למנהל\\מטלה פיתוח אפליקציות אינטרנטיות\\assignments\\server\\src\\controllers\\auth.tsoa.ts","statementMap":{"0":{"start":{"line":1,"column":0},"end":{"line":1,"column":83}},"1":{"start":{"line":3,"column":0},"end":{"line":3,"column":37}},"2":{"start":{"line":4,"column":0},"end":{"line":4,"column":59}},"3":{"start":{"line":10,"column":7},"end":{"line":92,"column":null}},"4":{"start":{"line":11,"column":21},"end":{"line":11,"column":62}},"5":{"start":{"line":15,"column":8},"end":{"line":23,"column":9}},"6":{"start":{"line":16,"column":27},"end":{"line":16,"column":60}},"7":{"start":{"line":17,"column":12},"end":{"line":17,"column":32}},"8":{"start":{"line":18,"column":12},"end":{"line":18,"column":26}},"9":{"start":{"line":20,"column":27},"end":{"line":20,"column":62}},"10":{"start":{"line":21,"column":12},"end":{"line":21,"column":35}},"11":{"start":{"line":22,"column":12},"end":{"line":22,"column":22}},"12":{"start":{"line":28,"column":8},"end":{"line":36,"column":9}},"13":{"start":{"line":29,"column":27},"end":{"line":29,"column":57}},"14":{"start":{"line":30,"column":12},"end":{"line":30,"column":32}},"15":{"start":{"line":31,"column":12},"end":{"line":31,"column":26}},"16":{"start":{"line":33,"column":27},"end":{"line":33,"column":62}},"17":{"start":{"line":34,"column":12},"end":{"line":34,"column":35}},"18":{"start":{"line":35,"column":12},"end":{"line":35,"column":22}},"19":{"start":{"line":42,"column":8},"end":{"line":51,"column":9}},"20":{"start":{"line":43,"column":27},"end":{"line":43,"column":40}},"21":{"start":{"line":44,"column":25},"end":{"line":44,"column":54}},"22":{"start":{"line":45,"column":12},"end":{"line":45,"column":32}},"23":{"start":{"line":46,"column":12},"end":{"line":46,"column":24}},"24":{"start":{"line":48,"column":27},"end":{"line":48,"column":62}},"25":{"start":{"line":49,"column":12},"end":{"line":49,"column":35}},"26":{"start":{"line":50,"column":12},"end":{"line":50,"column":22}},"27":{"start":{"line":57,"column":8},"end":{"line":72,"column":9}},"28":{"start":{"line":58,"column":27},"end":{"line":58,"column":53}},"29":{"start":{"line":59,"column":12},"end":{"line":61,"column":13}},"30":{"start":{"line":60,"column":16},"end":{"line":60,"column":72}},"31":{"start":{"line":63,"column":26},"end":{"line":63,"column":63}},"32":{"start":{"line":64,"column":12},"end":{"line":64,"column":45}},"33":{"start":{"line":66,"column":12},"end":{"line":66,"column":32}},"34":{"start":{"line":67,"column":12},"end":{"line":67,"column":58}},"35":{"start":{"line":69,"column":27},"end":{"line":69,"column":62}},"36":{"start":{"line":70,"column":12},"end":{"line":70,"column":35}},"37":{"start":{"line":71,"column":12},"end":{"line":71,"column":22}},"38":{"start":{"line":77,"column":8},"end":{"line":90,"column":9}},"39":{"start":{"line":78,"column":12},"end":{"line":80,"column":13}},"40":{"start":{"line":79,"column":16},"end":{"line":79,"column":69}},"41":{"start":{"line":82,"column":27},"end":{"line":82,"column":72}},"42":{"start":{"line":84,"column":12},"end":{"line":84,"column":32}},"43":{"start":{"line":85,"column":12},"end":{"line":85,"column":26}},"44":{"start":{"line":87,"column":27},"end":{"line":87,"column":62}},"45":{"start":{"line":88,"column":12},"end":{"line":88,"column":35}},"46":{"start":{"line":89,"column":12},"end":{"line":89,"column":22}},"47":{"start":{"line":10,"column":13},"end":{"line":10,"column":27}},"48":{"start":{"line":14,"column":17},"end":{"line":24,"column":null}},"49":{"start":{"line":27,"column":17},"end":{"line":37,"column":null}},"50":{"start":{"line":41,"column":17},"end":{"line":52,"column":null}},"51":{"start":{"line":56,"column":17},"end":{"line":73,"column":null}},"52":{"start":{"line":76,"column":17},"end":{"line":91,"column":null}},"53":{"start":{"line":10,"column":13},"end":{"line":92,"column":null}}},"fnMap":{"0":{"name":"(anonymous_4)","decl":{"start":{"line":10,"column":7},"end":{"line":10,"column":13}},"loc":{"start":{"line":10,"column":7},"end":{"line":92,"column":1}}},"1":{"name":"(anonymous_5)","decl":{"start":{"line":14,"column":17},"end":{"line":14,"column":25}},"loc":{"start":{"line":14,"column":51},"end":{"line":24,"column":5}}},"2":{"name":"(anonymous_6)","decl":{"start":{"line":27,"column":17},"end":{"line":27,"column":22}},"loc":{"start":{"line":27,"column":45},"end":{"line":37,"column":5}}},"3":{"name":"(anonymous_7)","decl":{"start":{"line":41,"column":17},"end":{"line":41,"column":19}},"loc":{"start":{"line":41,"column":39},"end":{"line":52,"column":5}}},"4":{"name":"(anonymous_8)","decl":{"start":{"line":56,"column":17},"end":{"line":56,"column":23}},"loc":{"start":{"line":56,"column":43},"end":{"line":73,"column":5}}},"5":{"name":"(anonymous_9)","decl":{"start":{"line":76,"column":17},"end":{"line":76,"column":24}},"loc":{"start":{"line":76,"column":63},"end":{"line":91,"column":5}}}},"branchMap":{"0":{"loc":{"start":{"line":20,"column":27},"end":{"line":20,"column":62}},"type":"binary-expr","locations":[{"start":{"line":20,"column":27},"end":{"line":20,"column":41}},{"start":{"line":20,"column":45},"end":{"line":20,"column":55}},{"start":{"line":20,"column":59},"end":{"line":20,"column":62}}]},"1":{"loc":{"start":{"line":33,"column":27},"end":{"line":33,"column":62}},"type":"binary-expr","locations":[{"start":{"line":33,"column":27},"end":{"line":33,"column":41}},{"start":{"line":33,"column":45},"end":{"line":33,"column":55}},{"start":{"line":33,"column":59},"end":{"line":33,"column":62}}]},"2":{"loc":{"start":{"line":48,"column":27},"end":{"line":48,"column":62}},"type":"binary-expr","locations":[{"start":{"line":48,"column":27},"end":{"line":48,"column":41}},{"start":{"line":48,"column":45},"end":{"line":48,"column":55}},{"start":{"line":48,"column":59},"end":{"line":48,"column":62}}]},"3":{"loc":{"start":{"line":59,"column":12},"end":{"line":61,"column":13}},"type":"if","locations":[{"start":{"line":59,"column":12},"end":{"line":61,"column":13}},{"start":{},"end":{}}]},"4":{"loc":{"start":{"line":69,"column":27},"end":{"line":69,"column":62}},"type":"binary-expr","locations":[{"start":{"line":69,"column":27},"end":{"line":69,"column":41}},{"start":{"line":69,"column":45},"end":{"line":69,"column":55}},{"start":{"line":69,"column":59},"end":{"line":69,"column":62}}]},"5":{"loc":{"start":{"line":78,"column":12},"end":{"line":80,"column":13}},"type":"if","locations":[{"start":{"line":78,"column":12},"end":{"line":80,"column":13}},{"start":{},"end":{}}]},"6":{"loc":{"start":{"line":87,"column":27},"end":{"line":87,"column":62}},"type":"binary-expr","locations":[{"start":{"line":87,"column":27},"end":{"line":87,"column":41}},{"start":{"line":87,"column":45},"end":{"line":87,"column":55}},{"start":{"line":87,"column":59},"end":{"line":87,"column":62}}]}},"s":{"0":4,"1":4,"2":4,"3":4,"4":7,"5":3,"6":3,"7":2,"8":2,"9":1,"10":1,"11":1,"12":5,"13":5,"14":1,"15":1,"16":4,"17":4,"18":4,"19":1,"20":1,"21":1,"22":1,"23":1,"24":0,"25":0,"26":0,"27":3,"28":3,"29":3,"30":1,"31":2,"32":2,"33":2,"34":2,"35":1,"36":1,"37":1,"38":3,"39":3,"40":1,"41":2,"42":1,"43":1,"44":2,"45":2,"46":2,"47":4,"48":4,"49":4,"50":4,"51":4,"52":4,"53":4},"f":{"0":7,"1":3,"2":5,"3":1,"4":3,"5":3},"b":{"0":[1,0,0],"1":[4,2,1],"2":[0,0,0],"3":[1,2],"4":[1,0,0],"5":[1,2],"6":[2,0,0]}}
,"C:\\המכללה למנהל\\מטלה פיתוח אפליקציות אינטרנטיות\\assignments\\server\\src\\controllers\\comments.tsoa.ts": {"path":"C:\\המכללה למנהל\\מטלה פיתוח אפליקציות אינטרנטיות\\assignments\\server\\src\\controllers\\comments.tsoa.ts","statementMap":{"0":{"start":{"line":1,"column":0},"end":{"line":1,"column":null}},"1":{"start":{"line":13,"column":0},"end":{"line":13,"column":71}},"2":{"start":{"line":14,"column":0},"end":{"line":14,"column":37}},"3":{"start":{"line":19,"column":7},"end":{"line":66,"column":null}},"4":{"start":{"line":21,"column":4},"end":{"line":21,"column":12}},"5":{"start":{"line":20,"column":31},"end":{"line":20,"column":40}},"6":{"start":{"line":27,"column":4},"end":{"line":29,"column":5}},"7":{"start":{"line":28,"column":6},"end":{"line":28,"column":79}},"8":{"start":{"line":31,"column":20},"end":{"line":31,"column":59}},"9":{"start":{"line":32,"column":4},"end":{"line":32,"column":24}},"10":{"start":{"line":33,"column":4},"end":{"line":33,"column":19}},"11":{"start":{"line":38,"column":20},"end":{"line":38,"column":64}},"12":{"start":{"line":39,"column":4},"end":{"line":39,"column":63}},"13":{"start":{"line":39,"column":18},"end":{"line":39,"column":63}},"14":{"start":{"line":40,"column":4},"end":{"line":40,"column":19}},"15":{"start":{"line":45,"column":4},"end":{"line":45,"column":67}},"16":{"start":{"line":45,"column":19},"end":{"line":45,"column":67}},"17":{"start":{"line":46,"column":4},"end":{"line":46,"column":54}},"18":{"start":{"line":54,"column":20},"end":{"line":54,"column":70}},"19":{"start":{"line":55,"column":4},"end":{"line":55,"column":63}},"20":{"start":{"line":55,"column":18},"end":{"line":55,"column":63}},"21":{"start":{"line":56,"column":4},"end":{"line":56,"column":19}},"22":{"start":{"line":61,"column":20},"end":{"line":61,"column":63}},"23":{"start":{"line":62,"column":4},"end":{"line":62,"column":63}},"24":{"start":{"line":62,"column":18},"end":{"line":62,"column":63}},"25":{"start":{"line":63,"column":4},"end":{"line":63,"column":24}},"26":{"start":{"line":64,"column":4},"end":{"line":64,"column":11}},"27":{"start":{"line":19,"column":13},"end":{"line":19,"column":31}},"28":{"start":{"line":26,"column":15},"end":{"line":34,"column":null}},"29":{"start":{"line":37,"column":15},"end":{"line":41,"column":null}},"30":{"start":{"line":44,"column":15},"end":{"line":47,"column":null}},"31":{"start":{"line":50,"column":15},"end":{"line":57,"column":null}},"32":{"start":{"line":60,"column":15},"end":{"line":65,"column":null}},"33":{"start":{"line":19,"column":13},"end":{"line":66,"column":null}}},"fnMap":{"0":{"name":"(anonymous_4)","decl":{"start":{"line":20,"column":2},"end":{"line":20,"column":31}},"loc":{"start":{"line":20,"column":79},"end":{"line":22,"column":3}}},"1":{"name":"(anonymous_5)","decl":{"start":{"line":26,"column":15},"end":{"line":26,"column":28}},"loc":{"start":{"line":26,"column":64},"end":{"line":34,"column":3}}},"2":{"name":"(anonymous_6)","decl":{"start":{"line":37,"column":15},"end":{"line":37,"column":29}},"loc":{"start":{"line":37,"column":55},"end":{"line":41,"column":3}}},"3":{"name":"(anonymous_7)","decl":{"start":{"line":44,"column":15},"end":{"line":44,"column":34}},"loc":{"start":{"line":44,"column":59},"end":{"line":47,"column":3}}},"4":{"name":"(anonymous_8)","decl":{"start":{"line":50,"column":15},"end":{"line":50,"column":28}},"loc":{"start":{"line":52,"column":35},"end":{"line":57,"column":3}}},"5":{"name":"(anonymous_9)","decl":{"start":{"line":60,"column":15},"end":{"line":60,"column":28}},"loc":{"start":{"line":60,"column":54},"end":{"line":65,"column":3}}}},"branchMap":{"0":{"loc":{"start":{"line":20,"column":31},"end":{"line":20,"column":79}},"type":"default-arg","locations":[{"start":{"line":20,"column":58},"end":{"line":20,"column":79}}]},"1":{"loc":{"start":{"line":27,"column":4},"end":{"line":29,"column":5}},"type":"if","locations":[{"start":{"line":27,"column":4},"end":{"line":29,"column":5}},{"start":{},"end":{}}]},"2":{"loc":{"start":{"line":27,"column":8},"end":{"line":27,"column":61}},"type":"binary-expr","locations":[{"start":{"line":27,"column":8},"end":{"line":27,"column":23}},{"start":{"line":27,"column":27},"end":{"line":27,"column":43}},{"start":{"line":27,"column":47},"end":{"line":27,"column":61}}]},"3":{"loc":{"start":{"line":39,"column":4},"end":{"line":39,"column":63}},"type":"if","locations":[{"start":{"line":39,"column":4},"end":{"line":39,"column":63}},{"start":{},"end":{}}]},"4":{"loc":{"start":{"line":45,"column":4},"end":{"line":45,"column":67}},"type":"if","locations":[{"start":{"line":45,"column":4},"end":{"line":45,"column":67}},{"start":{},"end":{}}]},"5":{"loc":{"start":{"line":55,"column":4},"end":{"line":55,"column":63}},"type":"if","locations":[{"start":{"line":55,"column":4},"end":{"line":55,"column":63}},{"start":{},"end":{}}]},"6":{"loc":{"start":{"line":62,"column":4},"end":{"line":62,"column":63}},"type":"if","locations":[{"start":{"line":62,"column":4},"end":{"line":62,"column":63}},{"start":{},"end":{}}]}},"s":{"0":4,"1":4,"2":4,"3":4,"4":6,"5":6,"6":1,"7":0,"8":1,"9":1,"10":1,"11":2,"12":2,"13":1,"14":1,"15":1,"16":0,"17":1,"18":1,"19":1,"20":0,"21":1,"22":1,"23":1,"24":0,"25":1,"26":1,"27":4,"28":4,"29":4,"30":4,"31":4,"32":4,"33":4},"f":{"0":6,"1":1,"2":2,"3":1,"4":1,"5":1},"b":{"0":[6],"1":[0,1],"2":[1,1,1],"3":[1,1],"4":[0,1],"5":[0,1],"6":[0,1]}}
,"C:\\המכללה למנהל\\מטלה פיתוח אפליקציות אינטרנטיות\\assignments\\server\\src\\controllers\\like.tsoa.ts": {"path":"C:\\המכללה למנהל\\מטלה פיתוח אפליקציות אינטרנטיות\\assignments\\server\\src\\controllers\\like.tsoa.ts","statementMap":{"0":{"start":{"line":1,"column":0},"end":{"line":1,"column":null}},"1":{"start":{"line":12,"column":0},"end":{"line":12,"column":62}},"2":{"start":{"line":13,"column":0},"end":{"line":13,"column":37}},"3":{"start":{"line":17,"column":7},"end":{"line":118,"column":null}},"4":{"start":{"line":18,"column":19},"end":{"line":18,"column":62}},"5":{"start":{"line":24,"column":4},"end":{"line":38,"column":5}},"6":{"start":{"line":25,"column":35},"end":{"line":25,"column":39}},"7":{"start":{"line":27,"column":6},"end":{"line":29,"column":7}},"8":{"start":{"line":28,"column":8},"end":{"line":28,"column":68}},"9":{"start":{"line":31,"column":6},"end":{"line":31,"column":54}},"10":{"start":{"line":32,"column":6},"end":{"line":32,"column":26}},"11":{"start":{"line":33,"column":6},"end":{"line":33,"column":13}},"12":{"start":{"line":35,"column":21},"end":{"line":35,"column":56}},"13":{"start":{"line":36,"column":6},"end":{"line":36,"column":29}},"14":{"start":{"line":37,"column":6},"end":{"line":37,"column":16}},"15":{"start":{"line":46,"column":4},"end":{"line":61,"column":5}},"16":{"start":{"line":47,"column":6},"end":{"line":49,"column":7}},"17":{"start":{"line":48,"column":8},"end":{"line":48,"column":68}},"18":{"start":{"line":51,"column":22},"end":{"line":51,"column":71}},"19":{"start":{"line":52,"column":6},"end":{"line":54,"column":7}},"20":{"start":{"line":53,"column":8},"end":{"line":53,"column":50}},"21":{"start":{"line":56,"column":6},"end":{"line":56,"column":26}},"22":{"start":{"line":57,"column":6},"end":{"line":57,"column":13}},"23":{"start":{"line":59,"column":6},"end":{"line":59,"column":44}},"24":{"start":{"line":60,"column":6},"end":{"line":60,"column":16}},"25":{"start":{"line":69,"column":4},"end":{"line":79,"column":5}},"26":{"start":{"line":70,"column":6},"end":{"line":72,"column":7}},"27":{"start":{"line":71,"column":8},"end":{"line":71,"column":68}},"28":{"start":{"line":74,"column":20},"end":{"line":74,"column":76}},"29":{"start":{"line":75,"column":6},"end":{"line":75,"column":23}},"30":{"start":{"line":77,"column":6},"end":{"line":77,"column":44}},"31":{"start":{"line":78,"column":6},"end":{"line":78,"column":16}},"32":{"start":{"line":86,"column":4},"end":{"line":92,"column":5}},"33":{"start":{"line":87,"column":20},"end":{"line":87,"column":62}},"34":{"start":{"line":88,"column":6},"end":{"line":88,"column":23}},"35":{"start":{"line":90,"column":6},"end":{"line":90,"column":44}},"36":{"start":{"line":91,"column":6},"end":{"line":91,"column":16}},"37":{"start":{"line":99,"column":4},"end":{"line":104,"column":5}},"38":{"start":{"line":100,"column":6},"end":{"line":100,"column":53}},"39":{"start":{"line":102,"column":6},"end":{"line":102,"column":44}},"40":{"start":{"line":103,"column":6},"end":{"line":103,"column":16}},"41":{"start":{"line":111,"column":4},"end":{"line":116,"column":5}},"42":{"start":{"line":112,"column":6},"end":{"line":112,"column":57}},"43":{"start":{"line":114,"column":6},"end":{"line":114,"column":44}},"44":{"start":{"line":115,"column":6},"end":{"line":115,"column":16}},"45":{"start":{"line":17,"column":13},"end":{"line":17,"column":28}},"46":{"start":{"line":21,"column":15},"end":{"line":39,"column":null}},"47":{"start":{"line":42,"column":15},"end":{"line":62,"column":null}},"48":{"start":{"line":65,"column":15},"end":{"line":80,"column":null}},"49":{"start":{"line":83,"column":15},"end":{"line":93,"column":null}},"50":{"start":{"line":96,"column":15},"end":{"line":105,"column":null}},"51":{"start":{"line":108,"column":15},"end":{"line":117,"column":null}},"52":{"start":{"line":17,"column":13},"end":{"line":118,"column":null}}},"fnMap":{"0":{"name":"(anonymous_4)","decl":{"start":{"line":17,"column":7},"end":{"line":17,"column":13}},"loc":{"start":{"line":17,"column":7},"end":{"line":118,"column":1}}},"1":{"name":"(anonymous_5)","decl":{"start":{"line":21,"column":15},"end":{"line":21,"column":25}},"loc":{"start":{"line":22,"column":54},"end":{"line":39,"column":3}}},"2":{"name":"(anonymous_6)","decl":{"start":{"line":42,"column":15},"end":{"line":42,"column":27}},"loc":{"start":{"line":44,"column":29},"end":{"line":62,"column":3}}},"3":{"name":"(anonymous_7)","decl":{"start":{"line":65,"column":15},"end":{"line":65,"column":28}},"loc":{"start":{"line":67,"column":29},"end":{"line":80,"column":3}}},"4":{"name":"(anonymous_8)","decl":{"start":{"line":83,"column":15},"end":{"line":83,"column":34}},"loc":{"start":{"line":84,"column":28},"end":{"line":93,"column":3}}},"5":{"name":"(anonymous_9)","decl":{"start":{"line":96,"column":15},"end":{"line":96,"column":27}},"loc":{"start":{"line":97,"column":26},"end":{"line":105,"column":3}}},"6":{"name":"(anonymous_10)","decl":{"start":{"line":108,"column":15},"end":{"line":108,"column":29}},"loc":{"start":{"line":109,"column":28},"end":{"line":117,"column":3}}}},"branchMap":{"0":{"loc":{"start":{"line":27,"column":6},"end":{"line":29,"column":7}},"type":"if","locations":[{"start":{"line":27,"column":6},"end":{"line":29,"column":7}},{"start":{},"end":{}}]},"1":{"loc":{"start":{"line":27,"column":10},"end":{"line":27,"column":30}},"type":"binary-expr","locations":[{"start":{"line":27,"column":10},"end":{"line":27,"column":17}},{"start":{"line":27,"column":21},"end":{"line":27,"column":30}}]},"2":{"loc":{"start":{"line":35,"column":21},"end":{"line":35,"column":56}},"type":"binary-expr","locations":[{"start":{"line":35,"column":21},"end":{"line":35,"column":35}},{"start":{"line":35,"column":39},"end":{"line":35,"column":49}},{"start":{"line":35,"column":53},"end":{"line":35,"column":56}}]},"3":{"loc":{"start":{"line":47,"column":6},"end":{"line":49,"column":7}},"type":"if","locations":[{"start":{"line":47,"column":6},"end":{"line":49,"column":7}},{"start":{},"end":{}}]},"4":{"loc":{"start":{"line":47,"column":10},"end":{"line":47,"column":30}},"type":"binary-expr","locations":[{"start":{"line":47,"column":10},"end":{"line":47,"column":17}},{"start":{"line":47,"column":21},"end":{"line":47,"column":30}}]},"5":{"loc":{"start":{"line":52,"column":6},"end":{"line":54,"column":7}},"type":"if","locations":[{"start":{"line":52,"column":6},"end":{"line":54,"column":7}},{"start":{},"end":{}}]},"6":{"loc":{"start":{"line":59,"column":21},"end":{"line":59,"column":42}},"type":"binary-expr","locations":[{"start":{"line":59,"column":21},"end":{"line":59,"column":35}},{"start":{"line":59,"column":39},"end":{"line":59,"column":42}}]},"7":{"loc":{"start":{"line":70,"column":6},"end":{"line":72,"column":7}},"type":"if","locations":[{"start":{"line":70,"column":6},"end":{"line":72,"column":7}},{"start":{},"end":{}}]},"8":{"loc":{"start":{"line":70,"column":10},"end":{"line":70,"column":30}},"type":"binary-expr","locations":[{"start":{"line":70,"column":10},"end":{"line":70,"column":17}},{"start":{"line":70,"column":21},"end":{"line":70,"column":30}}]},"9":{"loc":{"start":{"line":77,"column":21},"end":{"line":77,"column":42}},"type":"binary-expr","locations":[{"start":{"line":77,"column":21},"end":{"line":77,"column":35}},{"start":{"line":77,"column":39},"end":{"line":77,"column":42}}]},"10":{"loc":{"start":{"line":90,"column":21},"end":{"line":90,"column":42}},"type":"binary-expr","locations":[{"start":{"line":90,"column":21},"end":{"line":90,"column":35}},{"start":{"line":90,"column":39},"end":{"line":90,"column":42}}]},"11":{"loc":{"start":{"line":102,"column":21},"end":{"line":102,"column":42}},"type":"binary-expr","locations":[{"start":{"line":102,"column":21},"end":{"line":102,"column":35}},{"start":{"line":102,"column":39},"end":{"line":102,"column":42}}]},"12":{"loc":{"start":{"line":114,"column":21},"end":{"line":114,"column":42}},"type":"binary-expr","locations":[{"start":{"line":114,"column":21},"end":{"line":114,"column":35}},{"start":{"line":114,"column":39},"end":{"line":114,"column":42}}]}},"s":{"0":4,"1":4,"2":4,"3":4,"4":0,"5":0,"6":0,"7":0,"8":0,"9":0,"10":0,"11":0,"12":0,"13":0,"14":0,"15":0,"16":0,"17":0,"18":0,"19":0,"20":0,"21":0,"22":0,"23":0,"24":0,"25":0,"26":0,"27":0,"28":0,"29":0,"30":0,"31":0,"32":0,"33":0,"34":0,"35":0,"36":0,"37":0,"38":0,"39":0,"40":0,"41":0,"42":0,"43":0,"44":0,"45":4,"46":4,"47":4,"48":4,"49":4,"50":4,"51":4,"52":4},"f":{"0":0,"1":0,"2":0,"3":0,"4":0,"5":0,"6":0},"b":{"0":[0,0],"1":[0,0],"2":[0,0,0],"3":[0,0],"4":[0,0],"5":[0,0],"6":[0,0],"7":[0,0],"8":[0,0],"9":[0,0],"10":[0,0],"11":[0,0],"12":[0,0]}}
,"C:\\המכללה למנהל\\מטלה פיתוח אפליקציות אינטרנטיות\\assignments\\server\\src\\controllers\\recipe.tsoa.ts": {"path":"C:\\המכללה למנהל\\מטלה פיתוח אפליקציות אינטרנטיות\\assignments\\server\\src\\controllers\\recipe.tsoa.ts","statementMap":{"0":{"start":{"line":1,"column":0},"end":{"line":1,"column":104}},"1":{"start":{"line":2,"column":0},"end":{"line":2,"column":66}},"2":{"start":{"line":3,"column":0},"end":{"line":3,"column":37}},"3":{"start":{"line":5,"column":0},"end":{"line":5,"column":58}},"4":{"start":{"line":6,"column":0},"end":{"line":6,"column":20}},"5":{"start":{"line":7,"column":0},"end":{"line":7,"column":24}},"6":{"start":{"line":11,"column":7},"end":{"line":145,"column":null}},"7":{"start":{"line":12,"column":21},"end":{"line":12,"column":66}},"8":{"start":{"line":13,"column":21},"end":{"line":13,"column":60}},"9":{"start":{"line":17,"column":8},"end":{"line":26,"column":9}},"10":{"start":{"line":18,"column":28},"end":{"line":18,"column":74}},"11":{"start":{"line":19,"column":12},"end":{"line":21,"column":13}},"12":{"start":{"line":20,"column":16},"end":{"line":20,"column":78}},"13":{"start":{"line":22,"column":12},"end":{"line":22,"column":27}},"14":{"start":{"line":24,"column":12},"end":{"line":24,"column":50}},"15":{"start":{"line":25,"column":12},"end":{"line":25,"column":22}},"16":{"start":{"line":31,"column":8},"end":{"line":43,"column":9}},"17":{"start":{"line":32,"column":27},"end":{"line":32,"column":41}},"18":{"start":{"line":33,"column":12},"end":{"line":36,"column":13}},"19":{"start":{"line":34,"column":16},"end":{"line":34,"column":36}},"20":{"start":{"line":35,"column":16},"end":{"line":35,"column":65}},"21":{"start":{"line":37,"column":27},"end":{"line":37,"column":72}},"22":{"start":{"line":38,"column":12},"end":{"line":38,"column":32}},"23":{"start":{"line":39,"column":12},"end":{"line":39,"column":26}},"24":{"start":{"line":41,"column":12},"end":{"line":41,"column":50}},"25":{"start":{"line":42,"column":12},"end":{"line":42,"column":22}},"26":{"start":{"line":48,"column":8},"end":{"line":57,"column":9}},"27":{"start":{"line":49,"column":27},"end":{"line":49,"column":63}},"28":{"start":{"line":50,"column":12},"end":{"line":52,"column":13}},"29":{"start":{"line":51,"column":16},"end":{"line":51,"column":60}},"30":{"start":{"line":53,"column":12},"end":{"line":53,"column":26}},"31":{"start":{"line":55,"column":12},"end":{"line":55,"column":50}},"32":{"start":{"line":56,"column":12},"end":{"line":56,"column":22}},"33":{"start":{"line":69,"column":8},"end":{"line":75,"column":9}},"34":{"start":{"line":70,"column":44},"end":{"line":70,"column":101}},"35":{"start":{"line":71,"column":12},"end":{"line":71,"column":58}},"36":{"start":{"line":73,"column":12},"end":{"line":73,"column":32}},"37":{"start":{"line":74,"column":12},"end":{"line":74,"column":22}},"38":{"start":{"line":80,"column":8},"end":{"line":85,"column":9}},"39":{"start":{"line":81,"column":12},"end":{"line":81,"column":65}},"40":{"start":{"line":83,"column":12},"end":{"line":83,"column":50}},"41":{"start":{"line":84,"column":12},"end":{"line":84,"column":22}},"42":{"start":{"line":90,"column":8},"end":{"line":100,"column":9}},"43":{"start":{"line":91,"column":27},"end":{"line":91,"column":47}},"44":{"start":{"line":92,"column":27},"end":{"line":92,"column":76}},"45":{"start":{"line":93,"column":12},"end":{"line":95,"column":13}},"46":{"start":{"line":94,"column":16},"end":{"line":94,"column":60}},"47":{"start":{"line":96,"column":12},"end":{"line":96,"column":26}},"48":{"start":{"line":98,"column":12},"end":{"line":98,"column":50}},"49":{"start":{"line":99,"column":12},"end":{"line":99,"column":22}},"50":{"start":{"line":105,"column":8},"end":{"line":115,"column":9}},"51":{"start":{"line":106,"column":27},"end":{"line":106,"column":62}},"52":{"start":{"line":107,"column":12},"end":{"line":109,"column":13}},"53":{"start":{"line":108,"column":16},"end":{"line":108,"column":60}},"54":{"start":{"line":110,"column":12},"end":{"line":110,"column":32}},"55":{"start":{"line":111,"column":12},"end":{"line":111,"column":19}},"56":{"start":{"line":113,"column":12},"end":{"line":113,"column":50}},"57":{"start":{"line":114,"column":12},"end":{"line":114,"column":22}},"58":{"start":{"line":123,"column":8},"end":{"line":143,"column":9}},"59":{"start":{"line":124,"column":12},"end":{"line":124,"column":67}},"60":{"start":{"line":124,"column":23},"end":{"line":124,"column":67}},"61":{"start":{"line":126,"column":30},"end":{"line":126,"column":82}},"62":{"start":{"line":127,"column":12},"end":{"line":129,"column":13}},"63":{"start":{"line":128,"column":16},"end":{"line":128,"column":61}},"64":{"start":{"line":131,"column":29},"end":{"line":131,"column":65}},"65":{"start":{"line":132,"column":31},"end":{"line":132,"column":61}},"66":{"start":{"line":134,"column":12},"end":{"line":134,"column":49}},"67":{"start":{"line":136,"column":29},"end":{"line":136,"column":65}},"68":{"start":{"line":137,"column":12},"end":{"line":137,"column":81}},"69":{"start":{"line":139,"column":12},"end":{"line":139,"column":37}},"70":{"start":{"line":141,"column":12},"end":{"line":141,"column":50}},"71":{"start":{"line":142,"column":12},"end":{"line":142,"column":22}},"72":{"start":{"line":11,"column":13},"end":{"line":11,"column":29}},"73":{"start":{"line":16,"column":17},"end":{"line":27,"column":null}},"74":{"start":{"line":30,"column":17},"end":{"line":44,"column":null}},"75":{"start":{"line":47,"column":17},"end":{"line":58,"column":null}},"76":{"start":{"line":61,"column":17},"end":{"line":76,"column":null}},"77":{"start":{"line":79,"column":17},"end":{"line":86,"column":null}},"78":{"start":{"line":89,"column":17},"end":{"line":101,"column":null}},"79":{"start":{"line":104,"column":17},"end":{"line":116,"column":null}},"80":{"start":{"line":119,"column":17},"end":{"line":144,"column":null}},"81":{"start":{"line":11,"column":13},"end":{"line":145,"column":null}}},"fnMap":{"0":{"name":"(anonymous_5)","decl":{"start":{"line":11,"column":7},"end":{"line":11,"column":13}},"loc":{"start":{"line":11,"column":7},"end":{"line":145,"column":1}}},"1":{"name":"(anonymous_6)","decl":{"start":{"line":16,"column":17},"end":{"line":16,"column":34}},"loc":{"start":{"line":16,"column":57},"end":{"line":27,"column":5}}},"2":{"name":"(anonymous_7)","decl":{"start":{"line":30,"column":17},"end":{"line":30,"column":29}},"loc":{"start":{"line":30,"column":53},"end":{"line":44,"column":5}}},"3":{"name":"(anonymous_8)","decl":{"start":{"line":47,"column":17},"end":{"line":47,"column":30}},"loc":{"start":{"line":47,"column":49},"end":{"line":58,"column":5}}},"4":{"name":"(anonymous_9)","decl":{"start":{"line":61,"column":17},"end":{"line":61,"column":27}},"loc":{"start":{"line":67,"column":31},"end":{"line":76,"column":5}}},"5":{"name":"(anonymous_10)","decl":{"start":{"line":79,"column":17},"end":{"line":79,"column":33}},"loc":{"start":{"line":79,"column":56},"end":{"line":86,"column":5}}},"6":{"name":"(anonymous_11)","decl":{"start":{"line":89,"column":17},"end":{"line":89,"column":29}},"loc":{"start":{"line":89,"column":82},"end":{"line":101,"column":5}}},"7":{"name":"(anonymous_12)","decl":{"start":{"line":104,"column":17},"end":{"line":104,"column":29}},"loc":{"start":{"line":104,"column":48},"end":{"line":116,"column":5}}},"8":{"name":"(anonymous_13)","decl":{"start":{"line":119,"column":17},"end":{"line":119,"column":28}},"loc":{"start":{"line":121,"column":63},"end":{"line":144,"column":5}}}},"branchMap":{"0":{"loc":{"start":{"line":19,"column":12},"end":{"line":21,"column":13}},"type":"if","locations":[{"start":{"line":19,"column":12},"end":{"line":21,"column":13}},{"start":{},"end":{}}]},"1":{"loc":{"start":{"line":24,"column":27},"end":{"line":24,"column":48}},"type":"binary-expr","locations":[{"start":{"line":24,"column":27},"end":{"line":24,"column":41}},{"start":{"line":24,"column":45},"end":{"line":24,"column":48}}]},"2":{"loc":{"start":{"line":33,"column":12},"end":{"line":36,"column":13}},"type":"if","locations":[{"start":{"line":33,"column":12},"end":{"line":36,"column":13}},{"start":{},"end":{}}]},"3":{"loc":{"start":{"line":41,"column":27},"end":{"line":41,"column":48}},"type":"binary-expr","locations":[{"start":{"line":41,"column":27},"end":{"line":41,"column":41}},{"start":{"line":41,"column":45},"end":{"line":41,"column":48}}]},"4":{"loc":{"start":{"line":50,"column":12},"end":{"line":52,"column":13}},"type":"if","locations":[{"start":{"line":50,"column":12},"end":{"line":52,"column":13}},{"start":{},"end":{}}]},"5":{"loc":{"start":{"line":55,"column":27},"end":{"line":55,"column":48}},"type":"binary-expr","locations":[{"start":{"line":55,"column":27},"end":{"line":55,"column":41}},{"start":{"line":55,"column":45},"end":{"line":55,"column":48}}]},"6":{"loc":{"start":{"line":83,"column":27},"end":{"line":83,"column":48}},"type":"binary-expr","locations":[{"start":{"line":83,"column":27},"end":{"line":83,"column":41}},{"start":{"line":83,"column":45},"end":{"line":83,"column":48}}]},"7":{"loc":{"start":{"line":91,"column":27},"end":{"line":91,"column":47}},"type":"binary-expr","locations":[{"start":{"line":91,"column":27},"end":{"line":91,"column":41}},{"start":{"line":91,"column":45},"end":{"line":91,"column":47}}]},"8":{"loc":{"start":{"line":93,"column":12},"end":{"line":95,"column":13}},"type":"if","locations":[{"start":{"line":93,"column":12},"end":{"line":95,"column":13}},{"start":{},"end":{}}]},"9":{"loc":{"start":{"line":98,"column":27},"end":{"line":98,"column":48}},"type":"binary-expr","locations":[{"start":{"line":98,"column":27},"end":{"line":98,"column":41}},{"start":{"line":98,"column":45},"end":{"line":98,"column":48}}]},"10":{"loc":{"start":{"line":107,"column":12},"end":{"line":109,"column":13}},"type":"if","locations":[{"start":{"line":107,"column":12},"end":{"line":109,"column":13}},{"start":{},"end":{}}]},"11":{"loc":{"start":{"line":113,"column":27},"end":{"line":113,"column":48}},"type":"binary-expr","locations":[{"start":{"line":113,"column":27},"end":{"line":113,"column":41}},{"start":{"line":113,"column":45},"end":{"line":113,"column":48}}]},"12":{"loc":{"start":{"line":124,"column":12},"end":{"line":124,"column":67}},"type":"if","locations":[{"start":{"line":124,"column":12},"end":{"line":124,"column":67}},{"start":{},"end":{}}]},"13":{"loc":{"start":{"line":127,"column":12},"end":{"line":129,"column":13}},"type":"if","locations":[{"start":{"line":127,"column":12},"end":{"line":129,"column":13}},{"start":{},"end":{}}]},"14":{"loc":{"start":{"line":141,"column":27},"end":{"line":141,"column":48}},"type":"binary-expr","locations":[{"start":{"line":141,"column":27},"end":{"line":141,"column":41}},{"start":{"line":141,"column":45},"end":{"line":141,"column":48}}]}},"s":{"0":4,"1":4,"2":4,"3":4,"4":4,"5":4,"6":4,"7":12,"8":12,"9":0,"10":0,"11":0,"12":0,"13":0,"14":0,"15":0,"16":2,"17":2,"18":2,"19":0,"20":0,"21":2,"22":2,"23":2,"24":0,"25":0,"26":3,"27":3,"28":3,"29":2,"30":1,"31":2,"32":2,"33":2,"34":2,"35":2,"36":0,"37":0,"38":1,"39":1,"40":0,"41":0,"42":2,"43":2,"44":2,"45":2,"46":1,"47":1,"48":1,"49":1,"50":2,"51":2,"52":2,"53":1,"54":1,"55":1,"56":1,"57":1,"58":0,"59":0,"60":0,"61":0,"62":0,"63":0,"64":0,"65":0,"66":0,"67":0,"68":0,"69":0,"70":0,"71":0,"72":4,"73":4,"74":4,"75":4,"76":4,"77":4,"78":4,"79":4,"80":4,"81":4},"f":{"0":12,"1":0,"2":2,"3":3,"4":2,"5":1,"6":2,"7":2,"8":0},"b":{"0":[0,0],"1":[0,0],"2":[0,2],"3":[0,0],"4":[2,1],"5":[2,0],"6":[0,0],"7":[2,0],"8":[1,1],"9":[1,0],"10":[1,1],"11":[1,0],"12":[0,0],"13":[0,0],"14":[0,0]}}
,"C:\\המכללה למנהל\\מטלה פיתוח אפליקציות אינטרנטיות\\assignments\\server\\src\\controllers\\user.tsoa.ts": {"path":"C:\\המכללה למנהל\\מטלה פיתוח אפליקציות אינטרנטיות\\assignments\\server\\src\\controllers\\user.tsoa.ts","statementMap":{"0":{"start":{"line":1,"column":0},"end":{"line":1,"column":104}},"1":{"start":{"line":3,"column":0},"end":{"line":3,"column":54}},"2":{"start":{"line":4,"column":0},"end":{"line":4,"column":60}},"3":{"start":{"line":5,"column":0},"end":{"line":5,"column":20}},"4":{"start":{"line":6,"column":0},"end":{"line":6,"column":24}},"5":{"start":{"line":10,"column":7},"end":{"line":126,"column":null}},"6":{"start":{"line":11,"column":19},"end":{"line":11,"column":60}},"7":{"start":{"line":17,"column":4},"end":{"line":28,"column":5}},"8":{"start":{"line":18,"column":19},"end":{"line":18,"column":61}},"9":{"start":{"line":19,"column":6},"end":{"line":19,"column":26}},"10":{"start":{"line":20,"column":6},"end":{"line":20,"column":18}},"11":{"start":{"line":22,"column":6},"end":{"line":25,"column":7}},"12":{"start":{"line":23,"column":8},"end":{"line":23,"column":39}},"13":{"start":{"line":24,"column":8},"end":{"line":24,"column":55}},"14":{"start":{"line":26,"column":6},"end":{"line":26,"column":26}},"15":{"start":{"line":27,"column":6},"end":{"line":27,"column":16}},"16":{"start":{"line":33,"column":4},"end":{"line":38,"column":5}},"17":{"start":{"line":34,"column":6},"end":{"line":34,"column":53}},"18":{"start":{"line":36,"column":6},"end":{"line":36,"column":26}},"19":{"start":{"line":37,"column":6},"end":{"line":37,"column":16}},"20":{"start":{"line":45,"column":4},"end":{"line":50,"column":5}},"21":{"start":{"line":46,"column":6},"end":{"line":46,"column":55}},"22":{"start":{"line":48,"column":6},"end":{"line":48,"column":26}},"23":{"start":{"line":49,"column":6},"end":{"line":49,"column":16}},"24":{"start":{"line":58,"column":4},"end":{"line":63,"column":5}},"25":{"start":{"line":59,"column":6},"end":{"line":59,"column":60}},"26":{"start":{"line":61,"column":6},"end":{"line":61,"column":26}},"27":{"start":{"line":62,"column":6},"end":{"line":62,"column":16}},"28":{"start":{"line":71,"column":4},"end":{"line":76,"column":5}},"29":{"start":{"line":72,"column":6},"end":{"line":72,"column":60}},"30":{"start":{"line":74,"column":6},"end":{"line":74,"column":26}},"31":{"start":{"line":75,"column":6},"end":{"line":75,"column":16}},"32":{"start":{"line":84,"column":4},"end":{"line":110,"column":5}},"33":{"start":{"line":85,"column":6},"end":{"line":87,"column":7}},"34":{"start":{"line":86,"column":8},"end":{"line":86,"column":52}},"35":{"start":{"line":89,"column":24},"end":{"line":89,"column":77}},"36":{"start":{"line":90,"column":6},"end":{"line":92,"column":7}},"37":{"start":{"line":91,"column":8},"end":{"line":91,"column":53}},"38":{"start":{"line":94,"column":29},"end":{"line":94,"column":65}},"39":{"start":{"line":95,"column":25},"end":{"line":95,"column":61}},"40":{"start":{"line":97,"column":6},"end":{"line":97,"column":43}},"41":{"start":{"line":99,"column":23},"end":{"line":99,"column":66}},"42":{"start":{"line":100,"column":6},"end":{"line":100,"column":72}},"43":{"start":{"line":102,"column":6},"end":{"line":102,"column":31}},"44":{"start":{"line":104,"column":6},"end":{"line":107,"column":7}},"45":{"start":{"line":105,"column":8},"end":{"line":105,"column":39}},"46":{"start":{"line":106,"column":8},"end":{"line":106,"column":55}},"47":{"start":{"line":108,"column":6},"end":{"line":108,"column":26}},"48":{"start":{"line":109,"column":6},"end":{"line":109,"column":16}},"49":{"start":{"line":117,"column":4},"end":{"line":124,"column":5}},"50":{"start":{"line":118,"column":6},"end":{"line":118,"column":47}},"51":{"start":{"line":119,"column":6},"end":{"line":119,"column":26}},"52":{"start":{"line":120,"column":6},"end":{"line":120,"column":13}},"53":{"start":{"line":122,"column":6},"end":{"line":122,"column":26}},"54":{"start":{"line":123,"column":6},"end":{"line":123,"column":16}},"55":{"start":{"line":10,"column":13},"end":{"line":10,"column":28}},"56":{"start":{"line":14,"column":15},"end":{"line":29,"column":null}},"57":{"start":{"line":32,"column":15},"end":{"line":39,"column":null}},"58":{"start":{"line":42,"column":15},"end":{"line":51,"column":null}},"59":{"start":{"line":54,"column":15},"end":{"line":64,"column":null}},"60":{"start":{"line":67,"column":15},"end":{"line":77,"column":null}},"61":{"start":{"line":80,"column":15},"end":{"line":111,"column":null}},"62":{"start":{"line":114,"column":15},"end":{"line":125,"column":null}},"63":{"start":{"line":10,"column":13},"end":{"line":126,"column":null}}},"fnMap":{"0":{"name":"(anonymous_5)","decl":{"start":{"line":10,"column":7},"end":{"line":10,"column":13}},"loc":{"start":{"line":10,"column":7},"end":{"line":126,"column":1}}},"1":{"name":"(anonymous_6)","decl":{"start":{"line":14,"column":15},"end":{"line":14,"column":25}},"loc":{"start":{"line":15,"column":25},"end":{"line":29,"column":3}}},"2":{"name":"(anonymous_7)","decl":{"start":{"line":32,"column":15},"end":{"line":32,"column":23}},"loc":{"start":{"line":32,"column":23},"end":{"line":39,"column":3}}},"3":{"name":"(anonymous_8)","decl":{"start":{"line":42,"column":15},"end":{"line":42,"column":26}},"loc":{"start":{"line":43,"column":22},"end":{"line":51,"column":3}}},"4":{"name":"(anonymous_9)","decl":{"start":{"line":54,"column":15},"end":{"line":54,"column":25}},"loc":{"start":{"line":56,"column":31},"end":{"line":64,"column":3}}},"5":{"name":"(anonymous_10)","decl":{"start":{"line":67,"column":15},"end":{"line":67,"column":28}},"loc":{"start":{"line":69,"column":55},"end":{"line":77,"column":3}}},"6":{"name":"(anonymous_11)","decl":{"start":{"line":80,"column":15},"end":{"line":80,"column":27}},"loc":{"start":{"line":82,"column":60},"end":{"line":111,"column":3}}},"7":{"name":"(anonymous_12)","decl":{"start":{"line":114,"column":15},"end":{"line":114,"column":25}},"loc":{"start":{"line":115,"column":22},"end":{"line":125,"column":3}}}},"branchMap":{"0":{"loc":{"start":{"line":22,"column":6},"end":{"line":25,"column":7}},"type":"if","locations":[{"start":{"line":22,"column":6},"end":{"line":25,"column":7}},{"start":{},"end":{}}]},"1":{"loc":{"start":{"line":85,"column":6},"end":{"line":87,"column":7}},"type":"if","locations":[{"start":{"line":85,"column":6},"end":{"line":87,"column":7}},{"start":{},"end":{}}]},"2":{"loc":{"start":{"line":90,"column":6},"end":{"line":92,"column":7}},"type":"if","locations":[{"start":{"line":90,"column":6},"end":{"line":92,"column":7}},{"start":{},"end":{}}]},"3":{"loc":{"start":{"line":104,"column":6},"end":{"line":107,"column":7}},"type":"if","locations":[{"start":{"line":104,"column":6},"end":{"line":107,"column":7}},{"start":{},"end":{}}]}},"s":{"0":4,"1":4,"2":4,"3":4,"4":4,"5":4,"6":12,"7":1,"8":1,"9":1,"10":1,"11":0,"12":0,"13":0,"14":0,"15":0,"16":1,"17":1,"18":0,"19":0,"20":4,"21":4,"22":3,"23":3,"24":2,"25":2,"26":1,"27":1,"28":2,"29":2,"30":0,"31":0,"32":0,"33":0,"34":0,"35":0,"36":0,"37":0,"38":0,"39":0,"40":0,"41":0,"42":0,"43":0,"44":0,"45":0,"46":0,"47":0,"48":0,"49":2,"50":2,"51":1,"52":1,"53":1,"54":1,"55":4,"56":4,"57":4,"58":4,"59":4,"60":4,"61":4,"62":4,"63":4},"f":{"0":12,"1":1,"2":1,"3":4,"4":2,"5":2,"6":0,"7":2},"b":{"0":[0,0],"1":[0,0],"2":[0,0],"3":[0,0]}}
,"C:\\המכללה למנהל\\מטלה פיתוח אפליקציות אינטרנטיות\\assignments\\server\\src\\modules\\auth\\auth.service.ts": {"path":"C:\\המכללה למנהל\\מטלה פיתוח אפליקציות אינטרנטיות\\assignments\\server\\src\\modules\\auth\\auth.service.ts","statementMap":{"0":{"start":{"line":1,"column":0},"end":{"line":1,"column":30}},"1":{"start":{"line":2,"column":0},"end":{"line":2,"column":31}},"2":{"start":{"line":3,"column":0},"end":{"line":3,"column":40}},"3":{"start":{"line":4,"column":0},"end":{"line":4,"column":52}},"4":{"start":{"line":5,"column":0},"end":{"line":5,"column":48}},"5":{"start":{"line":7,"column":0},"end":{"line":7,"column":63}},"6":{"start":{"line":9,"column":0},"end":{"line":9,"column":55}},"7":{"start":{"line":12,"column":19},"end":{"line":12,"column":58}},"8":{"start":{"line":13,"column":19},"end":{"line":13,"column":84}},"9":{"start":{"line":14,"column":19},"end":{"line":14,"column":61}},"10":{"start":{"line":18,"column":19},"end":{"line":18,"column":41}},"11":{"start":{"line":19,"column":4},"end":{"line":19,"column":63}},"12":{"start":{"line":19,"column":17},"end":{"line":19,"column":63}},"13":{"start":{"line":20,"column":4},"end":{"line":20,"column":67}},"14":{"start":{"line":24,"column":18},"end":{"line":24,"column":50}},"15":{"start":{"line":25,"column":17},"end":{"line":25,"column":34}},"16":{"start":{"line":27,"column":4},"end":{"line":29,"column":5}},"17":{"start":{"line":28,"column":6},"end":{"line":28,"column":68}},"18":{"start":{"line":31,"column":25},"end":{"line":31,"column":61}},"19":{"start":{"line":33,"column":17},"end":{"line":40,"column":13}},"20":{"start":{"line":42,"column":19},"end":{"line":42,"column":35}},"21":{"start":{"line":43,"column":24},"end":{"line":43,"column":56}},"22":{"start":{"line":44,"column":25},"end":{"line":44,"column":79}},"23":{"start":{"line":47,"column":4},"end":{"line":47,"column":90}},"24":{"start":{"line":49,"column":4},"end":{"line":49,"column":54}},"25":{"start":{"line":53,"column":18},"end":{"line":53,"column":50}},"26":{"start":{"line":54,"column":4},"end":{"line":56,"column":5}},"27":{"start":{"line":55,"column":6},"end":{"line":55,"column":65}},"28":{"start":{"line":58,"column":29},"end":{"line":58,"column":86}},"29":{"start":{"line":59,"column":4},"end":{"line":59,"column":74}},"30":{"start":{"line":59,"column":27},"end":{"line":59,"column":74}},"31":{"start":{"line":61,"column":25},"end":{"line":61,"column":91}},"32":{"start":{"line":62,"column":4},"end":{"line":62,"column":70}},"33":{"start":{"line":62,"column":23},"end":{"line":62,"column":70}},"34":{"start":{"line":64,"column":19},"end":{"line":64,"column":47}},"35":{"start":{"line":65,"column":24},"end":{"line":65,"column":56}},"36":{"start":{"line":66,"column":25},"end":{"line":66,"column":79}},"37":{"start":{"line":68,"column":4},"end":{"line":68,"column":90}},"38":{"start":{"line":70,"column":21},"end":{"line":70,"column":64}},"39":{"start":{"line":71,"column":4},"end":{"line":71,"column":64}},"40":{"start":{"line":75,"column":4},"end":{"line":75,"column":76}},"41":{"start":{"line":75,"column":26},"end":{"line":75,"column":76}},"42":{"start":{"line":77,"column":22},"end":{"line":77,"column":76}},"43":{"start":{"line":78,"column":4},"end":{"line":78,"column":69}},"44":{"start":{"line":78,"column":20},"end":{"line":78,"column":69}},"45":{"start":{"line":81,"column":4},"end":{"line":81,"column":56}},"46":{"start":{"line":83,"column":19},"end":{"line":83,"column":46}},"47":{"start":{"line":84,"column":27},"end":{"line":84,"column":59}},"48":{"start":{"line":85,"column":28},"end":{"line":85,"column":82}},"49":{"start":{"line":87,"column":21},"end":{"line":87,"column":64}},"50":{"start":{"line":88,"column":4},"end":{"line":88,"column":84}},"51":{"start":{"line":92,"column":4},"end":{"line":92,"column":30}},"52":{"start":{"line":92,"column":23},"end":{"line":92,"column":30}},"53":{"start":{"line":93,"column":4},"end":{"line":93,"column":53}},"54":{"start":{"line":97,"column":4},"end":{"line":97,"column":73}},"55":{"start":{"line":97,"column":17},"end":{"line":97,"column":73}},"56":{"start":{"line":98,"column":4},"end":{"line":98,"column":49}},"57":{"start":{"line":102,"column":4},"end":{"line":102,"column":29}},"58":{"start":{"line":102,"column":16},"end":{"line":102,"column":29}},"59":{"start":{"line":103,"column":4},"end":{"line":103,"column":54}},"60":{"start":{"line":11,"column":0},"end":{"line":11,"column":13}}},"fnMap":{"0":{"name":"(anonymous_1)","decl":{"start":{"line":11,"column":0},"end":{"line":11,"column":13}},"loc":{"start":{"line":11,"column":0},"end":{"line":105,"column":1}}},"1":{"name":"(anonymous_2)","decl":{"start":{"line":17,"column":10},"end":{"line":17,"column":29}},"loc":{"start":{"line":17,"column":44},"end":{"line":21,"column":3}}},"2":{"name":"(anonymous_3)","decl":{"start":{"line":23,"column":9},"end":{"line":23,"column":14}},"loc":{"start":{"line":23,"column":41},"end":{"line":50,"column":3}}},"3":{"name":"(anonymous_4)","decl":{"start":{"line":52,"column":9},"end":{"line":52,"column":14}},"loc":{"start":{"line":52,"column":35},"end":{"line":72,"column":3}}},"4":{"name":"(anonymous_5)","decl":{"start":{"line":74,"column":9},"end":{"line":74,"column":14}},"loc":{"start":{"line":74,"column":46},"end":{"line":89,"column":3}}},"5":{"name":"(anonymous_6)","decl":{"start":{"line":91,"column":9},"end":{"line":91,"column":14}},"loc":{"start":{"line":91,"column":42},"end":{"line":94,"column":3}}},"6":{"name":"(anonymous_7)","decl":{"start":{"line":96,"column":9},"end":{"line":96,"column":14}},"loc":{"start":{"line":96,"column":32},"end":{"line":99,"column":3}}},"7":{"name":"(anonymous_8)","decl":{"start":{"line":101,"column":9},"end":{"line":101,"column":14}},"loc":{"start":{"line":101,"column":47},"end":{"line":104,"column":3}}}},"branchMap":{"0":{"loc":{"start":{"line":19,"column":4},"end":{"line":19,"column":63}},"type":"if","locations":[{"start":{"line":19,"column":4},"end":{"line":19,"column":63}},{"start":{},"end":{}}]},"1":{"loc":{"start":{"line":27,"column":4},"end":{"line":29,"column":5}},"type":"if","locations":[{"start":{"line":27,"column":4},"end":{"line":29,"column":5}},{"start":{},"end":{}}]},"2":{"loc":{"start":{"line":27,"column":8},"end":{"line":27,"column":41}},"type":"binary-expr","locations":[{"start":{"line":27,"column":8},"end":{"line":27,"column":14}},{"start":{"line":27,"column":18},"end":{"line":27,"column":32}},{"start":{"line":27,"column":36},"end":{"line":27,"column":41}}]},"3":{"loc":{"start":{"line":37,"column":17},"end":{"line":37,"column":39}},"type":"binary-expr","locations":[{"start":{"line":37,"column":17},"end":{"line":37,"column":31}},{"start":{"line":37,"column":35},"end":{"line":37,"column":39}}]},"4":{"loc":{"start":{"line":39,"column":16},"end":{"line":39,"column":71}},"type":"cond-expr","locations":[{"start":{"line":39,"column":32},"end":{"line":39,"column":59}},{"start":{"line":39,"column":62},"end":{"line":39,"column":71}}]},"5":{"loc":{"start":{"line":54,"column":4},"end":{"line":56,"column":5}},"type":"if","locations":[{"start":{"line":54,"column":4},"end":{"line":56,"column":5}},{"start":{},"end":{}}]},"6":{"loc":{"start":{"line":54,"column":8},"end":{"line":54,"column":32}},"type":"binary-expr","locations":[{"start":{"line":54,"column":8},"end":{"line":54,"column":14}},{"start":{"line":54,"column":18},"end":{"line":54,"column":32}}]},"7":{"loc":{"start":{"line":59,"column":4},"end":{"line":59,"column":74}},"type":"if","locations":[{"start":{"line":59,"column":4},"end":{"line":59,"column":74}},{"start":{},"end":{}}]},"8":{"loc":{"start":{"line":62,"column":4},"end":{"line":62,"column":70}},"type":"if","locations":[{"start":{"line":62,"column":4},"end":{"line":62,"column":70}},{"start":{},"end":{}}]},"9":{"loc":{"start":{"line":75,"column":4},"end":{"line":75,"column":76}},"type":"if","locations":[{"start":{"line":75,"column":4},"end":{"line":75,"column":76}},{"start":{},"end":{}}]},"10":{"loc":{"start":{"line":78,"column":4},"end":{"line":78,"column":69}},"type":"if","locations":[{"start":{"line":78,"column":4},"end":{"line":78,"column":69}},{"start":{},"end":{}}]},"11":{"loc":{"start":{"line":92,"column":4},"end":{"line":92,"column":30}},"type":"if","locations":[{"start":{"line":92,"column":4},"end":{"line":92,"column":30}},{"start":{},"end":{}}]},"12":{"loc":{"start":{"line":97,"column":4},"end":{"line":97,"column":73}},"type":"if","locations":[{"start":{"line":97,"column":4},"end":{"line":97,"column":73}},{"start":{},"end":{}}]},"13":{"loc":{"start":{"line":102,"column":4},"end":{"line":102,"column":29}},"type":"if","locations":[{"start":{"line":102,"column":4},"end":{"line":102,"column":29}},{"start":{},"end":{}}]}},"s":{"0":4,"1":4,"2":4,"3":4,"4":4,"5":4,"6":4,"7":11,"8":11,"9":11,"10":2,"11":2,"12":0,"13":2,"14":1,"15":1,"16":1,"17":0,"18":1,"19":1,"20":1,"21":1,"22":1,"23":1,"24":1,"25":3,"26":3,"27":0,"28":3,"29":3,"30":1,"31":2,"32":2,"33":1,"34":1,"35":1,"36":1,"37":1,"38":1,"39":1,"40":1,"41":0,"42":1,"43":1,"44":1,"45":0,"46":0,"47":0,"48":0,"49":0,"50":0,"51":1,"52":0,"53":1,"54":0,"55":0,"56":0,"57":1,"58":0,"59":1,"60":4},"f":{"0":11,"1":2,"2":1,"3":3,"4":1,"5":1,"6":0,"7":1},"b":{"0":[0,2],"1":[0,1],"2":[1,1,1],"3":[1,0],"4":[1,0],"5":[0,3],"6":[3,3],"7":[1,2],"8":[1,1],"9":[0,1],"10":[1,0],"11":[0,1],"12":[0,0],"13":[0,1]}}
,"C:\\המכללה למנהל\\מטלה פיתוח אפליקציות אינטרנטיות\\assignments\\server\\src\\modules\\auth\\blacklistedToken.repo.ts": {"path":"C:\\המכללה למנהל\\מטלה פיתוח אפליקציות אינטרנטיות\\assignments\\server\\src\\modules\\auth\\blacklistedToken.repo.ts","statementMap":{"0":{"start":{"line":1,"column":0},"end":{"line":1,"column":62}},"1":{"start":{"line":5,"column":4},"end":{"line":9,"column":13}},"2":{"start":{"line":13,"column":19},"end":{"line":13,"column":64}},"3":{"start":{"line":14,"column":4},"end":{"line":14,"column":20}},"4":{"start":{"line":3,"column":0},"end":{"line":3,"column":13}}},"fnMap":{"0":{"name":"(anonymous_1)","decl":{"start":{"line":4,"column":2},"end":{"line":4,"column":7}},"loc":{"start":{"line":4,"column":56},"end":{"line":10,"column":3}}},"1":{"name":"(anonymous_2)","decl":{"start":{"line":12,"column":2},"end":{"line":12,"column":7}},"loc":{"start":{"line":12,"column":38},"end":{"line":15,"column":3}}}},"branchMap":{},"s":{"0":4,"1":0,"2":1,"3":1,"4":4},"f":{"0":0,"1":1},"b":{}}
,"C:\\המכללה למנהל\\מטלה פיתוח אפליקציות אינטרנטיות\\assignments\\server\\src\\modules\\auth\\blacklistedTokens.model.ts": {"path":"C:\\המכללה למנהל\\מטלה פיתוח אפליקציות אינטרנטיות\\assignments\\server\\src\\modules\\auth\\blacklistedTokens.model.ts","statementMap":{"0":{"start":{"line":2,"column":0},"end":{"line":2,"column":51}},"1":{"start":{"line":9,"column":31},"end":{"line":26,"column":null}},"2":{"start":{"line":29,"column":0},"end":{"line":32,"column":2}},"3":{"start":{"line":34,"column":13},"end":{"line":37,"column":2}},"4":{"start":{"line":39,"column":0},"end":{"line":39,"column":37}}},"fnMap":{},"branchMap":{},"s":{"0":4,"1":4,"2":4,"3":4,"4":4},"f":{},"b":{}}
,"C:\\המכללה למנהל\\מטלה פיתוח אפליקציות אינטרנטיות\\assignments\\server\\src\\modules\\auth\\refreshToken.model.ts": {"path":"C:\\המכללה למנהל\\מטלה פיתוח אפליקציות אינטרנטיות\\assignments\\server\\src\\modules\\auth\\refreshToken.model.ts","statementMap":{"0":{"start":{"line":1,"column":0},"end":{"line":1,"column":58}},"1":{"start":{"line":11,"column":27},"end":{"line":41,"column":null}},"2":{"start":{"line":44,"column":13},"end":{"line":47,"column":2}}},"fnMap":{},"branchMap":{},"s":{"0":4,"1":4,"2":4},"f":{},"b":{}}
,"C:\\המכללה למנהל\\מטלה פיתוח אפליקציות אינטרנטיות\\assignments\\server\\src\\modules\\auth\\refreshToken.repo.ts": {"path":"C:\\המכללה למנהל\\מטלה פיתוח אפליקציות אינטרנטיות\\assignments\\server\\src\\modules\\auth\\refreshToken.repo.ts","statementMap":{"0":{"start":{"line":1,"column":0},"end":{"line":1,"column":57}},"1":{"start":{"line":2,"column":0},"end":{"line":2,"column":28}},"2":{"start":{"line":7,"column":4},"end":{"line":7,"column":67}},"3":{"start":{"line":11,"column":25},"end":{"line":11,"column":63}},"4":{"start":{"line":12,"column":22},"end":{"line":12,"column":50}},"5":{"start":{"line":14,"column":22},"end":{"line":14,"column":32}},"6":{"start":{"line":15,"column":4},"end":{"line":15,"column":59}},"7":{"start":{"line":17,"column":4},"end":{"line":22,"column":7}},"8":{"start":{"line":24,"column":4},"end":{"line":24,"column":24}},"9":{"start":{"line":28,"column":22},"end":{"line":28,"column":50}},"10":{"start":{"line":30,"column":4},"end":{"line":34,"column":7}},"11":{"start":{"line":38,"column":22},"end":{"line":38,"column":50}},"12":{"start":{"line":40,"column":4},"end":{"line":43,"column":6}},"13":{"start":{"line":4,"column":0},"end":{"line":4,"column":13}}},"fnMap":{"0":{"name":"(anonymous_1)","decl":{"start":{"line":6,"column":10},"end":{"line":6,"column":19}},"loc":{"start":{"line":6,"column":33},"end":{"line":8,"column":3}}},"1":{"name":"(anonymous_2)","decl":{"start":{"line":10,"column":2},"end":{"line":10,"column":7}},"loc":{"start":{"line":10,"column":60},"end":{"line":25,"column":3}}},"2":{"name":"(anonymous_3)","decl":{"start":{"line":27,"column":2},"end":{"line":27,"column":7}},"loc":{"start":{"line":27,"column":38},"end":{"line":35,"column":3}}},"3":{"name":"(anonymous_4)","decl":{"start":{"line":37,"column":2},"end":{"line":37,"column":7}},"loc":{"start":{"line":37,"column":35},"end":{"line":44,"column":3}}}},"branchMap":{"0":{"loc":{"start":{"line":10,"column":43},"end":{"line":10,"column":60}},"type":"default-arg","locations":[{"start":{"line":10,"column":59},"end":{"line":10,"column":60}}]}},"s":{"0":4,"1":4,"2":4,"3":2,"4":2,"5":2,"6":2,"7":2,"8":2,"9":1,"10":1,"11":1,"12":1,"13":4},"f":{"0":4,"1":2,"2":1,"3":1},"b":{"0":[2]}}
,"C:\\המכללה למנהל\\מטלה פיתוח אפליקציות אינטרנטיות\\assignments\\server\\src\\modules\\comments\\comments.dal.ts": {"path":"C:\\המכללה למנהל\\מטלה פיתוח אפליקציות אינטרנטיות\\assignments\\server\\src\\modules\\comments\\comments.dal.ts","statementMap":{"0":{"start":{"line":1,"column":0},"end":{"line":1,"column":57}},"1":{"start":{"line":2,"column":0},"end":{"line":2,"column":46}},"2":{"start":{"line":6,"column":20},"end":{"line":6,"column":42}},"3":{"start":{"line":7,"column":4},"end":{"line":7,"column":26}},"4":{"start":{"line":11,"column":4},"end":{"line":11,"column":44}},"5":{"start":{"line":15,"column":4},"end":{"line":15,"column":80}},"6":{"start":{"line":19,"column":4},"end":{"line":19,"column":74}},"7":{"start":{"line":23,"column":4},"end":{"line":23,"column":53}},"8":{"start":{"line":27,"column":4},"end":{"line":27,"column":60}},"9":{"start":{"line":4,"column":0},"end":{"line":4,"column":13}}},"fnMap":{"0":{"name":"(anonymous_1)","decl":{"start":{"line":5,"column":2},"end":{"line":5,"column":7}},"loc":{"start":{"line":5,"column":37},"end":{"line":8,"column":3}}},"1":{"name":"(anonymous_2)","decl":{"start":{"line":10,"column":2},"end":{"line":10,"column":7}},"loc":{"start":{"line":10,"column":27},"end":{"line":12,"column":3}}},"2":{"name":"(anonymous_3)","decl":{"start":{"line":14,"column":2},"end":{"line":14,"column":7}},"loc":{"start":{"line":14,"column":39},"end":{"line":16,"column":3}}},"3":{"name":"(anonymous_4)","decl":{"start":{"line":18,"column":2},"end":{"line":18,"column":7}},"loc":{"start":{"line":18,"column":57},"end":{"line":20,"column":3}}},"4":{"name":"(anonymous_5)","decl":{"start":{"line":22,"column":2},"end":{"line":22,"column":7}},"loc":{"start":{"line":22,"column":29},"end":{"line":24,"column":3}}},"5":{"name":"(anonymous_6)","decl":{"start":{"line":26,"column":2},"end":{"line":26,"column":7}},"loc":{"start":{"line":26,"column":48},"end":{"line":28,"column":3}}}},"branchMap":{},"s":{"0":4,"1":4,"2":1,"3":1,"4":2,"5":1,"6":1,"7":1,"8":6,"9":4},"f":{"0":1,"1":2,"2":1,"3":1,"4":1,"5":6},"b":{}}
,"C:\\המכללה למנהל\\מטלה פיתוח אפליקציות אינטרנטיות\\assignments\\server\\src\\modules\\comments\\comments.mapper.ts": {"path":"C:\\המכללה למנהל\\מטלה פיתוח אפליקציות אינטרנטיות\\assignments\\server\\src\\modules\\comments\\comments.mapper.ts","statementMap":{"0":{"start":{"line":4,"column":0},"end":{"line":4,"column":16}},"1":{"start":{"line":5,"column":2},"end":{"line":11,"column":4}}},"fnMap":{"0":{"name":"toCommentDTO","decl":{"start":{"line":4,"column":16},"end":{"line":4,"column":28}},"loc":{"start":{"line":4,"column":45},"end":{"line":12,"column":1}}}},"branchMap":{"0":{"loc":{"start":{"line":7,"column":14},"end":{"line":7,"column":64}},"type":"binary-expr","locations":[{"start":{"line":7,"column":14},"end":{"line":7,"column":44}},{"start":{"line":7,"column":48},"end":{"line":7,"column":64}}]},"1":{"loc":{"start":{"line":9,"column":15},"end":{"line":9,"column":61}},"type":"binary-expr","locations":[{"start":{"line":9,"column":15},"end":{"line":9,"column":43}},{"start":{"line":9,"column":47},"end":{"line":9,"column":61}}]}},"s":{"0":4,"1":5},"f":{"0":5},"b":{"0":[5,0],"1":[5,0]}}
,"C:\\המכללה למנהל\\מטלה פיתוח אפליקציות אינטרנטיות\\assignments\\server\\src\\modules\\comments\\comments.model.ts": {"path":"C:\\המכללה למנהל\\מטלה פיתוח אפליקציות אינטרנטיות\\assignments\\server\\src\\modules\\comments\\comments.model.ts","statementMap":{"0":{"start":{"line":1,"column":0},"end":{"line":1,"column":58}},"1":{"start":{"line":11,"column":22},"end":{"line":17,"column":2}},"2":{"start":{"line":15,"column":58},"end":{"line":15,"column":68}},"3":{"start":{"line":19,"column":21},"end":{"line":19,"column":61}},"4":{"start":{"line":20,"column":0},"end":{"line":20,"column":28}}},"fnMap":{"0":{"name":"(anonymous_0)","decl":{"start":{"line":15,"column":52},"end":{"line":15,"column":55}},"loc":{"start":{"line":15,"column":58},"end":{"line":15,"column":68}}}},"branchMap":{},"s":{"0":4,"1":4,"2":0,"3":4,"4":4},"f":{"0":0},"b":{}}
,"C:\\המכללה למנהל\\מטלה פיתוח אפליקציות אינטרנטיות\\assignments\\server\\src\\modules\\comments\\comments.service.ts": {"path":"C:\\המכללה למנהל\\מטלה פיתוח אפליקציות אינטרנטיות\\assignments\\server\\src\\modules\\comments\\comments.service.ts","statementMap":{"0":{"start":{"line":1,"column":0},"end":{"line":1,"column":33}},"1":{"start":{"line":2,"column":0},"end":{"line":2,"column":45}},"2":{"start":{"line":4,"column":0},"end":{"line":4,"column":49}},"3":{"start":{"line":7,"column":31},"end":{"line":7,"column":50}},"4":{"start":{"line":10,"column":20},"end":{"line":16,"column":13}},"5":{"start":{"line":18,"column":4},"end":{"line":18,"column":33}},"6":{"start":{"line":22,"column":20},"end":{"line":22,"column":47}},"7":{"start":{"line":23,"column":4},"end":{"line":23,"column":30}},"8":{"start":{"line":23,"column":18},"end":{"line":23,"column":30}},"9":{"start":{"line":24,"column":4},"end":{"line":24,"column":33}},"10":{"start":{"line":28,"column":21},"end":{"line":28,"column":60}},"11":{"start":{"line":29,"column":4},"end":{"line":29,"column":38}},"12":{"start":{"line":33,"column":24},"end":{"line":36,"column":6}},"13":{"start":{"line":38,"column":27},"end":{"line":38,"column":64}},"14":{"start":{"line":39,"column":4},"end":{"line":39,"column":37}},"15":{"start":{"line":39,"column":25},"end":{"line":39,"column":37}},"16":{"start":{"line":40,"column":4},"end":{"line":40,"column":40}},"17":{"start":{"line":44,"column":27},"end":{"line":44,"column":56}},"18":{"start":{"line":45,"column":4},"end":{"line":45,"column":37}},"19":{"start":{"line":45,"column":25},"end":{"line":45,"column":37}},"20":{"start":{"line":46,"column":4},"end":{"line":46,"column":40}},"21":{"start":{"line":6,"column":0},"end":{"line":6,"column":13}}},"fnMap":{"0":{"name":"(anonymous_0)","decl":{"start":{"line":7,"column":2},"end":{"line":7,"column":31}},"loc":{"start":{"line":7,"column":67},"end":{"line":7,"column":71}}},"1":{"name":"(anonymous_1)","decl":{"start":{"line":9,"column":2},"end":{"line":9,"column":7}},"loc":{"start":{"line":9,"column":49},"end":{"line":19,"column":3}}},"2":{"name":"(anonymous_2)","decl":{"start":{"line":21,"column":2},"end":{"line":21,"column":7}},"loc":{"start":{"line":21,"column":33},"end":{"line":25,"column":3}}},"3":{"name":"(anonymous_3)","decl":{"start":{"line":27,"column":2},"end":{"line":27,"column":7}},"loc":{"start":{"line":27,"column":44},"end":{"line":30,"column":3}}},"4":{"name":"(anonymous_4)","decl":{"start":{"line":32,"column":2},"end":{"line":32,"column":7}},"loc":{"start":{"line":32,"column":57},"end":{"line":41,"column":3}}},"5":{"name":"(anonymous_5)","decl":{"start":{"line":43,"column":2},"end":{"line":43,"column":7}},"loc":{"start":{"line":43,"column":32},"end":{"line":47,"column":3}}}},"branchMap":{"0":{"loc":{"start":{"line":7,"column":31},"end":{"line":7,"column":67}},"type":"default-arg","locations":[{"start":{"line":7,"column":50},"end":{"line":7,"column":67}}]},"1":{"loc":{"start":{"line":23,"column":4},"end":{"line":23,"column":30}},"type":"if","locations":[{"start":{"line":23,"column":4},"end":{"line":23,"column":30}},{"start":{},"end":{}}]},"2":{"loc":{"start":{"line":39,"column":4},"end":{"line":39,"column":37}},"type":"if","locations":[{"start":{"line":39,"column":4},"end":{"line":39,"column":37}},{"start":{},"end":{}}]},"3":{"loc":{"start":{"line":45,"column":4},"end":{"line":45,"column":37}},"type":"if","locations":[{"start":{"line":45,"column":4},"end":{"line":45,"column":37}},{"start":{},"end":{}}]}},"s":{"0":4,"1":4,"2":4,"3":6,"4":1,"5":1,"6":2,"7":2,"8":1,"9":1,"10":1,"11":1,"12":1,"13":1,"14":1,"15":0,"16":1,"17":1,"18":1,"19":0,"20":1,"21":4},"f":{"0":6,"1":1,"2":2,"3":1,"4":1,"5":1},"b":{"0":[6],"1":[1,1],"2":[0,1],"3":[0,1]}}
,"C:\\המכללה למנהל\\מטלה פיתוח אפליקציות אינטרנטיות\\assignments\\server\\src\\modules\\likes\\like.model.ts": {"path":"C:\\המכללה למנהל\\מטלה פיתוח אפליקציות אינטרנטיות\\assignments\\server\\src\\modules\\likes\\like.model.ts","statementMap":{"0":{"start":{"line":1,"column":0},"end":{"line":1,"column":58}},"1":{"start":{"line":9,"column":19},"end":{"line":30,"column":null}},"2":{"start":{"line":33,"column":0},"end":{"line":33,"column":63}},"3":{"start":{"line":35,"column":13},"end":{"line":35,"column":57}}},"fnMap":{},"branchMap":{},"s":{"0":4,"1":4,"2":4,"3":4},"f":{},"b":{}}
,"C:\\המכללה למנהל\\מטלה פיתוח אפליקציות אינטרנטיות\\assignments\\server\\src\\modules\\likes\\likes.repo.ts": {"path":"C:\\המכללה למנהל\\מטלה פיתוח אפליקציות אינטרנטיות\\assignments\\server\\src\\modules\\likes\\likes.repo.ts","statementMap":{"0":{"start":{"line":2,"column":0},"end":{"line":2,"column":47}},"1":{"start":{"line":9,"column":8},"end":{"line":13,"column":11}},"2":{"start":{"line":20,"column":23},"end":{"line":20,"column":70}},"3":{"start":{"line":21,"column":8},"end":{"line":21,"column":41}},"4":{"start":{"line":28,"column":21},"end":{"line":28,"column":65}},"5":{"start":{"line":29,"column":8},"end":{"line":29,"column":29}},"6":{"start":{"line":35,"column":8},"end":{"line":35,"column":54}},"7":{"start":{"line":41,"column":8},"end":{"line":41,"column":49}},"8":{"start":{"line":47,"column":8},"end":{"line":47,"column":51}},"9":{"start":{"line":4,"column":0},"end":{"line":4,"column":13}}},"fnMap":{"0":{"name":"(anonymous_0)","decl":{"start":{"line":5,"column":4},"end":{"line":5,"column":9}},"loc":{"start":{"line":7,"column":32},"end":{"line":14,"column":5}}},"1":{"name":"(anonymous_1)","decl":{"start":{"line":16,"column":4},"end":{"line":16,"column":9}},"loc":{"start":{"line":18,"column":32},"end":{"line":22,"column":5}}},"2":{"name":"(anonymous_2)","decl":{"start":{"line":24,"column":4},"end":{"line":24,"column":9}},"loc":{"start":{"line":26,"column":32},"end":{"line":30,"column":5}}},"3":{"name":"(anonymous_3)","decl":{"start":{"line":32,"column":4},"end":{"line":32,"column":9}},"loc":{"start":{"line":33,"column":32},"end":{"line":36,"column":5}}},"4":{"name":"(anonymous_4)","decl":{"start":{"line":38,"column":4},"end":{"line":38,"column":9}},"loc":{"start":{"line":39,"column":30},"end":{"line":42,"column":5}}},"5":{"name":"(anonymous_5)","decl":{"start":{"line":44,"column":4},"end":{"line":44,"column":9}},"loc":{"start":{"line":45,"column":32},"end":{"line":48,"column":5}}}},"branchMap":{},"s":{"0":4,"1":0,"2":0,"3":0,"4":0,"5":0,"6":6,"7":0,"8":0,"9":4},"f":{"0":0,"1":0,"2":0,"3":6,"4":0,"5":0},"b":{}}
,"C:\\המכללה למנהל\\מטלה פיתוח אפליקציות אינטרנטיות\\assignments\\server\\src\\modules\\likes\\likes.service.ts": {"path":"C:\\המכללה למנהל\\מטלה פיתוח אפליקציות אינטרנטיות\\assignments\\server\\src\\modules\\likes\\likes.service.ts","statementMap":{"0":{"start":{"line":1,"column":0},"end":{"line":1,"column":33}},"1":{"start":{"line":2,"column":0},"end":{"line":2,"column":41}},"2":{"start":{"line":5,"column":19},"end":{"line":5,"column":58}},"3":{"start":{"line":8,"column":25},"end":{"line":8,"column":51}},"4":{"start":{"line":9,"column":27},"end":{"line":9,"column":55}},"5":{"start":{"line":11,"column":25},"end":{"line":13,"column":null}},"6":{"start":{"line":16,"column":4},"end":{"line":18,"column":5}},"7":{"start":{"line":17,"column":6},"end":{"line":17,"column":46}},"8":{"start":{"line":20,"column":4},"end":{"line":27,"column":5}},"9":{"start":{"line":21,"column":6},"end":{"line":21,"column":64}},"10":{"start":{"line":23,"column":6},"end":{"line":25,"column":7}},"11":{"start":{"line":24,"column":8},"end":{"line":24,"column":48}},"12":{"start":{"line":26,"column":6},"end":{"line":26,"column":16}},"13":{"start":{"line":31,"column":25},"end":{"line":31,"column":51}},"14":{"start":{"line":32,"column":27},"end":{"line":32,"column":55}},"15":{"start":{"line":34,"column":4},"end":{"line":34,"column":63}},"16":{"start":{"line":41,"column":4},"end":{"line":44,"column":6}},"17":{"start":{"line":48,"column":4},"end":{"line":48,"column":70}},"18":{"start":{"line":52,"column":4},"end":{"line":52,"column":65}},"19":{"start":{"line":56,"column":4},"end":{"line":56,"column":69}},"20":{"start":{"line":4,"column":0},"end":{"line":4,"column":13}}},"fnMap":{"0":{"name":"(anonymous_0)","decl":{"start":{"line":4,"column":0},"end":{"line":4,"column":13}},"loc":{"start":{"line":4,"column":0},"end":{"line":58,"column":1}}},"1":{"name":"(anonymous_1)","decl":{"start":{"line":7,"column":2},"end":{"line":7,"column":7}},"loc":{"start":{"line":7,"column":51},"end":{"line":28,"column":3}}},"2":{"name":"(anonymous_2)","decl":{"start":{"line":30,"column":2},"end":{"line":30,"column":7}},"loc":{"start":{"line":30,"column":53},"end":{"line":35,"column":3}}},"3":{"name":"(anonymous_3)","decl":{"start":{"line":37,"column":2},"end":{"line":37,"column":7}},"loc":{"start":{"line":39,"column":20},"end":{"line":45,"column":3}}},"4":{"name":"(anonymous_4)","decl":{"start":{"line":47,"column":2},"end":{"line":47,"column":7}},"loc":{"start":{"line":47,"column":38},"end":{"line":49,"column":3}}},"5":{"name":"(anonymous_5)","decl":{"start":{"line":51,"column":2},"end":{"line":51,"column":7}},"loc":{"start":{"line":51,"column":35},"end":{"line":53,"column":3}}},"6":{"name":"(anonymous_6)","decl":{"start":{"line":55,"column":2},"end":{"line":55,"column":7}},"loc":{"start":{"line":55,"column":39},"end":{"line":57,"column":3}}}},"branchMap":{"0":{"loc":{"start":{"line":16,"column":4},"end":{"line":18,"column":5}},"type":"if","locations":[{"start":{"line":16,"column":4},"end":{"line":18,"column":5}},{"start":{},"end":{}}]},"1":{"loc":{"start":{"line":23,"column":6},"end":{"line":25,"column":7}},"type":"if","locations":[{"start":{"line":23,"column":6},"end":{"line":25,"column":7}},{"start":{},"end":{}}]}},"s":{"0":4,"1":4,"2":0,"3":0,"4":0,"5":0,"6":0,"7":0,"8":0,"9":0,"10":0,"11":0,"12":0,"13":0,"14":0,"15":0,"16":0,"17":0,"18":0,"19":0,"20":4},"f":{"0":0,"1":0,"2":0,"3":0,"4":0,"5":0,"6":0},"b":{"0":[0,0],"1":[0,0]}}
[...]
start":{"line":775,"column":8},"end":{"line":800,"column":11}},"159":{"start":{"line":783,"column":39},"end":{"line":783,"column":41}},"160":{"start":{"line":784,"column":12},"end":{"line":799,"column":13}},"161":{"start":{"line":785,"column":16},"end":{"line":785,"column":135}},"162":{"start":{"line":787,"column":35},"end":{"line":787,"column":56}},"163":{"start":{"line":789,"column":14},"end":{"line":796,"column":17}},"164":{"start":{"line":798,"column":16},"end":{"line":798,"column":33}},"165":{"start":{"line":802,"column":92},"end":{"line":804,"column":10}},"166":{"start":{"line":805,"column":8},"end":{"line":830,"column":11}},"167":{"start":{"line":813,"column":39},"end":{"line":813,"column":41}},"168":{"start":{"line":814,"column":12},"end":{"line":829,"column":13}},"169":{"start":{"line":815,"column":16},"end":{"line":815,"column":128}},"170":{"start":{"line":817,"column":35},"end":{"line":817,"column":56}},"171":{"start":{"line":819,"column":14},"end":{"line":826,"column":17}},"172":{"start":{"line":828,"column":16},"end":{"line":828,"column":33}},"173":{"start":{"line":832,"column":94},"end":{"line":834,"column":10}},"174":{"start":{"line":835,"column":8},"end":{"line":860,"column":11}},"175":{"start":{"line":843,"column":39},"end":{"line":843,"column":41}},"176":{"start":{"line":844,"column":12},"end":{"line":859,"column":13}},"177":{"start":{"line":845,"column":16},"end":{"line":845,"column":130}},"178":{"start":{"line":847,"column":35},"end":{"line":847,"column":56}},"179":{"start":{"line":849,"column":14},"end":{"line":856,"column":17}},"180":{"start":{"line":858,"column":16},"end":{"line":858,"column":33}},"181":{"start":{"line":862,"column":96},"end":{"line":864,"column":10}},"182":{"start":{"line":865,"column":8},"end":{"line":890,"column":11}},"183":{"start":{"line":873,"column":39},"end":{"line":873,"column":41}},"184":{"start":{"line":874,"column":12},"end":{"line":889,"column":13}},"185":{"start":{"line":875,"column":16},"end":{"line":875,"column":132}},"186":{"start":{"line":877,"column":35},"end":{"line":877,"column":59}},"187":{"start":{"line":879,"column":14},"end":{"line":886,"column":17}},"188":{"start":{"line":888,"column":16},"end":{"line":888,"column":33}},"189":{"start":{"line":892,"column":97},"end":{"line":894,"column":10}},"190":{"start":{"line":895,"column":8},"end":{"line":920,"column":11}},"191":{"start":{"line":903,"column":39},"end":{"line":903,"column":41}},"192":{"start":{"line":904,"column":12},"end":{"line":919,"column":13}},"193":{"start":{"line":905,"column":16},"end":{"line":905,"column":133}},"194":{"start":{"line":907,"column":35},"end":{"line":907,"column":59}},"195":{"start":{"line":909,"column":14},"end":{"line":916,"column":17}},"196":{"start":{"line":918,"column":16},"end":{"line":918,"column":33}},"197":{"start":{"line":922,"column":102},"end":{"line":924,"column":10}},"198":{"start":{"line":925,"column":8},"end":{"line":950,"column":11}},"199":{"start":{"line":933,"column":39},"end":{"line":933,"column":41}},"200":{"start":{"line":934,"column":12},"end":{"line":949,"column":13}},"201":{"start":{"line":935,"column":16},"end":{"line":935,"column":138}},"202":{"start":{"line":937,"column":35},"end":{"line":937,"column":59}},"203":{"start":{"line":939,"column":14},"end":{"line":946,"column":17}},"204":{"start":{"line":948,"column":16},"end":{"line":948,"column":33}},"205":{"start":{"line":952,"column":96},"end":{"line":955,"column":10}},"206":{"start":{"line":956,"column":8},"end":{"line":981,"column":11}},"207":{"start":{"line":964,"column":39},"end":{"line":964,"column":41}},"208":{"start":{"line":965,"column":12},"end":{"line":980,"column":13}},"209":{"start":{"line":966,"column":16},"end":{"line":966,"column":132}},"210":{"start":{"line":968,"column":35},"end":{"line":968,"column":59}},"211":{"start":{"line":970,"column":14},"end":{"line":977,"column":17}},"212":{"start":{"line":979,"column":16},"end":{"line":979,"column":33}},"213":{"start":{"line":983,"column":96},"end":{"line":985,"column":10}},"214":{"start":{"line":986,"column":8},"end":{"line":1011,"column":11}},"215":{"start":{"line":994,"column":39},"end":{"line":994,"column":41}},"216":{"start":{"line":995,"column":12},"end":{"line":1010,"column":13}},"217":{"start":{"line":996,"column":16},"end":{"line":996,"column":132}},"218":{"start":{"line":998,"column":35},"end":{"line":998,"column":59}},"219":{"start":{"line":1000,"column":14},"end":{"line":1007,"column":17}},"220":{"start":{"line":1009,"column":16},"end":{"line":1009,"column":33}},"221":{"start":{"line":1013,"column":87},"end":{"line":1015,"column":10}},"222":{"start":{"line":1016,"column":8},"end":{"line":1041,"column":11}},"223":{"start":{"line":1024,"column":39},"end":{"line":1024,"column":41}},"224":{"start":{"line":1025,"column":12},"end":{"line":1040,"column":13}},"225":{"start":{"line":1026,"column":16},"end":{"line":1026,"column":123}},"226":{"start":{"line":1028,"column":35},"end":{"line":1028,"column":55}},"227":{"start":{"line":1030,"column":14},"end":{"line":1037,"column":17}},"228":{"start":{"line":1039,"column":16},"end":{"line":1039,"column":33}},"229":{"start":{"line":1043,"column":84},"end":{"line":1045,"column":10}},"230":{"start":{"line":1046,"column":8},"end":{"line":1071,"column":11}},"231":{"start":{"line":1054,"column":39},"end":{"line":1054,"column":41}},"232":{"start":{"line":1055,"column":12},"end":{"line":1070,"column":13}},"233":{"start":{"line":1056,"column":16},"end":{"line":1056,"column":120}},"234":{"start":{"line":1058,"column":35},"end":{"line":1058,"column":55}},"235":{"start":{"line":1060,"column":14},"end":{"line":1067,"column":17}},"236":{"start":{"line":1069,"column":16},"end":{"line":1069,"column":33}},"237":{"start":{"line":1073,"column":81},"end":{"line":1075,"column":10}},"238":{"start":{"line":1076,"column":8},"end":{"line":1102,"column":11}},"239":{"start":{"line":1085,"column":39},"end":{"line":1085,"column":41}},"240":{"start":{"line":1086,"column":12},"end":{"line":1101,"column":13}},"241":{"start":{"line":1087,"column":16},"end":{"line":1087,"column":117}},"242":{"start":{"line":1089,"column":35},"end":{"line":1089,"column":55}},"243":{"start":{"line":1091,"column":14},"end":{"line":1098,"column":17}},"244":{"start":{"line":1100,"column":16},"end":{"line":1100,"column":33}},"245":{"start":{"line":1104,"column":85},"end":{"line":1106,"column":10}},"246":{"start":{"line":1107,"column":8},"end":{"line":1133,"column":11}},"247":{"start":{"line":1116,"column":39},"end":{"line":1116,"column":41}},"248":{"start":{"line":1117,"column":12},"end":{"line":1132,"column":13}},"249":{"start":{"line":1118,"column":16},"end":{"line":1118,"column":121}},"250":{"start":{"line":1120,"column":35},"end":{"line":1120,"column":55}},"251":{"start":{"line":1122,"column":14},"end":{"line":1129,"column":17}},"252":{"start":{"line":1131,"column":16},"end":{"line":1131,"column":33}},"253":{"start":{"line":1135,"column":86},"end":{"line":1137,"column":10}},"254":{"start":{"line":1138,"column":8},"end":{"line":1163,"column":11}},"255":{"start":{"line":1146,"column":39},"end":{"line":1146,"column":41}},"256":{"start":{"line":1147,"column":12},"end":{"line":1162,"column":13}},"257":{"start":{"line":1148,"column":16},"end":{"line":1148,"column":122}},"258":{"start":{"line":1150,"column":35},"end":{"line":1150,"column":55}},"259":{"start":{"line":1152,"column":14},"end":{"line":1159,"column":17}},"260":{"start":{"line":1161,"column":16},"end":{"line":1161,"column":33}},"261":{"start":{"line":1172,"column":8},"end":{"line":1236,"column":null}},"262":{"start":{"line":1179,"column":42},"end":{"line":1179,"column":44}},"263":{"start":{"line":1180,"column":35},"end":{"line":1183,"column":13}},"264":{"start":{"line":1181,"column":16},"end":{"line":1181,"column":43}},"265":{"start":{"line":1182,"column":16},"end":{"line":1182,"column":28}},"266":{"start":{"line":1185,"column":56},"end":{"line":1185,"column":58}},"267":{"start":{"line":1186,"column":12},"end":{"line":1209,"column":13}},"268":{"start":{"line":1187,"column":16},"end":{"line":1208,"column":17}},"269":{"start":{"line":1188,"column":65},"end":{"line":1188,"column":67}},"270":{"start":{"line":1190,"column":20},"end":{"line":1195,"column":21}},"271":{"start":{"line":1191,"column":24},"end":{"line":1194,"column":26}},"272":{"start":{"line":1199,"column":20},"end":{"line":1200,"column":62}},"273":{"start":{"line":1200,"column":41},"end":{"line":1200,"column":57}},"274":{"start":{"line":1202,"column":20},"end":{"line":1207,"column":21}},"275":{"start":{"line":1203,"column":24},"end":{"line":1206,"column":26}},"276":{"start":{"line":1213,"column":12},"end":{"line":1233,"column":13}},"277":{"start":{"line":1214,"column":16},"end":{"line":1214,"column":73}},"278":{"start":{"line":1217,"column":16},"end":{"line":1219,"column":17}},"279":{"start":{"line":1218,"column":20},"end":{"line":1218,"column":27}},"280":{"start":{"line":1221,"column":16},"end":{"line":1221,"column":23}},"281":{"start":{"line":1225,"column":30},"end":{"line":1225,"column":50}},"282":{"start":{"line":1226,"column":16},"end":{"line":1226,"column":51}},"283":{"start":{"line":1229,"column":16},"end":{"line":1231,"column":17}},"284":{"start":{"line":1230,"column":20},"end":{"line":1230,"column":27}},"285":{"start":{"line":1232,"column":16},"end":{"line":1232,"column":28}}},"fnMap":{"0":{"name":"RegisterRoutes","decl":{"start":{"line":199,"column":16},"end":{"line":199,"column":30}},"loc":{"start":{"line":199,"column":84},"end":{"line":1240,"column":1}}},"1":{"name":"UsersController_createUser","decl":{"start":{"line":216,"column":27},"end":{"line":216,"column":53}},"loc":{"start":{"line":216,"column":105},"end":{"line":237,"column":9}}},"2":{"name":"UsersController_getUsers","decl":{"start":{"line":245,"column":27},"end":{"line":245,"column":51}},"loc":{"start":{"line":245,"column":103},"end":{"line":266,"column":9}}},"3":{"name":"UsersController_getUserById","decl":{"start":{"line":275,"column":27},"end":{"line":275,"column":54}},"loc":{"start":{"line":275,"column":106},"end":{"line":296,"column":9}}},"4":{"name":"UsersController_updateUser","decl":{"start":{"line":306,"column":27},"end":{"line":306,"column":53}},"loc":{"start":{"line":306,"column":105},"end":{"line":327,"column":9}}},"5":{"name":"UsersController_updateProfile","decl":{"start":{"line":337,"column":27},"end":{"line":337,"column":56}},"loc":{"start":{"line":337,"column":108},"end":{"line":358,"column":9}}},"6":{"name":"UsersController_uploadAvatar","decl":{"start":{"line":374,"column":27},"end":{"line":374,"column":55}},"loc":{"start":{"line":374,"column":107},"end":{"line":395,"column":9}}},"7":{"name":"UsersController_deleteUser","decl":{"start":{"line":404,"column":27},"end":{"line":404,"column":53}},"loc":{"start":{"line":404,"column":105},"end":{"line":425,"column":9}}},"8":{"name":"RecipeController_generateAIRecipes","decl":{"start":{"line":434,"column":27},"end":{"line":434,"column":61}},"loc":{"start":{"line":434,"column":113},"end":{"line":455,"column":9}}},"9":{"name":"RecipeController_createRecipe","decl":{"start":{"line":464,"column":27},"end":{"line":464,"column":56}},"loc":{"start":{"line":464,"column":108},"end":{"line":485,"column":9}}},"10":{"name":"RecipeController_getRecipeById","decl":{"start":{"line":494,"column":27},"end":{"line":494,"column":57}},"loc":{"start":{"line":494,"column":109},"end":{"line":515,"column":9}}},"11":{"name":"RecipeController_getRecipes","decl":{"start":{"line":529,"column":27},"end":{"line":529,"column":54}},"loc":{"start":{"line":529,"column":106},"end":{"line":550,"column":9}}},"12":{"name":"RecipeController_getRecipesByUser","decl":{"start":{"line":559,"column":27},"end":{"line":559,"column":60}},"loc":{"start":{"line":559,"column":112},"end":{"line":580,"column":9}}},"13":{"name":"RecipeController_updateRecipe","decl":{"start":{"line":590,"column":27},"end":{"line":590,"column":56}},"loc":{"start":{"line":590,"column":108},"end":{"line":611,"column":9}}},"14":{"name":"RecipeController_deleteRecipe","decl":{"start":{"line":620,"column":27},"end":{"line":620,"column":56}},"loc":{"start":{"line":620,"column":108},"end":{"line":641,"column":9}}},"15":{"name":"RecipeController_uploadImage","decl":{"start":{"line":657,"column":27},"end":{"line":657,"column":55}},"loc":{"start":{"line":657,"column":107},"end":{"line":678,"column":9}}},"16":{"name":"LikesController_likeRecipe","decl":{"start":{"line":687,"column":27},"end":{"line":687,"column":53}},"loc":{"start":{"line":687,"column":105},"end":{"line":708,"column":9}}},"17":{"name":"LikesController_unlikeRecipe","decl":{"start":{"line":718,"column":27},"end":{"line":718,"column":55}},"loc":{"start":{"line":718,"column":107},"end":{"line":739,"column":9}}},"18":{"name":"LikesController_isRecipeLiked","decl":{"start":{"line":749,"column":27},"end":{"line":749,"column":56}},"loc":{"start":{"line":749,"column":108},"end":{"line":770,"column":9}}},"19":{"name":"LikesController_getRecipeLikesCount","decl":{"start":{"line":779,"column":27},"end":{"line":779,"column":62}},"loc":{"start":{"line":779,"column":114},"end":{"line":800,"column":9}}},"20":{"name":"LikesController_getUserLikes","decl":{"start":{"line":809,"column":27},"end":{"line":809,"column":55}},"loc":{"start":{"line":809,"column":107},"end":{"line":830,"column":9}}},"21":{"name":"LikesController_getRecipeLikes","decl":{"start":{"line":839,"column":27},"end":{"line":839,"column":57}},"loc":{"start":{"line":839,"column":109},"end":{"line":860,"column":9}}},"22":{"name":"CommentsController_createComment","decl":{"start":{"line":869,"column":27},"end":{"line":869,"column":59}},"loc":{"start":{"line":869,"column":111},"end":{"line":890,"column":9}}},"23":{"name":"CommentsController_getCommentById","decl":{"start":{"line":899,"column":27},"end":{"line":899,"column":60}},"loc":{"start":{"line":899,"column":112},"end":{"line":920,"column":9}}},"24":{"name":"CommentsController_getCommentsByRecipe","decl":{"start":{"line":929,"column":27},"end":{"line":929,"column":65}},"loc":{"start":{"line":929,"column":117},"end":{"line":950,"column":9}}},"25":{"name":"CommentsController_updateComment","decl":{"start":{"line":960,"column":27},"end":{"line":960,"column":59}},"loc":{"start":{"line":960,"column":111},"end":{"line":981,"column":9}}},"26":{"name":"CommentsController_deleteComment","decl":{"start":{"line":990,"column":27},"end":{"line":990,"column":59}},"loc":{"start":{"line":990,"column":111},"end":{"line":1011,"column":9}}},"27":{"name":"AuthController_register","decl":{"start":{"line":1020,"column":27},"end":{"line":1020,"column":50}},"loc":{"start":{"line":1020,"column":102},"end":{"line":1041,"column":9}}},"28":{"name":"AuthController_login","decl":{"start":{"line":1050,"column":27},"end":{"line":1050,"column":47}},"loc":{"start":{"line":1050,"column":99},"end":{"line":1071,"column":9}}},"29":{"name":"AuthController_me","decl":{"start":{"line":1081,"column":27},"end":{"line":1081,"column":44}},"loc":{"start":{"line":1081,"column":96},"end":{"line":1102,"column":9}}},"30":{"name":"AuthController_logout","decl":{"start":{"line":1112,"column":27},"end":{"line":1112,"column":48}},"loc":{"start":{"line":1112,"column":100},"end":{"line":1133,"column":9}}},"31":{"name":"AuthController_refresh","decl":{"start":{"line":1142,"column":27},"end":{"line":1142,"column":49}},"loc":{"start":{"line":1142,"column":101},"end":{"line":1163,"column":9}}},"32":{"name":"authenticateMiddleware","decl":{"start":{"line":1171,"column":13},"end":{"line":1171,"column":35}},"loc":{"start":{"line":1171,"column":71},"end":{"line":1237,"column":5}}},"33":{"name":"runAuthenticationMiddleware","decl":{"start":{"line":1172,"column":30},"end":{"line":1172,"column":57}},"loc":{"start":{"line":1172,"column":96},"end":{"line":1236,"column":9}}},"34":{"name":"(anonymous_35)","decl":{"start":{"line":1180,"column":35},"end":{"line":1180,"column":36}},"loc":{"start":{"line":1180,"column":50},"end":{"line":1183,"column":13}}},"35":{"name":"(anonymous_36)","decl":{"start":{"line":1200,"column":30},"end":{"line":1200,"column":35}},"loc":{"start":{"line":1200,"column":38},"end":{"line":1200,"column":59}}}},"branchMap":{"0":{"loc":{"start":{"line":206,"column":19},"end":{"line":206,"column":75}},"type":"binary-expr","locations":[{"start":{"line":206,"column":19},"end":{"line":206,"column":31}},{"start":{"line":206,"column":36},"end":{"line":206,"column":75}}]},"1":{"loc":{"start":{"line":1171,"column":36},"end":{"line":1171,"column":71}},"type":"default-arg","locations":[{"start":{"line":1171,"column":69},"end":{"line":1171,"column":71}}]},"2":{"loc":{"start":{"line":1187,"column":16},"end":{"line":1208,"column":17}},"type":"if","locations":[{"start":{"line":1187,"column":16},"end":{"line":1208,"column":17}},{"start":{"line":1201,"column":23},"end":{"line":1208,"column":17}}]},"3":{"loc":{"start":{"line":1217,"column":16},"end":{"line":1219,"column":17}},"type":"if","locations":[{"start":{"line":1217,"column":16},"end":{"line":1219,"column":17}},{"start":{},"end":{}}]},"4":{"loc":{"start":{"line":1226,"column":31},"end":{"line":1226,"column":50}},"type":"binary-expr","locations":[{"start":{"line":1226,"column":31},"end":{"line":1226,"column":43}},{"start":{"line":1226,"column":47},"end":{"line":1226,"column":50}}]},"5":{"loc":{"start":{"line":1229,"column":16},"end":{"line":1231,"column":17}},"type":"if","locations":[{"start":{"line":1229,"column":16},"end":{"line":1231,"column":17}},{"start":{},"end":{}}]}},"s":{"0":4,"1":4,"2":4,"3":4,"4":4,"5":4,"6":4,"7":4,"8":4,"9":4,"10":4,"11":4,"12":4,"13":4,"14":4,"15":2,"16":2,"17":2,"18":1,"19":1,"20":1,"21":4,"22":4,"23":1,"24":1,"25":1,"26":1,"27":1,"28":0,"29":4,"30":4,"31":4,"32":4,"33":4,"34":4,"35":4,"36":0,"37":4,"38":4,"39":2,"40":2,"41":2,"42":2,"43":2,"44":0,"45":4,"46":4,"47":2,"48":2,"49":2,"50":2,"51":2,"52":0,"53":4,"54":4,"55":0,"56":0,"57":0,"58":0,"59":0,"60":0,"61":4,"62":4,"63":2,"64":2,"65":2,"66":2,"67":2,"68":0,"69":4,"70":4,"71":0,"72":0,"73":0,"74":0,"75":0,"76":0,"77":4,"78":4,"79":2,"80":2,"81":2,"82":2,"83":2,"84":0,"85":4,"86":4,"87":3,"88":3,"89":3,"90":3,"91":3,"92":0,"93":4,"94":4,"95":2,"96":2,"97":2,"98":2,"99":2,"100":0,"101":4,"102":4,"103":1,"104":1,"105":1,"106":1,"107":1,"108":0,"109":4,"110":4,"111":2,"112":2,"113":2,"114":2,"115":2,"116":0,"117":4,"118":4,"119":2,"120":2,"121":2,"122":2,"123":2,"124":0,"125":4,"126":4,"127":1,"128":1,"129":1,"130":0,"131":0,"132":1,"133":4,"134":4,"135":0,"136":0,"137":0,"138":0,"139":0,"140":0,"141":4,"142":4,"143":0,"144":0,"145":0,"146":0,"147":0,"148":0,"149":4,"150":4,"151":0,"152":0,"153":0,"154":0,"155":0,"156":0,"157":4,"158":4,"159":0,"160":0,"161":0,"162":0,"163":0,"164":0,"165":4,"166":4,"167":0,"168":0,"169":0,"170":0,"171":0,"172":0,"173":4,"174":4,"175":0,"176":0,"177":0,"178":0,"179":0,"180":0,"181":4,"182":4,"183":1,"184":1,"185":1,"186":1,"187":1,"188":0,"189":4,"190":4,"191":2,"192":2,"193":2,"194":2,"195":2,"196":0,"197":4,"198":4,"199":1,"200":1,"201":1,"202":1,"203":1,"204":0,"205":4,"206":4,"207":1,"208":1,"209":1,"210":1,"211":1,"212":0,"213":4,"214":4,"215":1,"216":1,"217":1,"218":1,"219":1,"220":0,"221":4,"222":4,"223":2,"224":2,"225":2,"226":1,"227":1,"228":1,"229":4,"230":4,"231":4,"232":4,"233":4,"234":3,"235":3,"236":1,"237":4,"238":4,"239":0,"240":0,"241":0,"242":0,"243":0,"244":0,"245":4,"246":4,"247":1,"248":1,"249":1,"250":1,"251":1,"252":0,"253":4,"254":4,"255":2,"256":2,"257":2,"258":1,"259":1,"260":1,"261":8,"262":2,"263":2,"264":1,"265":1,"266":2,"267":2,"268":2,"269":0,"270":0,"271":0,"272":0,"273":0,"274":2,"275":2,"276":2,"277":2,"278":1,"279":0,"280":1,"281":1,"282":1,"283":1,"284":0,"285":1},"f":{"0":4,"1":2,"2":1,"3":4,"4":2,"5":2,"6":0,"7":2,"8":0,"9":2,"10":3,"11":2,"12":1,"13":2,"14":2,"15":1,"16":0,"17":0,"18":0,"19":0,"20":0,"21":0,"22":1,"23":2,"24":1,"25":1,"26":1,"27":2,"28":4,"29":0,"30":1,"31":2,"32":8,"33":2,"34":1,"35":0},"b":{"0":[4,4],"1":[0],"2":[0,2],"3":[0,1],"4":[1,0],"5":[0,1]}}
}
