TN:
SF:src\app.ts
FN:27,(anonymous_1)
FNF:1
FNH:0
FNDA:0,(anonymous_1)
DA:1,4
DA:2,4
DA:3,4
DA:4,4
DA:5,4
DA:6,4
DA:7,4
DA:8,4
DA:10,4
DA:11,4
DA:13,4
DA:14,0
DA:17,4
DA:22,4
DA:23,4
DA:25,4
DA:27,4
DA:28,0
DA:31,4
DA:34,4
DA:36,4
DA:38,4
LF:22
LH:20
BRDA:13,0,0,0
BRDA:13,0,1,4
BRF:2
BRH:1
end_of_record
TN:
SF:src\common\index.ts
FNF:0
FNH:0
DA:1,4
DA:2,4
LF:2
LH:2
BRF:0
BRH:0
end_of_record
TN:
SF:src\common\errors\app-error.ts
FN:5,(anonymous_0)
FNF:1
FNH:1
FNDA:11,(anonymous_0)
DA:1,4
DA:6,11
DA:7,11
DA:8,11
DA:9,11
LF:5
LH:5
BRF:0
BRH:0
end_of_record
TN:
SF:src\common\middlewares\error.middleware.ts
FN:5,(anonymous_0)
FNF:1
FNH:1
FNDA:16,(anonymous_0)
DA:2,4
DA:3,4
DA:5,4
DA:12,16
DA:13,0
DA:17,16
DA:18,0
DA:25,16
DA:26,8
DA:33,8
DA:34,8
LF:11
LH:9
BRDA:12,0,0,0
BRDA:12,0,1,16
BRDA:17,1,0,0
BRDA:17,1,1,16
BRDA:25,2,0,8
BRDA:25,2,1,8
BRDA:34,3,0,8
BRDA:34,3,1,8
BRDA:34,3,2,1
BRDA:35,4,0,8
BRDA:35,4,1,5
BRF:11
BRH:9
end_of_record
TN:
SF:src\common\middlewares\expressAuthentication.ts
FN:7,expressAuthentication
FNF:1
FNH:1
FNDA:2,expressAuthentication
DA:2,4
DA:3,4
DA:5,4
DA:7,4
DA:12,2
DA:13,2
DA:16,0
DA:17,0
DA:18,0
DA:21,0
DA:22,0
DA:24,0
DA:25,0
DA:28,0
DA:29,0
DA:30,0
DA:31,0
DA:34,0
DA:36,0
DA:41,0
LF:20
LH:6
BRDA:12,0,0,2
BRDA:12,0,1,0
BRDA:17,1,0,0
BRDA:17,1,1,0
BRDA:22,2,0,0
BRDA:22,2,1,0
BRDA:24,3,0,0
BRDA:24,3,1,0
BRDA:30,4,0,0
BRDA:30,4,1,0
BRDA:37,5,0,0
BRDA:37,5,1,0
BRF:12
BRH:1
end_of_record
TN:
SF:src\controllers\auth.tsoa.ts
FN:10,(anonymous_4)
FN:14,(anonymous_5)
FN:27,(anonymous_6)
FN:41,(anonymous_7)
FN:56,(anonymous_8)
FN:76,(anonymous_9)
FNF:6
FNH:6
FNDA:6,(anonymous_4)
FNDA:3,(anonymous_5)
FNDA:5,(anonymous_6)
FNDA:1,(anonymous_7)
FNDA:2,(anonymous_8)
FNDA:3,(anonymous_9)
DA:1,4
DA:3,4
DA:4,4
DA:10,4
DA:11,6
DA:14,4
DA:15,3
DA:16,3
DA:17,2
DA:18,2
DA:20,1
DA:21,1
DA:22,1
DA:27,4
DA:28,5
DA:29,5
DA:30,1
DA:31,1
DA:33,4
DA:34,4
DA:35,4
DA:41,4
DA:42,1
DA:43,1
DA:44,1
DA:45,1
DA:46,1
DA:48,0
DA:49,0
DA:50,0
DA:56,4
DA:57,2
DA:58,2
DA:59,2
DA:60,1
DA:63,1
DA:64,1
DA:66,1
DA:67,1
DA:69,1
DA:70,1
DA:71,1
DA:76,4
DA:77,3
DA:78,3
DA:79,1
DA:82,2
DA:84,1
DA:85,1
DA:87,2
DA:88,2
DA:89,2
LF:52
LH:49
BRDA:20,0,0,1
BRDA:20,0,1,0
BRDA:20,0,2,0
BRDA:33,1,0,4
BRDA:33,1,1,2
BRDA:33,1,2,1
BRDA:48,2,0,0
BRDA:48,2,1,0
BRDA:48,2,2,0
BRDA:59,3,0,1
BRDA:59,3,1,1
BRDA:69,4,0,1
BRDA:69,4,1,0
BRDA:69,4,2,0
BRDA:78,5,0,1
BRDA:78,5,1,2
BRDA:87,6,0,2
BRDA:87,6,1,0
BRDA:87,6,2,0
BRF:19
BRH:10
end_of_record
TN:
SF:src\controllers\comments.tsoa.ts
FN:20,(anonymous_4)
FN:26,(anonymous_5)
FN:37,(anonymous_6)
FN:44,(anonymous_7)
FN:50,(anonymous_8)
FN:60,(anonymous_9)
FNF:6
FNH:6
FNDA:6,(anonymous_4)
FNDA:1,(anonymous_5)
FNDA:2,(anonymous_6)
FNDA:1,(anonymous_7)
FNDA:1,(anonymous_8)
FNDA:1,(anonymous_9)
DA:1,4
DA:13,4
DA:14,4
DA:19,4
DA:20,6
DA:21,6
DA:26,4
DA:27,1
DA:28,0
DA:31,1
DA:32,1
DA:33,1
DA:37,4
DA:38,2
DA:39,2
DA:40,1
DA:44,4
DA:45,1
DA:46,1
DA:50,4
DA:54,1
DA:55,1
DA:56,1
DA:60,4
DA:61,1
DA:62,1
DA:63,1
DA:64,1
LF:28
LH:27
BRDA:20,0,0,6
BRDA:27,1,0,0
BRDA:27,1,1,1
BRDA:27,2,0,1
BRDA:27,2,1,1
BRDA:27,2,2,1
BRDA:39,3,0,1
BRDA:39,3,1,1
BRDA:45,4,0,0
BRDA:45,4,1,1
BRDA:55,5,0,0
BRDA:55,5,1,1
BRDA:62,6,0,0
BRDA:62,6,1,1
BRF:14
BRH:10
end_of_record
TN:
SF:src\controllers\recipe.tsoa.ts
FN:8,(anonymous_4)
FN:12,(anonymous_5)
FN:29,(anonymous_6)
FN:44,(anonymous_7)
FN:62,(anonymous_8)
FN:72,(anonymous_9)
FN:87,(anonymous_10)
FN:102,(anonymous_11)
FNF:8
FNH:8
FNDA:13,(anonymous_4)
FNDA:2,(anonymous_5)
FNDA:3,(anonymous_6)
FNDA:2,(anonymous_7)
FNDA:1,(anonymous_8)
FNDA:2,(anonymous_9)
FNDA:2,(anonymous_10)
FNDA:1,(anonymous_11)
DA:1,4
DA:2,4
DA:3,4
DA:8,4
DA:9,13
DA:12,4
DA:13,2
DA:14,2
DA:15,2
DA:16,0
DA:17,0
DA:19,2
DA:20,2
DA:21,2
DA:23,0
DA:24,0
DA:29,4
DA:30,3
DA:31,3
DA:32,3
DA:33,2
DA:35,1
DA:37,2
DA:38,2
DA:39,2
DA:44,4
DA:52,2
DA:53,2
DA:54,2
DA:56,0
DA:57,0
DA:62,4
DA:63,1
DA:64,1
DA:66,0
DA:67,0
DA:72,4
DA:73,2
DA:74,2
DA:75,2
DA:76,2
DA:77,1
DA:79,1
DA:81,1
DA:82,1
DA:87,4
DA:88,2
DA:89,2
DA:90,2
DA:91,1
DA:93,1
DA:94,1
DA:96,1
DA:97,1
DA:102,4
DA:106,1
DA:108,1
DA:109,1
DA:111,1
DA:112,1
LF:60
LH:52
BRDA:15,0,0,0
BRDA:15,0,1,2
BRDA:23,1,0,0
BRDA:23,1,1,0
BRDA:32,2,0,2
BRDA:32,2,1,1
BRDA:37,3,0,2
BRDA:37,3,1,0
BRDA:37,3,2,0
BRDA:66,4,0,0
BRDA:66,4,1,0
BRDA:74,5,0,2
BRDA:74,5,1,0
BRDA:76,6,0,1
BRDA:76,6,1,1
BRDA:81,7,0,1
BRDA:81,7,1,0
BRDA:90,8,0,1
BRDA:90,8,1,1
BRDA:96,9,0,1
BRDA:96,9,1,0
BRDA:106,10,0,0
BRDA:106,10,1,1
BRDA:108,11,0,1
BRDA:108,11,1,1
BRF:25
BRH:14
end_of_record
TN:
SF:src\controllers\user.tsoa.ts
FN:8,(anonymous_4)
FN:12,(anonymous_5)
FN:33,(anonymous_6)
FN:50,(anonymous_7)
FN:69,(anonymous_8)
FN:89,(anonymous_9)
FN:109,(anonymous_10)
FN:138,(anonymous_11)
FNF:8
FNH:3
FNDA:2,(anonymous_4)
FNDA:0,(anonymous_5)
FNDA:1,(anonymous_6)
FNDA:1,(anonymous_7)
FNDA:0,(anonymous_8)
FNDA:0,(anonymous_9)
FNDA:0,(anonymous_10)
FNDA:0,(anonymous_11)
DA:1,4
DA:3,4
DA:4,4
DA:8,4
DA:9,2
DA:12,4
DA:15,0
DA:16,0
DA:17,0
DA:18,0
DA:20,0
DA:21,0
DA:22,0
DA:27,0
DA:28,0
DA:33,4
DA:34,1
DA:35,1
DA:37,0
DA:38,0
DA:39,0
DA:44,0
DA:45,0
DA:50,4
DA:53,1
DA:54,1
DA:56,1
DA:57,0
DA:58,0
DA:63,1
DA:64,1
DA:69,4
DA:73,0
DA:74,0
DA:76,0
DA:77,0
DA:78,0
DA:83,0
DA:84,0
DA:89,4
DA:93,0
DA:94,0
DA:96,0
DA:97,0
DA:98,0
DA:103,0
DA:104,0
DA:109,4
DA:113,0
DA:114,0
DA:115,0
DA:118,0
DA:119,0
DA:121,0
DA:123,0
DA:125,0
DA:126,0
DA:127,0
DA:132,0
DA:133,0
DA:138,4
DA:141,0
DA:142,0
DA:143,0
DA:144,0
DA:146,0
DA:147,0
DA:148,0
DA:153,0
DA:154,0
LF:70
LH:19
BRDA:20,0,0,0
BRDA:20,0,1,0
BRDA:37,1,0,0
BRDA:37,1,1,0
BRDA:56,2,0,0
BRDA:56,2,1,1
BRDA:76,3,0,0
BRDA:76,3,1,0
BRDA:96,4,0,0
BRDA:96,4,1,0
BRDA:114,5,0,0
BRDA:114,5,1,0
BRDA:118,6,0,0
BRDA:118,6,1,0
BRDA:125,7,0,0
BRDA:125,7,1,0
BRDA:146,8,0,0
BRDA:146,8,1,0
BRF:18
BRH:1
end_of_record
TN:
SF:src\modules\auth\auth.service.ts
FN:11,(anonymous_1)
FN:17,(anonymous_2)
FN:23,(anonymous_3)
FN:52,(anonymous_4)
FN:74,(anonymous_5)
FN:91,(anonymous_6)
FN:96,(anonymous_7)
FN:101,(anonymous_8)
FNF:8
FNH:5
FNDA:10,(anonymous_1)
FNDA:2,(anonymous_2)
FNDA:1,(anonymous_3)
FNDA:3,(anonymous_4)
FNDA:1,(anonymous_5)
FNDA:0,(anonymous_6)
FNDA:0,(anonymous_7)
FNDA:0,(anonymous_8)
DA:1,4
DA:2,4
DA:3,4
DA:4,4
DA:5,4
DA:7,4
DA:9,4
DA:11,4
DA:12,10
DA:13,10
DA:14,10
DA:18,2
DA:19,2
DA:20,2
DA:24,1
DA:25,1
DA:27,1
DA:28,0
DA:31,1
DA:33,1
DA:42,1
DA:43,1
DA:44,1
DA:47,1
DA:49,1
DA:53,3
DA:54,3
DA:55,0
DA:58,3
DA:59,3
DA:61,2
DA:62,2
DA:64,1
DA:65,1
DA:66,1
DA:68,1
DA:70,1
DA:71,1
DA:75,1
DA:77,1
DA:78,1
DA:81,0
DA:83,0
DA:84,0
DA:85,0
DA:87,0
DA:88,0
DA:92,0
DA:93,0
DA:97,0
DA:98,0
DA:102,0
DA:103,0
LF:53
LH:39
BRDA:19,0,0,0
BRDA:19,0,1,2
BRDA:27,1,0,0
BRDA:27,1,1,1
BRDA:27,2,0,1
BRDA:27,2,1,1
BRDA:27,2,2,1
BRDA:37,3,0,1
BRDA:37,3,1,0
BRDA:39,4,0,1
BRDA:39,4,1,0
BRDA:54,5,0,0
BRDA:54,5,1,3
BRDA:54,6,0,3
BRDA:54,6,1,3
BRDA:59,7,0,1
BRDA:59,7,1,2
BRDA:62,8,0,1
BRDA:62,8,1,1
BRDA:75,9,0,0
BRDA:75,9,1,1
BRDA:78,10,0,1
BRDA:78,10,1,0
BRDA:92,11,0,0
BRDA:92,11,1,0
BRDA:97,12,0,0
BRDA:97,12,1,0
BRDA:102,13,0,0
BRDA:102,13,1,0
BRF:29
BRH:16
end_of_record
TN:
SF:src\modules\auth\blacklistedToken.repo.ts
FN:4,(anonymous_1)
FN:12,(anonymous_2)
FNF:2
FNH:0
FNDA:0,(anonymous_1)
FNDA:0,(anonymous_2)
DA:1,4
DA:3,4
DA:5,0
DA:13,0
DA:14,0
LF:5
LH:2
BRF:0
BRH:0
end_of_record
TN:
SF:src\modules\auth\blacklistedTokens.model.ts
FNF:0
FNH:0
DA:2,4
DA:9,4
DA:29,4
DA:34,4
DA:39,4
LF:5
LH:5
BRF:0
BRH:0
end_of_record
TN:
SF:src\modules\auth\refreshToken.model.ts
FNF:0
FNH:0
DA:1,4
DA:11,4
DA:44,4
LF:3
LH:3
BRF:0
BRH:0
end_of_record
TN:
SF:src\modules\auth\refreshToken.repo.ts
FN:6,(anonymous_1)
FN:10,(anonymous_2)
FN:27,(anonymous_3)
FN:37,(anonymous_4)
FNF:4
FNH:3
FNDA:3,(anonymous_1)
FNDA:2,(anonymous_2)
FNDA:1,(anonymous_3)
FNDA:0,(anonymous_4)
DA:1,4
DA:2,4
DA:4,4
DA:7,3
DA:11,2
DA:12,2
DA:14,2
DA:15,2
DA:17,2
DA:24,2
DA:28,1
DA:30,1
DA:38,0
DA:40,0
LF:14
LH:12
BRDA:10,0,0,2
BRF:1
BRH:1
end_of_record
TN:
SF:src\modules\comments\comments.dal.ts
FN:5,(anonymous_1)
FN:10,(anonymous_2)
FN:14,(anonymous_3)
FN:18,(anonymous_4)
FN:22,(anonymous_5)
FNF:5
FNH:5
FNDA:1,(anonymous_1)
FNDA:2,(anonymous_2)
FNDA:1,(anonymous_3)
FNDA:1,(anonymous_4)
FNDA:1,(anonymous_5)
DA:1,4
DA:2,4
DA:4,4
DA:6,1
DA:7,1
DA:11,2
DA:15,1
DA:19,1
DA:23,1
LF:9
LH:9
BRF:0
BRH:0
end_of_record
TN:
SF:src\modules\comments\comments.mapper.ts
FN:4,toCommentDTO
FNF:1
FNH:1
FNDA:5,toCommentDTO
DA:4,4
DA:5,5
LF:2
LH:2
BRDA:7,0,0,5
BRDA:7,0,1,0
BRDA:9,1,0,5
BRDA:9,1,1,0
BRF:4
BRH:2
end_of_record
TN:
SF:src\modules\comments\comments.model.ts
FN:15,(anonymous_0)
FNF:1
FNH:0
FNDA:0,(anonymous_0)
DA:1,4
DA:11,4
DA:15,0
DA:19,4
DA:20,4
LF:5
LH:4
BRF:0
BRH:0
end_of_record
TN:
SF:src\modules\comments\comments.service.ts
FN:7,(anonymous_0)
FN:9,(anonymous_1)
FN:21,(anonymous_2)
FN:27,(anonymous_3)
FN:32,(anonymous_4)
FN:43,(anonymous_5)
FNF:6
FNH:6
FNDA:6,(anonymous_0)
FNDA:1,(anonymous_1)
FNDA:2,(anonymous_2)
FNDA:1,(anonymous_3)
FNDA:1,(anonymous_4)
FNDA:1,(anonymous_5)
DA:1,4
DA:2,4
DA:4,4
DA:6,4
DA:7,6
DA:10,1
DA:18,1
DA:22,2
DA:23,2
DA:24,1
DA:28,1
DA:29,1
DA:33,1
DA:38,1
DA:39,1
DA:40,1
DA:44,1
DA:45,1
DA:46,1
LF:19
LH:19
BRDA:7,0,0,6
BRDA:23,1,0,1
BRDA:23,1,1,1
BRDA:39,2,0,0
BRDA:39,2,1,1
BRDA:45,3,0,0
BRDA:45,3,1,1
BRF:7
BRH:5
end_of_record
TN:
SF:src\modules\recipes\recipe.mapper.ts
FN:3,toRecipeDTO
FNF:1
FNH:1
FNDA:6,toRecipeDTO
DA:3,4
DA:5,6
DA:10,6
LF:3
LH:3
BRDA:5,0,0,6
BRDA:5,0,1,6
BRDA:5,0,2,6
BRDA:5,0,3,6
BRDA:6,1,0,0
BRDA:6,1,1,6
BRDA:6,2,0,0
BRDA:6,2,1,0
BRDA:11,3,0,6
BRDA:11,3,1,0
BRDA:11,3,2,0
BRDA:12,4,0,6
BRDA:12,4,1,0
BRDA:13,5,0,6
BRDA:13,5,1,5
BRDA:13,5,2,5
BRDA:16,6,0,6
BRDA:16,6,1,4
BRDA:17,7,0,6
BRDA:17,7,1,0
BRDA:18,8,0,6
BRDA:18,8,1,4
BRDA:19,9,0,6
BRDA:19,9,1,4
BRDA:20,10,0,6
BRDA:20,10,1,4
BRDA:22,11,0,6
BRDA:22,11,1,0
BRDA:23,12,0,6
BRDA:23,12,1,0
BRDA:24,13,0,6
BRDA:24,13,1,6
BRDA:25,14,0,6
BRDA:25,14,1,6
BRDA:27,15,0,6
BRDA:27,15,1,0
BRDA:28,16,0,6
BRDA:28,16,1,0
BRDA:28,17,0,0
BRDA:28,17,1,0
BRF:40
BRH:27
end_of_record
TN:
SF:src\modules\recipes\recipe.service.ts
FN:11,(anonymous_0)
FN:14,(anonymous_1)
FN:41,(anonymous_2)
FN:46,(anonymous_3)
FN:51,(anonymous_4)
FN:56,(anonymous_5)
FN:77,(anonymous_6)
FNF:7
FNH:7
FNDA:13,(anonymous_0)
FNDA:2,(anonymous_1)
FNDA:3,(anonymous_2)
FNDA:1,(anonymous_3)
FNDA:2,(anonymous_4)
FNDA:3,(anonymous_5)
FNDA:2,(anonymous_6)
DA:1,4
DA:8,4
DA:9,4
DA:11,4
DA:12,13
DA:15,2
DA:17,2
DA:38,2
DA:42,3
DA:43,3
DA:47,1
DA:48,1
DA:52,2
DA:53,2
DA:61,3
DA:63,3
DA:64,1
DA:66,3
DA:67,0
DA:69,3
DA:70,0
DA:73,3
DA:74,3
DA:78,2
DA:79,2
LF:25
LH:23
BRDA:18,0,0,2
BRDA:18,0,1,0
BRDA:20,1,0,0
BRDA:20,1,1,2
BRDA:24,2,0,2
BRDA:24,2,1,1
BRDA:25,3,0,2
BRDA:25,3,1,1
BRDA:26,4,0,2
BRDA:26,4,1,1
BRDA:27,5,0,2
BRDA:27,5,1,1
BRDA:28,6,0,2
BRDA:28,6,1,1
BRDA:29,7,0,2
BRDA:29,7,1,0
BRDA:32,8,0,2
BRDA:32,8,1,2
BRDA:33,9,0,2
BRDA:33,9,1,2
BRDA:34,10,0,2
BRDA:34,10,1,0
BRDA:35,11,0,0
BRDA:35,11,1,2
BRDA:36,12,0,2
BRDA:36,12,1,0
BRDA:43,13,0,1
BRDA:43,13,1,2
BRDA:63,14,0,1
BRDA:63,14,1,2
BRDA:66,15,0,0
BRDA:66,15,1,3
BRDA:69,16,0,0
BRDA:69,16,1,3
BRDA:74,17,0,1
BRDA:74,17,1,2
BRDA:79,18,0,1
BRDA:79,18,1,1
BRF:38
BRH:30
end_of_record
TN:
SF:src\modules\recipes\recpies.model.ts
FN:87,(anonymous_0)
FN:88,(anonymous_1)
FN:89,(anonymous_2)
FNF:3
FNH:3
FNDA:2,(anonymous_0)
FNDA:2,(anonymous_1)
FNDA:2,(anonymous_2)
DA:1,4
DA:48,4
DA:55,4
DA:61,4
DA:69,4
DA:87,2
DA:88,2
DA:89,2
DA:92,4
DA:93,4
LF:10
LH:10
BRF:0
BRH:0
end_of_record
TN:
SF:src\modules\recipes\resipes.repo.ts
FN:6,(anonymous_0)
FN:12,(anonymous_1)
FN:18,(anonymous_2)
FN:51,(anonymous_3)
FN:61,(anonymous_4)
FNF:5
FNH:5
FNDA:2,(anonymous_0)
FNDA:3,(anonymous_1)
FNDA:3,(anonymous_2)
FNDA:3,(anonymous_3)
FNDA:2,(anonymous_4)
DA:2,4
DA:5,4
DA:7,2
DA:8,2
DA:9,2
DA:13,3
DA:19,3
DA:21,3
DA:22,3
DA:23,3
DA:26,3
DA:27,0
DA:30,3
DA:33,3
DA:34,0
DA:36,3
DA:38,3
DA:39,3
DA:40,3
DA:41,3
DA:43,3
DA:52,3
DA:62,2
LF:23
LH:21
BRDA:21,0,0,0
BRDA:21,0,1,3
BRDA:22,1,0,1
BRDA:22,1,1,2
BRDA:23,2,0,1
BRDA:23,2,1,2
BRDA:26,3,0,0
BRDA:26,3,1,3
BRDA:26,4,0,3
BRDA:26,4,1,0
BRDA:30,5,0,1
BRDA:30,5,1,2
BRDA:33,6,0,0
BRDA:33,6,1,3
BRDA:38,7,0,3
BRDA:38,7,1,3
BRDA:39,8,0,3
BRDA:39,8,1,3
BRDA:40,9,0,3
BRDA:40,9,1,3
BRDA:41,10,0,0
BRDA:41,10,1,3
BRF:22
BRH:17
end_of_record
TN:
SF:src\modules\users\user.model.ts
FN:55,(anonymous_0)
FN:67,(anonymous_1)
FNF:2
FNH:1
FNDA:1,(anonymous_0)
FNDA:0,(anonymous_1)
DA:1,4
DA:18,4
DA:55,1
DA:66,4
DA:68,0
DA:69,0
DA:73,4
LF:7
LH:5
BRF:0
BRH:0
end_of_record
TN:
SF:src\modules\users\user.service.ts
FN:6,(anonymous_1)
FN:9,(anonymous_2)
FN:15,(anonymous_3)
FN:25,(anonymous_4)
FN:27,(anonymous_5)
FN:30,(anonymous_6)
FN:38,(anonymous_7)
FN:57,(anonymous_8)
FN:64,(anonymous_9)
FN:69,(anonymous_10)
FNF:10
FNH:7
FNDA:12,(anonymous_1)
FNDA:3,(anonymous_2)
FNDA:1,(anonymous_3)
FNDA:1,(anonymous_4)
FNDA:1,(anonymous_5)
FNDA:2,(anonymous_6)
FNDA:0,(anonymous_7)
FNDA:0,(anonymous_8)
FNDA:0,(anonymous_9)
FNDA:3,(anonymous_10)
DA:2,4
DA:3,4
DA:4,4
DA:6,4
DA:7,12
DA:10,3
DA:11,3
DA:12,3
DA:16,1
DA:17,1
DA:18,0
DA:21,1
DA:22,1
DA:26,1
DA:27,1
DA:31,2
DA:32,1
DA:33,0
DA:35,1
DA:42,0
DA:46,0
DA:47,0
DA:50,0
DA:51,0
DA:54,0
DA:58,0
DA:59,0
DA:60,0
DA:65,0
DA:66,0
DA:70,3
LF:31
LH:18
BRDA:10,0,0,3
BRDA:10,0,1,0
BRDA:17,1,0,0
BRDA:17,1,1,1
BRDA:32,2,0,0
BRDA:32,2,1,1
BRDA:46,3,0,0
BRDA:46,3,1,0
BRDA:50,4,0,0
BRDA:50,4,1,0
BRDA:59,5,0,0
BRDA:59,5,1,0
BRDA:66,6,0,0
BRDA:66,6,1,0
BRF:14
BRH:3
end_of_record
TN:
SF:src\modules\users\users.repo.ts
FN:5,(anonymous_0)
FN:7,(anonymous_1)
FN:15,(anonymous_2)
FN:19,(anonymous_3)
FN:23,(anonymous_4)
FN:27,(anonymous_5)
FN:31,(anonymous_6)
FN:42,(anonymous_7)
FNF:8
FNH:6
FNDA:12,(anonymous_0)
FNDA:1,(anonymous_1)
FNDA:1,(anonymous_2)
FNDA:2,(anonymous_3)
FNDA:1,(anonymous_4)
FNDA:3,(anonymous_5)
FNDA:0,(anonymous_6)
FNDA:0,(anonymous_7)
DA:1,4
DA:4,4
DA:8,1
DA:12,1
DA:16,1
DA:20,2
DA:24,1
DA:28,3
DA:35,0
DA:43,0
LF:10
LH:8
BRF:0
BRH:0
end_of_record
TN:
SF:src\routes-tsoa\routes.ts
FN:208,RegisterRoutes
FN:225,UsersController_createUser
FN:254,UsersController_getUsers
FN:284,UsersController_getUserById
FN:315,UsersController_updateUser
FN:346,UsersController_updateProfile
FN:383,UsersController_uploadAvatar
FN:413,UsersController_deleteUser
FN:443,RecipeController_createRecipe
FN:473,RecipeController_getRecipeById
FN:508,RecipeController_getRecipes
FN:538,RecipeController_getRecipesByUser
FN:569,RecipeController_updateRecipe
FN:599,RecipeController_deleteRecipe
FN:636,RecipeController_uploadImage
FN:666,CommentsController_createComment
FN:696,CommentsController_getCommentById
FN:726,CommentsController_getCommentsByRecipe
FN:757,CommentsController_updateComment
FN:787,CommentsController_deleteComment
FN:817,AuthController_register
FN:847,AuthController_login
FN:878,AuthController_me
FN:909,AuthController_logout
FN:939,AuthController_refresh
FN:968,authenticateMiddleware
FN:969,runAuthenticationMiddleware
FN:977,(anonymous_28)
FN:997,(anonymous_29)
FNF:29
FNH:22
FNDA:4,RegisterRoutes
FNDA:1,UsersController_createUser
FNDA:1,UsersController_getUsers
FNDA:1,UsersController_getUserById
FNDA:0,UsersController_updateUser
FNDA:0,UsersController_updateProfile
FNDA:0,UsersController_uploadAvatar
FNDA:0,UsersController_deleteUser
FNDA:2,RecipeController_createRecipe
FNDA:3,RecipeController_getRecipeById
FNDA:2,RecipeController_getRecipes
FNDA:1,RecipeController_getRecipesByUser
FNDA:2,RecipeController_updateRecipe
FNDA:2,RecipeController_deleteRecipe
FNDA:2,RecipeController_uploadImage
FNDA:1,CommentsController_createComment
FNDA:2,CommentsController_getCommentById
FNDA:1,CommentsController_getCommentsByRecipe
FNDA:1,CommentsController_updateComment
FNDA:1,CommentsController_deleteComment
FNDA:2,AuthController_register
FNDA:4,AuthController_login
FNDA:0,AuthController_me
FNDA:0,AuthController_logout
FNDA:2,AuthController_refresh
FNDA:8,authenticateMiddleware
FNDA:2,runAuthenticationMiddleware
FNDA:2,(anonymous_28)
FNDA:0,(anonymous_29)
DA:5,4
DA:7,4
DA:9,4
DA:11,4
DA:13,4
DA:14,4
DA:17,4
DA:20,4
DA:25,4
DA:201,4
DA:208,4
DA:215,4
DA:218,4
DA:221,4
DA:229,1
DA:230,1
DA:231,1
DA:233,0
DA:235,0
DA:244,1
DA:248,4
DA:250,4
DA:258,1
DA:259,1
DA:260,1
DA:262,1
DA:264,1
DA:273,0
DA:277,4
DA:280,4
DA:288,1
DA:289,1
DA:290,1
DA:292,1
DA:294,1
DA:303,0
DA:307,4
DA:311,4
DA:319,0
DA:320,0
DA:321,0
DA:323,0
DA:325,0
DA:334,0
DA:338,4
DA:342,4
DA:350,0
DA:351,0
DA:352,0
DA:354,0
DA:356,0
DA:365,0
DA:369,4
DA:373,4
DA:387,0
DA:388,0
DA:389,0
DA:391,0
DA:393,0
DA:402,0
DA:406,4
DA:409,4
DA:417,0
DA:418,0
DA:419,0
DA:421,0
DA:423,0
DA:432,0
DA:436,4
DA:439,4
DA:447,2
DA:448,2
DA:449,2
DA:451,2
DA:453,2
DA:462,0
DA:466,4
DA:469,4
DA:477,3
DA:478,3
DA:479,3
DA:481,3
DA:483,3
DA:492,0
DA:496,4
DA:504,4
DA:512,2
DA:513,2
DA:514,2
DA:516,2
DA:518,2
DA:527,0
DA:531,4
DA:534,4
DA:542,1
DA:543,1
DA:544,1
DA:546,1
DA:548,1
DA:557,0
DA:561,4
DA:565,4
DA:573,2
DA:574,2
DA:575,2
DA:577,2
DA:579,2
DA:588,0
DA:592,4
DA:595,4
DA:603,2
DA:604,2
DA:605,2
DA:607,2
DA:609,2
DA:618,0
DA:622,4
DA:626,4
DA:640,2
DA:641,2
DA:642,2
DA:644,1
DA:646,1
DA:655,1
DA:659,4
DA:662,4
DA:670,1
DA:671,1
DA:672,1
DA:674,1
DA:676,1
DA:685,0
DA:689,4
DA:692,4
DA:700,2
DA:701,2
DA:702,2
DA:704,2
DA:706,2
DA:715,0
DA:719,4
DA:722,4
DA:730,1
DA:731,1
DA:732,1
DA:734,1
DA:736,1
DA:745,0
DA:749,4
DA:753,4
DA:761,1
DA:762,1
DA:763,1
DA:765,1
DA:767,1
DA:776,0
DA:780,4
DA:783,4
DA:791,1
DA:792,1
DA:793,1
DA:795,1
DA:797,1
DA:806,0
DA:810,4
DA:813,4
DA:821,2
DA:822,2
DA:823,2
DA:825,1
DA:827,1
DA:836,1
DA:840,4
DA:843,4
DA:851,4
DA:852,4
DA:853,4
DA:855,3
DA:857,3
DA:866,1
DA:870,4
DA:873,4
DA:882,0
DA:883,0
DA:884,0
DA:886,0
DA:888,0
DA:897,0
DA:901,4
DA:904,4
DA:913,0
DA:914,0
DA:915,0
DA:917,0
DA:919,0
DA:928,0
DA:932,4
DA:935,4
DA:943,2
DA:944,2
DA:945,2
DA:947,1
DA:949,1
DA:958,1
DA:969,8
DA:976,2
DA:977,2
DA:978,2
DA:979,2
DA:982,2
DA:983,2
DA:984,2
DA:985,0
DA:987,0
DA:988,0
DA:996,0
DA:997,0
DA:999,2
DA:1000,2
DA:1010,2
DA:1011,2
DA:1014,0
DA:1015,0
DA:1018,0
DA:1022,2
DA:1023,2
DA:1026,2
DA:1027,0
DA:1029,2
LF:229
LH:169
BRDA:215,0,0,4
BRDA:215,0,1,4
BRDA:968,1,0,0
BRDA:984,2,0,0
BRDA:984,2,1,2
BRDA:1014,3,0,0
BRDA:1014,3,1,0
BRDA:1023,4,0,2
BRDA:1023,4,1,2
BRDA:1026,5,0,0
BRDA:1026,5,1,2
BRF:11
BRH:6
end_of_record
