TN:
SF:src\app.ts
FN:22,(anonymous_1)
FNF:1
FNH:0
FNDA:0,(anonymous_1)
DA:1,4
DA:2,4
DA:3,4
DA:4,4
DA:5,4
DA:6,4
DA:7,4
DA:8,4
DA:10,4
DA:12,4
DA:17,4
DA:18,4
DA:20,4
DA:22,4
DA:23,0
DA:26,4
DA:28,4
DA:29,4
DA:31,4
DA:33,4
DA:35,4
LF:21
LH:20
BRF:0
BRH:0
end_of_record
TN:
SF:src\common\index.ts
FNF:0
FNH:0
DA:1,4
DA:2,4
LF:2
LH:2
BRF:0
BRH:0
end_of_record
TN:
SF:src\common\multer.ts
FN:9,(anonymous_1)
FN:16,(anonymous_2)
FN:25,(anonymous_3)
FNF:3
FNH:1
FNDA:12,(anonymous_1)
FNDA:0,(anonymous_2)
FNDA:0,(anonymous_3)
DA:1,4
DA:2,4
DA:3,4
DA:5,4
DA:6,4
DA:7,4
DA:9,4
DA:10,12
DA:11,0
DA:15,4
DA:17,0
DA:18,0
DA:19,0
DA:20,0
DA:22,0
DA:26,0
DA:27,0
DA:31,4
LF:18
LH:10
BRDA:10,0,0,0
BRDA:10,0,1,12
BRDA:17,1,0,0
BRDA:17,1,1,0
BRDA:19,2,0,0
BRDA:19,2,1,0
BRF:6
BRH:1
end_of_record
TN:
SF:src\common\errors\app-error.ts
FN:5,(anonymous_0)
FNF:1
FNH:1
FNDA:13,(anonymous_0)
DA:1,4
DA:6,13
DA:7,13
DA:8,13
DA:9,13
LF:5
LH:5
BRF:0
BRH:0
end_of_record
TN:
SF:src\common\middlewares\error.middleware.ts
FN:5,(anonymous_0)
FNF:1
FNH:1
FNDA:19,(anonymous_0)
DA:2,4
DA:3,4
DA:5,4
DA:12,19
DA:13,0
DA:17,19
DA:18,0
DA:25,19
DA:26,10
DA:33,9
DA:34,9
LF:11
LH:9
BRDA:12,0,0,0
BRDA:12,0,1,19
BRDA:17,1,0,0
BRDA:17,1,1,19
BRDA:25,2,0,10
BRDA:25,2,1,9
BRDA:34,3,0,9
BRDA:34,3,1,9
BRDA:34,3,2,3
BRDA:35,4,0,9
BRDA:35,4,1,5
BRF:11
BRH:9
end_of_record
TN:
SF:src\common\middlewares\expressAuthentication.ts
FN:7,expressAuthentication
FNF:1
FNH:1
FNDA:2,expressAuthentication
DA:2,4
DA:3,4
DA:5,4
DA:7,4
DA:12,2
DA:13,0
DA:16,2
DA:17,2
DA:18,1
DA:21,1
DA:22,1
DA:24,1
DA:25,0
DA:28,1
DA:29,1
DA:30,1
DA:31,0
DA:34,1
DA:36,1
DA:41,0
LF:20
LH:16
BRDA:12,0,0,0
BRDA:12,0,1,2
BRDA:17,1,0,1
BRDA:17,1,1,1
BRDA:22,2,0,1
BRDA:22,2,1,0
BRDA:24,3,0,0
BRDA:24,3,1,1
BRDA:30,4,0,0
BRDA:30,4,1,1
BRDA:37,5,0,1
BRDA:37,5,1,0
BRF:12
BRH:7
end_of_record
TN:
SF:src\controllers\auth.tsoa.ts
FN:10,(anonymous_4)
FN:14,(anonymous_5)
FN:27,(anonymous_6)
FN:41,(anonymous_7)
FN:56,(anonymous_8)
FN:76,(anonymous_9)
FNF:6
FNH:6
FNDA:7,(anonymous_4)
FNDA:3,(anonymous_5)
FNDA:5,(anonymous_6)
FNDA:1,(anonymous_7)
FNDA:3,(anonymous_8)
FNDA:3,(anonymous_9)
DA:1,4
DA:3,4
DA:4,4
DA:10,4
DA:11,7
DA:14,4
DA:15,3
DA:16,3
DA:17,2
DA:18,2
DA:20,1
DA:21,1
DA:22,1
DA:27,4
DA:28,5
DA:29,5
DA:30,1
DA:31,1
DA:33,4
DA:34,4
DA:35,4
DA:41,4
DA:42,1
DA:43,1
DA:44,1
DA:45,1
DA:46,1
DA:48,0
DA:49,0
DA:50,0
DA:56,4
DA:57,3
DA:58,3
DA:59,3
DA:60,1
DA:63,2
DA:64,2
DA:66,2
DA:67,2
DA:69,1
DA:70,1
DA:71,1
DA:76,4
DA:77,3
DA:78,3
DA:79,1
DA:82,2
DA:84,1
DA:85,1
DA:87,2
DA:88,2
DA:89,2
LF:52
LH:49
BRDA:20,0,0,1
BRDA:20,0,1,0
BRDA:20,0,2,0
BRDA:33,1,0,4
BRDA:33,1,1,2
BRDA:33,1,2,1
BRDA:48,2,0,0
BRDA:48,2,1,0
BRDA:48,2,2,0
BRDA:59,3,0,1
BRDA:59,3,1,2
BRDA:69,4,0,1
BRDA:69,4,1,0
BRDA:69,4,2,0
BRDA:78,5,0,1
BRDA:78,5,1,2
BRDA:87,6,0,2
BRDA:87,6,1,0
BRDA:87,6,2,0
BRF:19
BRH:10
end_of_record
TN:
SF:src\controllers\comments.tsoa.ts
FN:20,(anonymous_4)
FN:26,(anonymous_5)
FN:37,(anonymous_6)
FN:44,(anonymous_7)
FN:50,(anonymous_8)
FN:60,(anonymous_9)
FNF:6
FNH:6
FNDA:6,(anonymous_4)
FNDA:1,(anonymous_5)
FNDA:2,(anonymous_6)
FNDA:1,(anonymous_7)
FNDA:1,(anonymous_8)
FNDA:1,(anonymous_9)
DA:1,4
DA:13,4
DA:14,4
DA:19,4
DA:20,6
DA:21,6
DA:26,4
DA:27,1
DA:28,0
DA:31,1
DA:32,1
DA:33,1
DA:37,4
DA:38,2
DA:39,2
DA:40,1
DA:44,4
DA:45,1
DA:46,1
DA:50,4
DA:54,1
DA:55,1
DA:56,1
DA:60,4
DA:61,1
DA:62,1
DA:63,1
DA:64,1
LF:28
LH:27
BRDA:20,0,0,6
BRDA:27,1,0,0
BRDA:27,1,1,1
BRDA:27,2,0,1
BRDA:27,2,1,1
BRDA:27,2,2,1
BRDA:39,3,0,1
BRDA:39,3,1,1
BRDA:45,4,0,0
BRDA:45,4,1,1
BRDA:55,5,0,0
BRDA:55,5,1,1
BRDA:62,6,0,0
BRDA:62,6,1,1
BRF:14
BRH:10
end_of_record
TN:
SF:src\controllers\like.tsoa.ts
FN:17,(anonymous_4)
FN:21,(anonymous_5)
FN:42,(anonymous_6)
FN:65,(anonymous_7)
FN:83,(anonymous_8)
FN:96,(anonymous_9)
FN:108,(anonymous_10)
FNF:7
FNH:0
FNDA:0,(anonymous_4)
FNDA:0,(anonymous_5)
FNDA:0,(anonymous_6)
FNDA:0,(anonymous_7)
FNDA:0,(anonymous_8)
FNDA:0,(anonymous_9)
FNDA:0,(anonymous_10)
DA:1,4
DA:12,4
DA:13,4
DA:17,4
DA:18,0
DA:21,4
DA:24,0
DA:25,0
DA:27,0
DA:28,0
DA:31,0
DA:32,0
DA:33,0
DA:35,0
DA:36,0
DA:37,0
DA:42,4
DA:46,0
DA:47,0
DA:48,0
DA:51,0
DA:52,0
DA:53,0
DA:56,0
DA:57,0
DA:59,0
DA:60,0
DA:65,4
DA:69,0
DA:70,0
DA:71,0
DA:74,0
DA:75,0
DA:77,0
DA:78,0
DA:83,4
DA:86,0
DA:87,0
DA:88,0
DA:90,0
DA:91,0
DA:96,4
DA:99,0
DA:100,0
DA:102,0
DA:103,0
DA:108,4
DA:111,0
DA:112,0
DA:114,0
DA:115,0
LF:51
LH:10
BRDA:27,0,0,0
BRDA:27,0,1,0
BRDA:27,1,0,0
BRDA:27,1,1,0
BRDA:35,2,0,0
BRDA:35,2,1,0
BRDA:35,2,2,0
BRDA:47,3,0,0
BRDA:47,3,1,0
BRDA:47,4,0,0
BRDA:47,4,1,0
BRDA:52,5,0,0
BRDA:52,5,1,0
BRDA:59,6,0,0
BRDA:59,6,1,0
BRDA:70,7,0,0
BRDA:70,7,1,0
BRDA:70,8,0,0
BRDA:70,8,1,0
BRDA:77,9,0,0
BRDA:77,9,1,0
BRDA:90,10,0,0
BRDA:90,10,1,0
BRDA:102,11,0,0
BRDA:102,11,1,0
BRDA:114,12,0,0
BRDA:114,12,1,0
BRF:27
BRH:0
end_of_record
TN:
SF:src\controllers\recipe.tsoa.ts
FN:11,(anonymous_5)
FN:16,(anonymous_6)
FN:30,(anonymous_7)
FN:47,(anonymous_8)
FN:61,(anonymous_9)
FN:79,(anonymous_10)
FN:89,(anonymous_11)
FN:104,(anonymous_12)
FN:119,(anonymous_13)
FNF:9
FNH:7
FNDA:12,(anonymous_5)
FNDA:0,(anonymous_6)
FNDA:2,(anonymous_7)
FNDA:3,(anonymous_8)
FNDA:2,(anonymous_9)
FNDA:1,(anonymous_10)
FNDA:2,(anonymous_11)
FNDA:2,(anonymous_12)
FNDA:0,(anonymous_13)
DA:1,4
DA:2,4
DA:3,4
DA:5,4
DA:6,4
DA:7,4
DA:11,4
DA:12,12
DA:13,12
DA:16,4
DA:17,0
DA:18,0
DA:19,0
DA:20,0
DA:22,0
DA:24,0
DA:25,0
DA:30,4
DA:31,2
DA:32,2
DA:33,2
DA:34,0
DA:35,0
DA:37,2
DA:38,2
DA:39,2
DA:41,0
DA:42,0
DA:47,4
DA:48,3
DA:49,3
DA:50,3
DA:51,2
DA:53,1
DA:55,2
DA:56,2
DA:61,4
DA:69,2
DA:70,2
DA:71,2
DA:73,0
DA:74,0
DA:79,4
DA:80,1
DA:81,1
DA:83,0
DA:84,0
DA:89,4
DA:90,2
DA:91,2
DA:92,2
DA:93,2
DA:94,1
DA:96,1
DA:98,1
DA:99,1
DA:104,4
DA:105,2
DA:106,2
DA:107,2
DA:108,1
DA:110,1
DA:111,1
DA:113,1
DA:114,1
DA:119,4
DA:123,0
DA:124,0
DA:126,0
DA:127,0
DA:128,0
DA:131,0
DA:132,0
DA:134,0
DA:136,0
DA:137,0
DA:139,0
DA:141,0
DA:142,0
LF:79
LH:51
BRDA:19,0,0,0
BRDA:19,0,1,0
BRDA:24,1,0,0
BRDA:24,1,1,0
BRDA:33,2,0,0
BRDA:33,2,1,2
BRDA:41,3,0,0
BRDA:41,3,1,0
BRDA:50,4,0,2
BRDA:50,4,1,1
BRDA:55,5,0,2
BRDA:55,5,1,0
BRDA:83,6,0,0
BRDA:83,6,1,0
BRDA:91,7,0,2
BRDA:91,7,1,0
BRDA:93,8,0,1
BRDA:93,8,1,1
BRDA:98,9,0,1
BRDA:98,9,1,0
BRDA:107,10,0,1
BRDA:107,10,1,1
BRDA:113,11,0,1
BRDA:113,11,1,0
BRDA:124,12,0,0
BRDA:124,12,1,0
BRDA:127,13,0,0
BRDA:127,13,1,0
BRDA:141,14,0,0
BRDA:141,14,1,0
BRF:30
BRH:11
end_of_record
TN:
SF:src\controllers\user.tsoa.ts
FN:10,(anonymous_5)
FN:14,(anonymous_6)
FN:32,(anonymous_7)
FN:42,(anonymous_8)
FN:54,(anonymous_9)
FN:67,(anonymous_10)
FN:80,(anonymous_11)
FN:114,(anonymous_12)
FNF:8
FNH:7
FNDA:12,(anonymous_5)
FNDA:1,(anonymous_6)
FNDA:1,(anonymous_7)
FNDA:4,(anonymous_8)
FNDA:2,(anonymous_9)
FNDA:2,(anonymous_10)
FNDA:0,(anonymous_11)
FNDA:2,(anonymous_12)
DA:1,4
DA:3,4
DA:4,4
DA:5,4
DA:6,4
DA:10,4
DA:11,12
DA:14,4
DA:17,1
DA:18,1
DA:19,1
DA:20,1
DA:22,0
DA:23,0
DA:24,0
DA:26,0
DA:27,0
DA:32,4
DA:33,1
DA:34,1
DA:36,0
DA:37,0
DA:42,4
DA:45,4
DA:46,4
DA:48,3
DA:49,3
DA:54,4
DA:58,2
DA:59,2
DA:61,1
DA:62,1
DA:67,4
DA:71,2
DA:72,2
DA:74,0
DA:75,0
DA:80,4
DA:84,0
DA:85,0
DA:86,0
DA:89,0
DA:90,0
DA:91,0
DA:94,0
DA:95,0
DA:97,0
DA:99,0
DA:100,0
DA:102,0
DA:104,0
DA:105,0
DA:106,0
DA:108,0
DA:109,0
DA:114,4
DA:117,2
DA:118,2
DA:119,1
DA:120,1
DA:122,1
DA:123,1
LF:62
LH:36
BRDA:22,0,0,0
BRDA:22,0,1,0
BRDA:85,1,0,0
BRDA:85,1,1,0
BRDA:90,2,0,0
BRDA:90,2,1,0
BRDA:104,3,0,0
BRDA:104,3,1,0
BRF:8
BRH:0
end_of_record
TN:
SF:src\modules\auth\auth.service.ts
FN:11,(anonymous_1)
FN:17,(anonymous_2)
FN:23,(anonymous_3)
FN:52,(anonymous_4)
FN:74,(anonymous_5)
FN:91,(anonymous_6)
FN:96,(anonymous_7)
FN:101,(anonymous_8)
FNF:8
FNH:7
FNDA:11,(anonymous_1)
FNDA:2,(anonymous_2)
FNDA:1,(anonymous_3)
FNDA:3,(anonymous_4)
FNDA:1,(anonymous_5)
FNDA:1,(anonymous_6)
FNDA:0,(anonymous_7)
FNDA:1,(anonymous_8)
DA:1,4
DA:2,4
DA:3,4
DA:4,4
DA:5,4
DA:7,4
DA:9,4
DA:11,4
DA:12,11
DA:13,11
DA:14,11
DA:18,2
DA:19,2
DA:20,2
DA:24,1
DA:25,1
DA:27,1
DA:28,0
DA:31,1
DA:33,1
DA:42,1
DA:43,1
DA:44,1
DA:47,1
DA:49,1
DA:53,3
DA:54,3
DA:55,0
DA:58,3
DA:59,3
DA:61,2
DA:62,2
DA:64,1
DA:65,1
DA:66,1
DA:68,1
DA:70,1
DA:71,1
DA:75,1
DA:77,1
DA:78,1
DA:81,0
DA:83,0
DA:84,0
DA:85,0
DA:87,0
DA:88,0
DA:92,1
DA:93,1
DA:97,0
DA:98,0
DA:102,1
DA:103,1
LF:53
LH:43
BRDA:19,0,0,0
BRDA:19,0,1,2
BRDA:27,1,0,0
BRDA:27,1,1,1
BRDA:27,2,0,1
BRDA:27,2,1,1
BRDA:27,2,2,1
BRDA:37,3,0,1
BRDA:37,3,1,0
BRDA:39,4,0,1
BRDA:39,4,1,0
BRDA:54,5,0,0
BRDA:54,5,1,3
BRDA:54,6,0,3
BRDA:54,6,1,3
BRDA:59,7,0,1
BRDA:59,7,1,2
BRDA:62,8,0,1
BRDA:62,8,1,1
BRDA:75,9,0,0
BRDA:75,9,1,1
BRDA:78,10,0,1
BRDA:78,10,1,0
BRDA:92,11,0,0
BRDA:92,11,1,1
BRDA:97,12,0,0
BRDA:97,12,1,0
BRDA:102,13,0,0
BRDA:102,13,1,1
BRF:29
BRH:18
end_of_record
TN:
SF:src\modules\auth\blacklistedToken.repo.ts
FN:4,(anonymous_1)
FN:12,(anonymous_2)
FNF:2
FNH:1
FNDA:0,(anonymous_1)
FNDA:1,(anonymous_2)
DA:1,4
DA:3,4
DA:5,0
DA:13,1
DA:14,1
LF:5
LH:4
BRF:0
BRH:0
end_of_record
TN:
SF:src\modules\auth\blacklistedTokens.model.ts
FNF:0
FNH:0
DA:2,4
DA:9,4
DA:29,4
DA:34,4
DA:39,4
LF:5
LH:5
BRF:0
BRH:0
end_of_record
TN:
SF:src\modules\auth\refreshToken.model.ts
FNF:0
FNH:0
DA:1,4
DA:11,4
DA:44,4
LF:3
LH:3
BRF:0
BRH:0
end_of_record
TN:
SF:src\modules\auth\refreshToken.repo.ts
FN:6,(anonymous_1)
FN:10,(anonymous_2)
FN:27,(anonymous_3)
FN:37,(anonymous_4)
FNF:4
FNH:4
FNDA:4,(anonymous_1)
FNDA:2,(anonymous_2)
FNDA:1,(anonymous_3)
FNDA:1,(anonymous_4)
DA:1,4
DA:2,4
DA:4,4
DA:7,4
DA:11,2
DA:12,2
DA:14,2
DA:15,2
DA:17,2
DA:24,2
DA:28,1
DA:30,1
DA:38,1
DA:40,1
LF:14
LH:14
BRDA:10,0,0,2
BRF:1
BRH:1
end_of_record
TN:
SF:src\modules\comments\comments.dal.ts
FN:5,(anonymous_1)
FN:10,(anonymous_2)
FN:14,(anonymous_3)
FN:18,(anonymous_4)
FN:22,(anonymous_5)
FN:26,(anonymous_6)
FNF:6
FNH:6
FNDA:1,(anonymous_1)
FNDA:2,(anonymous_2)
FNDA:1,(anonymous_3)
FNDA:1,(anonymous_4)
FNDA:1,(anonymous_5)
FNDA:6,(anonymous_6)
DA:1,4
DA:2,4
DA:4,4
DA:6,1
DA:7,1
DA:11,2
DA:15,1
DA:19,1
DA:23,1
DA:27,6
LF:10
LH:10
BRF:0
BRH:0
end_of_record
TN:
SF:src\modules\comments\comments.mapper.ts
FN:4,toCommentDTO
FNF:1
FNH:1
FNDA:5,toCommentDTO
DA:4,4
DA:5,5
LF:2
LH:2
BRDA:7,0,0,5
BRDA:7,0,1,0
BRDA:9,1,0,5
BRDA:9,1,1,0
BRF:4
BRH:2
end_of_record
TN:
SF:src\modules\comments\comments.model.ts
FN:15,(anonymous_0)
FNF:1
FNH:0
FNDA:0,(anonymous_0)
DA:1,4
DA:11,4
DA:15,0
DA:19,4
DA:20,4
LF:5
LH:4
BRF:0
BRH:0
end_of_record
TN:
SF:src\modules\comments\comments.service.ts
FN:7,(anonymous_0)
FN:9,(anonymous_1)
FN:21,(anonymous_2)
FN:27,(anonymous_3)
FN:32,(anonymous_4)
FN:43,(anonymous_5)
FNF:6
FNH:6
FNDA:6,(anonymous_0)
FNDA:1,(anonymous_1)
FNDA:2,(anonymous_2)
FNDA:1,(anonymous_3)
FNDA:1,(anonymous_4)
FNDA:1,(anonymous_5)
DA:1,4
DA:2,4
DA:4,4
DA:6,4
DA:7,6
DA:10,1
DA:18,1
DA:22,2
DA:23,2
DA:24,1
DA:28,1
DA:29,1
DA:33,1
DA:38,1
DA:39,1
DA:40,1
DA:44,1
DA:45,1
DA:46,1
LF:19
LH:19
BRDA:7,0,0,6
BRDA:23,1,0,1
BRDA:23,1,1,1
BRDA:39,2,0,0
BRDA:39,2,1,1
BRDA:45,3,0,0
BRDA:45,3,1,1
BRF:7
BRH:5
end_of_record
TN:
SF:src\modules\likes\like.model.ts
FNF:0
FNH:0
DA:1,4
DA:9,4
DA:33,4
DA:35,4
LF:4
LH:4
BRF:0
BRH:0
end_of_record
TN:
SF:src\modules\likes\likes.repo.ts
FN:5,(anonymous_0)
FN:16,(anonymous_1)
FN:24,(anonymous_2)
FN:32,(anonymous_3)
FN:38,(anonymous_4)
FN:44,(anonymous_5)
FNF:6
FNH:1
FNDA:0,(anonymous_0)
FNDA:0,(anonymous_1)
FNDA:0,(anonymous_2)
FNDA:6,(anonymous_3)
FNDA:0,(anonymous_4)
FNDA:0,(anonymous_5)
DA:2,4
DA:4,4
DA:9,0
DA:20,0
DA:21,0
DA:28,0
DA:29,0
DA:35,6
DA:41,0
DA:47,0
LF:10
LH:3
BRF:0
BRH:0
end_of_record
TN:
SF:src\modules\likes\likes.service.ts
FN:4,(anonymous_0)
FN:7,(anonymous_1)
FN:30,(anonymous_2)
FN:37,(anonymous_3)
FN:47,(anonymous_4)
FN:51,(anonymous_5)
FN:55,(anonymous_6)
FNF:7
FNH:0
FNDA:0,(anonymous_0)
FNDA:0,(anonymous_1)
FNDA:0,(anonymous_2)
FNDA:0,(anonymous_3)
FNDA:0,(anonymous_4)
FNDA:0,(anonymous_5)
FNDA:0,(anonymous_6)
DA:1,4
DA:2,4
DA:4,4
DA:5,0
DA:8,0
DA:9,0
DA:11,0
DA:16,0
DA:17,0
DA:20,0
DA:21,0
DA:23,0
DA:24,0
DA:26,0
DA:31,0
DA:32,0
DA:34,0
DA:41,0
DA:48,0
DA:52,0
DA:56,0
LF:21
LH:3
BRDA:16,0,0,0
BRDA:16,0,1,0
BRDA:23,1,0,0
BRDA:23,1,1,0
BRF:4
BRH:0
end_of_record
TN:
SF:src\modules\recipes\ai.service.ts
FN:4,(anonymous_0)
FN:12,(anonymous_1)
FNF:2
FNH:1
FNDA:12,(anonymous_0)
FNDA:0,(anonymous_1)
DA:1,4
DA:5,12
DA:7,12
DA:8,12
DA:13,0
DA:14,0
DA:15,0
DA:18,0
DA:20,0
DA:48,0
DA:49,0
DA:60,0
DA:62,0
DA:63,0
DA:64,0
DA:67,0
DA:69,0
DA:70,0
DA:72,0
DA:73,0
DA:74,0
DA:77,0
DA:79,0
DA:82,0
DA:83,0
LF:25
LH:4
BRDA:5,0,0,12
BRDA:5,0,1,12
BRDA:7,1,0,12
BRDA:7,1,1,0
BRDA:13,2,0,0
BRDA:13,2,1,0
BRDA:62,3,0,0
BRDA:62,3,1,0
BRDA:62,4,0,0
BRDA:62,4,1,0
BRDA:72,5,0,0
BRDA:72,5,1,0
BRDA:72,6,0,0
BRDA:72,6,1,0
BRF:14
BRH:3
end_of_record
TN:
SF:src\modules\recipes\recipe.mapper.ts
FN:3,toRecipeDTO
FNF:1
FNH:1
FNDA:6,toRecipeDTO
DA:3,4
DA:5,6
DA:10,6
LF:3
LH:3
BRDA:5,0,0,6
BRDA:5,0,1,6
BRDA:5,0,2,6
BRDA:5,0,3,6
BRDA:6,1,0,0
BRDA:6,1,1,6
BRDA:6,2,0,0
BRDA:6,2,1,0
BRDA:11,3,0,6
BRDA:11,3,1,0
BRDA:11,3,2,0
BRDA:12,4,0,6
BRDA:12,4,1,0
BRDA:13,5,0,6
BRDA:13,5,1,5
BRDA:13,5,2,5
BRDA:16,6,0,6
BRDA:16,6,1,4
BRDA:17,7,0,6
BRDA:17,7,1,0
BRDA:18,8,0,6
BRDA:18,8,1,4
BRDA:19,9,0,6
BRDA:19,9,1,4
BRDA:20,10,0,6
BRDA:20,10,1,4
BRDA:22,11,0,6
BRDA:22,11,1,0
BRDA:23,12,0,6
BRDA:23,12,1,0
BRDA:24,13,0,6
BRDA:24,13,1,6
BRDA:25,14,0,6
BRDA:25,14,1,6
BRDA:27,15,0,6
BRDA:27,15,1,6
BRDA:28,16,0,6
BRDA:28,16,1,6
BRDA:29,17,0,6
BRDA:29,17,1,0
BRDA:30,18,0,6
BRDA:30,18,1,0
BRDA:30,19,0,0
BRDA:30,19,1,0
BRF:44
BRH:31
end_of_record
TN:
SF:src\modules\recipes\recipe.service.ts
FN:13,(anonymous_0)
FN:18,(anonymous_1)
FN:49,(anonymous_2)
FN:60,(anonymous_3)
FN:62,(anonymous_4)
FN:70,(anonymous_5)
FN:72,(anonymous_6)
FN:80,(anonymous_7)
FN:106,(anonymous_8)
FNF:9
FNH:8
FNDA:12,(anonymous_0)
FNDA:2,(anonymous_1)
FNDA:3,(anonymous_2)
FNDA:1,(anonymous_3)
FNDA:0,(anonymous_4)
FNDA:2,(anonymous_5)
FNDA:1,(anonymous_6)
FNDA:2,(anonymous_7)
FNDA:2,(anonymous_8)
DA:1,4
DA:8,4
DA:9,4
DA:10,4
DA:11,4
DA:13,4
DA:14,12
DA:15,12
DA:16,12
DA:19,2
DA:21,2
DA:43,2
DA:44,2
DA:45,2
DA:46,2
DA:50,3
DA:51,3
DA:53,1
DA:54,1
DA:55,1
DA:56,1
DA:57,1
DA:61,1
DA:62,1
DA:63,0
DA:64,0
DA:65,0
DA:66,0
DA:71,2
DA:72,2
DA:73,1
DA:74,1
DA:75,1
DA:76,1
DA:85,2
DA:87,2
DA:88,1
DA:90,2
DA:91,0
DA:93,2
DA:94,0
DA:97,2
DA:98,2
DA:100,1
DA:101,1
DA:102,1
DA:103,1
DA:107,2
DA:108,2
DA:110,1
DA:111,1
DA:112,1
DA:113,1
LF:53
LH:47
BRDA:22,0,0,2
BRDA:22,0,1,0
BRDA:24,1,0,0
BRDA:24,1,1,2
BRDA:28,2,0,2
BRDA:28,2,1,1
BRDA:29,3,0,2
BRDA:29,3,1,1
BRDA:30,4,0,2
BRDA:30,4,1,1
BRDA:31,5,0,2
BRDA:31,5,1,1
BRDA:32,6,0,2
BRDA:32,6,1,1
BRDA:33,7,0,2
BRDA:33,7,1,0
BRDA:36,8,0,2
BRDA:36,8,1,2
BRDA:37,9,0,2
BRDA:37,9,1,2
BRDA:38,10,0,2
BRDA:38,10,1,0
BRDA:39,11,0,0
BRDA:39,11,1,2
BRDA:40,12,0,2
BRDA:40,12,1,0
BRDA:51,13,0,2
BRDA:51,13,1,1
BRDA:87,14,0,1
BRDA:87,14,1,1
BRDA:90,15,0,0
BRDA:90,15,1,2
BRDA:93,16,0,0
BRDA:93,16,1,2
BRDA:98,17,0,1
BRDA:98,17,1,1
BRDA:108,18,0,1
BRDA:108,18,1,1
BRF:38
BRH:30
end_of_record
TN:
SF:src\modules\recipes\recpies.model.ts
FN:88,(anonymous_0)
FN:89,(anonymous_1)
FN:90,(anonymous_2)
FNF:3
FNH:3
FNDA:2,(anonymous_0)
FNDA:2,(anonymous_1)
FNDA:2,(anonymous_2)
DA:1,4
DA:48,4
DA:55,4
DA:61,4
DA:70,4
DA:88,2
DA:89,2
DA:90,2
DA:93,4
DA:94,4
LF:10
LH:10
BRF:0
BRH:0
end_of_record
TN:
SF:src\modules\recipes\resipes.repo.ts
FN:6,(anonymous_0)
FN:12,(anonymous_1)
FN:18,(anonymous_2)
FN:52,(anonymous_3)
FN:62,(anonymous_4)
FNF:5
FNH:5
FNDA:2,(anonymous_0)
FNDA:3,(anonymous_1)
FNDA:3,(anonymous_2)
FNDA:2,(anonymous_3)
FNDA:2,(anonymous_4)
DA:2,4
DA:5,4
DA:7,2
DA:8,2
DA:9,2
DA:13,3
DA:19,3
DA:21,3
DA:22,3
DA:23,3
DA:25,3
DA:26,0
DA:29,3
DA:31,3
DA:32,0
DA:39,3
DA:40,3
DA:41,3
DA:42,3
DA:44,3
DA:53,2
DA:63,2
LF:22
LH:20
BRDA:21,0,0,0
BRDA:21,0,1,3
BRDA:22,1,0,1
BRDA:22,1,1,2
BRDA:23,2,0,1
BRDA:23,2,1,2
BRDA:25,3,0,0
BRDA:25,3,1,3
BRDA:25,4,0,3
BRDA:25,4,1,0
BRDA:29,5,0,1
BRDA:29,5,1,2
BRDA:31,6,0,0
BRDA:31,6,1,3
BRDA:39,7,0,3
BRDA:39,7,1,3
BRDA:40,8,0,3
BRDA:40,8,1,3
BRDA:41,9,0,3
BRDA:41,9,1,3
BRDA:42,10,0,0
BRDA:42,10,1,3
BRF:22
BRH:17
end_of_record
TN:
SF:src\modules\users\user.model.ts
FN:55,(anonymous_0)
FN:67,(anonymous_1)
FNF:2
FNH:1
FNDA:3,(anonymous_0)
FNDA:0,(anonymous_1)
DA:1,4
DA:18,4
DA:55,3
DA:66,4
DA:68,0
DA:69,0
DA:73,4
LF:7
LH:5
BRF:0
BRH:0
end_of_record
TN:
SF:src\modules\users\user.service.ts
FN:6,(anonymous_1)
FN:9,(anonymous_2)
FN:15,(anonymous_3)
FN:25,(anonymous_4)
FN:27,(anonymous_5)
FN:30,(anonymous_6)
FN:38,(anonymous_7)
FN:57,(anonymous_8)
FN:64,(anonymous_9)
FN:69,(anonymous_10)
FNF:10
FNH:9
FNDA:23,(anonymous_1)
FNDA:8,(anonymous_2)
FNDA:2,(anonymous_3)
FNDA:1,(anonymous_4)
FNDA:1,(anonymous_5)
FNDA:5,(anonymous_6)
FNDA:4,(anonymous_7)
FNDA:2,(anonymous_8)
FNDA:0,(anonymous_9)
FNDA:3,(anonymous_10)
DA:2,4
DA:3,4
DA:4,4
DA:6,4
DA:7,23
DA:10,8
DA:11,8
DA:12,8
DA:16,2
DA:17,2
DA:18,0
DA:21,2
DA:22,2
DA:26,1
DA:27,1
DA:31,5
DA:32,4
DA:33,2
DA:35,2
DA:42,4
DA:46,3
DA:47,0
DA:50,3
DA:51,0
DA:54,3
DA:58,2
DA:59,1
DA:60,0
DA:65,0
DA:66,0
DA:70,3
LF:31
LH:25
BRDA:10,0,0,8
BRDA:10,0,1,0
BRDA:17,1,0,0
BRDA:17,1,1,2
BRDA:32,2,0,2
BRDA:32,2,1,2
BRDA:46,3,0,0
BRDA:46,3,1,3
BRDA:50,4,0,0
BRDA:50,4,1,3
BRDA:59,5,0,0
BRDA:59,5,1,1
BRDA:66,6,0,0
BRDA:66,6,1,0
BRF:14
BRH:7
end_of_record
TN:
SF:src\modules\users\users.repo.ts
FN:5,(anonymous_0)
FN:7,(anonymous_1)
FN:16,(anonymous_2)
FN:20,(anonymous_3)
FN:24,(anonymous_4)
FN:28,(anonymous_5)
FN:32,(anonymous_6)
FN:43,(anonymous_7)
FNF:8
FNH:8
FNDA:23,(anonymous_0)
FNDA:2,(anonymous_1)
FNDA:2,(anonymous_2)
FNDA:5,(anonymous_3)
FNDA:1,(anonymous_4)
FNDA:3,(anonymous_5)
FNDA:4,(anonymous_6)
FNDA:2,(anonymous_7)
DA:1,4
DA:4,4
DA:8,2
DA:13,2
DA:17,2
DA:21,5
DA:25,1
DA:29,3
DA:36,4
DA:44,2
LF:10
LH:10
BRF:0
BRH:0
end_of_record
TN:
SF:src\routes-tsoa\routes.ts
FN:199,RegisterRoutes
FN:216,UsersController_createUser
FN:245,UsersController_getUsers
FN:275,UsersController_getUserById
FN:306,UsersController_updateUser
FN:337,UsersController_updateProfile
FN:374,UsersController_uploadAvatar
FN:404,UsersController_deleteUser
FN:434,RecipeController_generateAIRecipes
FN:464,RecipeController_createRecipe
FN:494,RecipeController_getRecipeById
FN:529,RecipeController_getRecipes
FN:559,RecipeController_getRecipesByUser
FN:590,RecipeController_updateRecipe
FN:620,RecipeController_deleteRecipe
FN:657,RecipeController_uploadImage
FN:687,LikesController_likeRecipe
FN:718,LikesController_unlikeRecipe
FN:749,LikesController_isRecipeLiked
FN:779,LikesController_getRecipeLikesCount
FN:809,LikesController_getUserLikes
FN:839,LikesController_getRecipeLikes
FN:869,CommentsController_createComment
FN:899,CommentsController_getCommentById
FN:929,CommentsController_getCommentsByRecipe
FN:960,CommentsController_updateComment
FN:990,CommentsController_deleteComment
FN:1020,AuthController_register
FN:1050,AuthController_login
FN:1081,AuthController_me
FN:1112,AuthController_logout
FN:1142,AuthController_refresh
FN:1171,authenticateMiddleware
FN:1172,runAuthenticationMiddleware
FN:1180,(anonymous_35)
FN:1200,(anonymous_36)
FNF:36
FNH:26
FNDA:4,RegisterRoutes
FNDA:2,UsersController_createUser
FNDA:1,UsersController_getUsers
FNDA:4,UsersController_getUserById
FNDA:2,UsersController_updateUser
FNDA:2,UsersController_updateProfile
FNDA:0,UsersController_uploadAvatar
FNDA:2,UsersController_deleteUser
FNDA:0,RecipeController_generateAIRecipes
FNDA:2,RecipeController_createRecipe
FNDA:3,RecipeController_getRecipeById
FNDA:2,RecipeController_getRecipes
FNDA:1,RecipeController_getRecipesByUser
FNDA:2,RecipeController_updateRecipe
FNDA:2,RecipeController_deleteRecipe
FNDA:1,RecipeController_uploadImage
FNDA:0,LikesController_likeRecipe
FNDA:0,LikesController_unlikeRecipe
FNDA:0,LikesController_isRecipeLiked
FNDA:0,LikesController_getRecipeLikesCount
FNDA:0,LikesController_getUserLikes
FNDA:0,LikesController_getRecipeLikes
FNDA:1,CommentsController_createComment
FNDA:2,CommentsController_getCommentById
FNDA:1,CommentsController_getCommentsByRecipe
FNDA:1,CommentsController_updateComment
FNDA:1,CommentsController_deleteComment
FNDA:2,AuthController_register
FNDA:4,AuthController_login
FNDA:0,AuthController_me
FNDA:1,AuthController_logout
FNDA:2,AuthController_refresh
FNDA:8,authenticateMiddleware
FNDA:2,runAuthenticationMiddleware
FNDA:1,(anonymous_35)
FNDA:0,(anonymous_36)
DA:5,4
DA:7,4
DA:9,4
DA:11,4
DA:13,4
DA:15,4
DA:16,4
DA:19,4
DA:22,4
DA:27,4
DA:192,4
DA:199,4
DA:206,4
DA:209,4
DA:212,4
DA:220,2
DA:221,2
DA:222,2
DA:224,1
DA:226,1
DA:235,1
DA:239,4
DA:241,4
DA:249,1
DA:250,1
DA:251,1
DA:253,1
DA:255,1
DA:264,0
DA:268,4
DA:271,4
DA:279,4
DA:280,4
DA:281,4
DA:283,4
DA:285,4
DA:294,0
DA:298,4
DA:302,4
DA:310,2
DA:311,2
DA:312,2
DA:314,2
DA:316,2
DA:325,0
DA:329,4
DA:333,4
DA:341,2
DA:342,2
DA:343,2
DA:345,2
DA:347,2
DA:356,0
DA:360,4
DA:364,4
DA:378,0
DA:379,0
DA:380,0
DA:382,0
DA:384,0
DA:393,0
DA:397,4
DA:400,4
DA:408,2
DA:409,2
DA:410,2
DA:412,2
DA:414,2
DA:423,0
DA:427,4
DA:430,4
DA:438,0
DA:439,0
DA:440,0
DA:442,0
DA:444,0
DA:453,0
DA:457,4
DA:460,4
DA:468,2
DA:469,2
DA:470,2
DA:472,2
DA:474,2
DA:483,0
DA:487,4
DA:490,4
DA:498,3
DA:499,3
DA:500,3
DA:502,3
DA:504,3
DA:513,0
DA:517,4
DA:525,4
DA:533,2
DA:534,2
DA:535,2
DA:537,2
DA:539,2
DA:548,0
DA:552,4
DA:555,4
DA:563,1
DA:564,1
DA:565,1
DA:567,1
DA:569,1
DA:578,0
DA:582,4
DA:586,4
DA:594,2
DA:595,2
DA:596,2
DA:598,2
DA:600,2
DA:609,0
DA:613,4
DA:616,4
DA:624,2
DA:625,2
DA:626,2
DA:628,2
DA:630,2
DA:639,0
DA:643,4
DA:647,4
DA:661,1
DA:662,1
DA:663,1
DA:665,0
DA:667,0
DA:676,1
DA:680,4
DA:683,4
DA:691,0
DA:692,0
DA:693,0
DA:695,0
DA:697,0
DA:706,0
DA:710,4
DA:714,4
DA:722,0
DA:723,0
DA:724,0
DA:726,0
DA:728,0
DA:737,0
DA:741,4
DA:745,4
DA:753,0
DA:754,0
DA:755,0
DA:757,0
DA:759,0
DA:768,0
DA:772,4
DA:775,4
DA:783,0
DA:784,0
DA:785,0
DA:787,0
DA:789,0
DA:798,0
DA:802,4
DA:805,4
DA:813,0
DA:814,0
DA:815,0
DA:817,0
DA:819,0
DA:828,0
DA:832,4
DA:835,4
DA:843,0
DA:844,0
DA:845,0
DA:847,0
DA:849,0
DA:858,0
DA:862,4
DA:865,4
DA:873,1
DA:874,1
DA:875,1
DA:877,1
DA:879,1
DA:888,0
DA:892,4
DA:895,4
DA:903,2
DA:904,2
DA:905,2
DA:907,2
DA:909,2
DA:918,0
DA:922,4
DA:925,4
DA:933,1
DA:934,1
DA:935,1
DA:937,1
DA:939,1
DA:948,0
DA:952,4
DA:956,4
DA:964,1
DA:965,1
DA:966,1
DA:968,1
DA:970,1
DA:979,0
DA:983,4
DA:986,4
DA:994,1
DA:995,1
DA:996,1
DA:998,1
DA:1000,1
DA:1009,0
DA:1013,4
DA:1016,4
DA:1024,2
DA:1025,2
DA:1026,2
DA:1028,1
DA:1030,1
DA:1039,1
DA:1043,4
DA:1046,4
DA:1054,4
DA:1055,4
DA:1056,4
DA:1058,3
DA:1060,3
DA:1069,1
DA:1073,4
DA:1076,4
DA:1085,0
DA:1086,0
DA:1087,0
DA:1089,0
DA:1091,0
DA:1100,0
DA:1104,4
DA:1107,4
DA:1116,1
DA:1117,1
DA:1118,1
DA:1120,1
DA:1122,1
DA:1131,0
DA:1135,4
DA:1138,4
DA:1146,2
DA:1147,2
DA:1148,2
DA:1150,1
DA:1152,1
DA:1161,1
DA:1172,8
DA:1179,2
DA:1180,2
DA:1181,1
DA:1182,1
DA:1185,2
DA:1186,2
DA:1187,2
DA:1188,0
DA:1190,0
DA:1191,0
DA:1199,0
DA:1200,0
DA:1202,2
DA:1203,2
DA:1213,2
DA:1214,2
DA:1217,1
DA:1218,0
DA:1221,1
DA:1225,1
DA:1226,1
DA:1229,1
DA:1230,0
DA:1232,1
LF:286
LH:206
BRDA:206,0,0,4
BRDA:206,0,1,4
BRDA:1171,1,0,0
BRDA:1187,2,0,0
BRDA:1187,2,1,2
BRDA:1217,3,0,0
BRDA:1217,3,1,1
BRDA:1226,4,0,1
BRDA:1226,4,1,0
BRDA:1229,5,0,0
BRDA:1229,5,1,1
BRF:11
BRH:6
end_of_record
